<?xml version="1.0" encoding="UTF-8"?>
<testsuites name="card-consents" time="10.351" tests="1" failures="1" errors="0">
   <testsuite name="card-consents" tests="1" failures="1" errors="0" time="10.351" skipped="0" timestamp="07-10-2024T14:04:57" hostname="Mayuresh.Sonar - CCE1019.accelya.local" id="Test Suites/TIP_Management/card-consents">
      <properties>
         <property name="deviceName" value=""/>
         <property name="devicePlatform" value=""/>
         <property name="logFolder" value="C:\\Users\\mayuresh.sonar\\KatalonStudio\\DataMigration\\NFE-API-automationK\\Reports\\20241007_140451\\TIP_Management\\card-consents\\20241007_140451"/>
         <property name="logFiles" value="C:\\Users\\mayuresh.sonar\\KatalonStudio\\DataMigration\\NFE-API-automationK\\Reports\\20241007_140451\\TIP_Management\\card-consents\\20241007_140451\\execution0.log"/>
         <property name="attachments" value=""/>
         <property name="hostName" value="Mayuresh.Sonar - CCE1019.accelya.local"/>
         <property name="hostAddress" value="192.168.0.104"/>
         <property name="os" value="Windows 11 64bit"/>
         <property name="katalonVersion" value="9.4.4.212"/>
      </properties>
      <testcase name="Test Cases/TIP_Management/card-consents/FCA-15725_GET_TIP_Card_Consent_by_Id" time="9.88" classname="Test Cases/TIP_Management/card-consents/FCA-15725_GET_TIP_Card_Consent_by_Id" status="FAILED">
         <failure type="FAILED" message="Test Cases/TIP_Management/card-consents/FCA-15725_GET_TIP_Card_Consent_by_Id FAILED.&#xa;Reason:&#xa;com.kms.katalon.core.exception.StepFailedException: Test Case FAILED!! Open After Test Case Step to see the Failed Fields&#xa;	at com.kms.katalon.core.util.KeywordUtil.markFailed(KeywordUtil.java:19)&#xa;	at FCA-15725_GET_TIP_Card_Consent_by_Id.run(FCA-15725_GET_TIP_Card_Consent_by_Id:209)&#xa;	at com.kms.katalon.core.main.ScriptEngine.run(ScriptEngine.java:194)&#xa;	at com.kms.katalon.core.main.ScriptEngine.runScriptAsRawText(ScriptEngine.java:119)&#xa;	at com.kms.katalon.core.main.TestCaseExecutor.runScript(TestCaseExecutor.java:448)&#xa;	at com.kms.katalon.core.main.TestCaseExecutor.doExecute(TestCaseExecutor.java:439)&#xa;	at com.kms.katalon.core.main.TestCaseExecutor.processExecutionPhase(TestCaseExecutor.java:418)&#xa;	at com.kms.katalon.core.main.TestCaseExecutor.accessMainPhase(TestCaseExecutor.java:410)&#xa;	at com.kms.katalon.core.main.TestCaseExecutor.execute(TestCaseExecutor.java:285)&#xa;	at com.kms.katalon.core.common.CommonExecutor.accessTestCaseMainPhase(CommonExecutor.java:65)&#xa;	at com.kms.katalon.core.main.TestSuiteExecutor.accessTestSuiteMainPhase(TestSuiteExecutor.java:150)&#xa;	at com.kms.katalon.core.main.TestSuiteExecutor.execute(TestSuiteExecutor.java:106)&#xa;	at com.kms.katalon.core.main.TestCaseMain.startTestSuite(TestCaseMain.java:180)&#xa;	at TempTestSuite1728290091355.run(TempTestSuite1728290091355.groovy:35)&#xa;	at java.base/jdk.internal.reflect.NativeMethodAccessorImpl.invoke0(Native Method)&#xa;	at java.base/jdk.internal.reflect.NativeMethodAccessorImpl.invoke(NativeMethodAccessorImpl.java:77)&#xa;	at java.base/jdk.internal.reflect.DelegatingMethodAccessorImpl.invoke(DelegatingMethodAccessorImpl.java:43)&#xa;"/>
         <system-out><![CDATA[07-10-2024T14:04:57 - [TEST_CASE][FAILED] - Test Cases/TIP_Management/card-consents/FCA-15725_GET_TIP_Card_Consent_by_Id: Test Cases/TIP_Management/card-consents/FCA-15725_GET_TIP_Card_Consent_by_Id FAILED.
Reason:
com.kms.katalon.core.exception.StepFailedException: Test Case FAILED!! Open After Test Case Step to see the Failed Fields
	at com.kms.katalon.core.util.KeywordUtil.markFailed(KeywordUtil.java:19)
	at FCA-15725_GET_TIP_Card_Consent_by_Id.run(FCA-15725_GET_TIP_Card_Consent_by_Id:209)
	at com.kms.katalon.core.main.ScriptEngine.run(ScriptEngine.java:194)
	at com.kms.katalon.core.main.ScriptEngine.runScriptAsRawText(ScriptEngine.java:119)
	at com.kms.katalon.core.main.TestCaseExecutor.runScript(TestCaseExecutor.java:448)
	at com.kms.katalon.core.main.TestCaseExecutor.doExecute(TestCaseExecutor.java:439)
	at com.kms.katalon.core.main.TestCaseExecutor.processExecutionPhase(TestCaseExecutor.java:418)
	at com.kms.katalon.core.main.TestCaseExecutor.accessMainPhase(TestCaseExecutor.java:410)
	at com.kms.katalon.core.main.TestCaseExecutor.execute(TestCaseExecutor.java:285)
	at com.kms.katalon.core.common.CommonExecutor.accessTestCaseMainPhase(CommonExecutor.java:65)
	at com.kms.katalon.core.main.TestSuiteExecutor.accessTestSuiteMainPhase(TestSuiteExecutor.java:150)
	at com.kms.katalon.core.main.TestSuiteExecutor.execute(TestSuiteExecutor.java:106)
	at com.kms.katalon.core.main.TestCaseMain.startTestSuite(TestCaseMain.java:180)
	at TempTestSuite1728290091355.run(TempTestSuite1728290091355.groovy:35)
	at java.base/jdk.internal.reflect.NativeMethodAccessorImpl.invoke0(Native Method)
	at java.base/jdk.internal.reflect.NativeMethodAccessorImpl.invoke(NativeMethodAccessorImpl.java:77)
	at java.base/jdk.internal.reflect.DelegatingMethodAccessorImpl.invoke(DelegatingMethodAccessorImpl.java:43)


07-10-2024T14:04:59 - [TEST_STEP][PASSED] - Start listener action : Before: Invoke 'com.kms.katalon.core.annotation.BeforeTestCase' method: 'TestListener.Before(...)' completed.

07-10-2024T14:04:59 - [MESSAGE][INFO] - Starting invoke 'com.kms.katalon.core.annotation.BeforeTestCase' method: 'TestListener.Before(...)'

07-10-2024T14:04:59 - [TEST_STEP][PASSED] - tc_description = testCaseContext.getMessage(): null

07-10-2024T14:04:59 - [TEST_STEP][PASSED] - tcName = testCaseId: null

07-10-2024T14:04:59 - [TEST_STEP][PASSED] - println(tcName): null

07-10-2024T14:04:59 - [TEST_STEP][PASSED] - reporting.ExtentReporting.startTest(reportPath, testSuiteName, tcName, tc_description, author, "Extent Test", reportFile): Invoke 'com.kms.katalon.core.annotation.BeforeTestCase' method: 'TestListener.Before(...)' completed.

07-10-2024T14:04:59 - [MESSAGE][INFO] - Checking test data id

07-10-2024T14:04:59 - [MESSAGE][INFO] - Finding test data with id 'Data Files/Common/Users'

07-10-2024T14:04:59 - [MESSAGE][INFO] - Test data is excel file, reading excel file

07-10-2024T14:04:59 - [MESSAGE][INFO] - Reading excel file with source file 'C:\Users\mayuresh.sonar\KatalonStudio\DataMigration\NFE-API-automationK\Data Files\TestData.xlsx' and sheet name 'users'

07-10-2024T14:04:59 - [MESSAGE][INFO] - Checking test data id

07-10-2024T14:04:59 - [MESSAGE][INFO] - Finding test data with id 'Data Files/Common/Users'

07-10-2024T14:04:59 - [MESSAGE][INFO] - Test data is excel file, reading excel file

07-10-2024T14:04:59 - [MESSAGE][INFO] - Reading excel file with source file 'C:\Users\mayuresh.sonar\KatalonStudio\DataMigration\NFE-API-automationK\Data Files\TestData.xlsx' and sheet name 'users'

07-10-2024T14:04:59 - [MESSAGE][INFO] - Checking test data id

07-10-2024T14:04:59 - [MESSAGE][INFO] - Finding test data with id 'Data Files/Common/Users'

07-10-2024T14:04:59 - [MESSAGE][INFO] - Test data is excel file, reading excel file

07-10-2024T14:04:59 - [MESSAGE][INFO] - Reading excel file with source file 'C:\Users\mayuresh.sonar\KatalonStudio\DataMigration\NFE-API-automationK\Data Files\TestData.xlsx' and sheet name 'users'

07-10-2024T14:04:59 - [MESSAGE][INFO] - Checking test data id

07-10-2024T14:04:59 - [MESSAGE][INFO] - Finding test data with id 'Data Files/Common/Users'

07-10-2024T14:04:59 - [MESSAGE][INFO] - Test data is excel file, reading excel file

07-10-2024T14:04:59 - [MESSAGE][INFO] - Reading excel file with source file 'C:\Users\mayuresh.sonar\KatalonStudio\DataMigration\NFE-API-automationK\Data Files\TestData.xlsx' and sheet name 'users'

07-10-2024T14:04:59 - [MESSAGE][INFO] - Checking test data id

07-10-2024T14:04:59 - [MESSAGE][INFO] - Finding test data with id 'Data Files/Common/Users'

07-10-2024T14:04:59 - [MESSAGE][INFO] - Test data is excel file, reading excel file

07-10-2024T14:04:59 - [MESSAGE][INFO] - Reading excel file with source file 'C:\Users\mayuresh.sonar\KatalonStudio\DataMigration\NFE-API-automationK\Data Files\TestData.xlsx' and sheet name 'users'

07-10-2024T14:04:59 - [MESSAGE][INFO] - Checking test data id

07-10-2024T14:04:59 - [MESSAGE][INFO] - Finding test data with id 'Data Files/Common/Users'

07-10-2024T14:04:59 - [MESSAGE][INFO] - Test data is excel file, reading excel file

07-10-2024T14:04:59 - [MESSAGE][INFO] - Reading excel file with source file 'C:\Users\mayuresh.sonar\KatalonStudio\DataMigration\NFE-API-automationK\Data Files\TestData.xlsx' and sheet name 'users'

07-10-2024T14:04:59 - [MESSAGE][INFO] - Checking test data id

07-10-2024T14:04:59 - [MESSAGE][INFO] - Finding test data with id 'Data Files/Common/Users'

07-10-2024T14:04:59 - [MESSAGE][INFO] - Test data is excel file, reading excel file

07-10-2024T14:04:59 - [MESSAGE][INFO] - Reading excel file with source file 'C:\Users\mayuresh.sonar\KatalonStudio\DataMigration\NFE-API-automationK\Data Files\TestData.xlsx' and sheet name 'users'

07-10-2024T14:04:59 - [MESSAGE][INFO] - Checking test data id

07-10-2024T14:04:59 - [MESSAGE][INFO] - Finding test data with id 'Data Files/Common/Users'

07-10-2024T14:04:59 - [MESSAGE][INFO] - Test data is excel file, reading excel file

07-10-2024T14:04:59 - [MESSAGE][INFO] - Reading excel file with source file 'C:\Users\mayuresh.sonar\KatalonStudio\DataMigration\NFE-API-automationK\Data Files\TestData.xlsx' and sheet name 'users'

07-10-2024T14:04:59 - [MESSAGE][INFO] - Checking test data id

07-10-2024T14:04:59 - [MESSAGE][INFO] - Finding test data with id 'Data Files/Common/Users'

07-10-2024T14:04:59 - [MESSAGE][INFO] - Test data is excel file, reading excel file

07-10-2024T14:04:59 - [MESSAGE][INFO] - Reading excel file with source file 'C:\Users\mayuresh.sonar\KatalonStudio\DataMigration\NFE-API-automationK\Data Files\TestData.xlsx' and sheet name 'users'

07-10-2024T14:04:59 - [MESSAGE][INFO] - Checking test data id

07-10-2024T14:04:59 - [MESSAGE][INFO] - Finding test data with id 'Data Files/Common/Users'

07-10-2024T14:04:59 - [MESSAGE][INFO] - Test data is excel file, reading excel file

07-10-2024T14:04:59 - [MESSAGE][INFO] - Reading excel file with source file 'C:\Users\mayuresh.sonar\KatalonStudio\DataMigration\NFE-API-automationK\Data Files\TestData.xlsx' and sheet name 'users'

07-10-2024T14:05:00 - [MESSAGE][INFO] - Checking test data id

07-10-2024T14:05:00 - [MESSAGE][INFO] - Finding test data with id 'Data Files/Common/Users'

07-10-2024T14:05:00 - [MESSAGE][INFO] - Test data is excel file, reading excel file

07-10-2024T14:05:00 - [MESSAGE][INFO] - Reading excel file with source file 'C:\Users\mayuresh.sonar\KatalonStudio\DataMigration\NFE-API-automationK\Data Files\TestData.xlsx' and sheet name 'users'

07-10-2024T14:05:00 - [MESSAGE][INFO] - Checking test data id

07-10-2024T14:05:00 - [MESSAGE][INFO] - Finding test data with id 'Data Files/Common/Users'

07-10-2024T14:05:00 - [MESSAGE][INFO] - Test data is excel file, reading excel file

07-10-2024T14:05:00 - [MESSAGE][INFO] - Reading excel file with source file 'C:\Users\mayuresh.sonar\KatalonStudio\DataMigration\NFE-API-automationK\Data Files\TestData.xlsx' and sheet name 'users'

07-10-2024T14:05:00 - [MESSAGE][INFO] - Checking test data id

07-10-2024T14:05:00 - [MESSAGE][INFO] - Finding test data with id 'Data Files/Common/Users'

07-10-2024T14:05:00 - [MESSAGE][INFO] - Test data is excel file, reading excel file

07-10-2024T14:05:00 - [MESSAGE][INFO] - Reading excel file with source file 'C:\Users\mayuresh.sonar\KatalonStudio\DataMigration\NFE-API-automationK\Data Files\TestData.xlsx' and sheet name 'users'

07-10-2024T14:05:00 - [MESSAGE][INFO] - Checking test data id

07-10-2024T14:05:00 - [MESSAGE][INFO] - Finding test data with id 'Data Files/Common/Users'

07-10-2024T14:05:00 - [MESSAGE][INFO] - Test data is excel file, reading excel file

07-10-2024T14:05:00 - [MESSAGE][INFO] - Reading excel file with source file 'C:\Users\mayuresh.sonar\KatalonStudio\DataMigration\NFE-API-automationK\Data Files\TestData.xlsx' and sheet name 'users'

07-10-2024T14:05:00 - [MESSAGE][INFO] - Checking test data id

07-10-2024T14:05:00 - [MESSAGE][INFO] - Finding test data with id 'Data Files/Common/Users'

07-10-2024T14:05:00 - [MESSAGE][INFO] - Test data is excel file, reading excel file

07-10-2024T14:05:00 - [MESSAGE][INFO] - Reading excel file with source file 'C:\Users\mayuresh.sonar\KatalonStudio\DataMigration\NFE-API-automationK\Data Files\TestData.xlsx' and sheet name 'users'

07-10-2024T14:05:00 - [MESSAGE][INFO] - Checking test data id

07-10-2024T14:05:00 - [MESSAGE][INFO] - Finding test data with id 'Data Files/Common/Users'

07-10-2024T14:05:00 - [MESSAGE][INFO] - Test data is excel file, reading excel file

07-10-2024T14:05:00 - [MESSAGE][INFO] - Reading excel file with source file 'C:\Users\mayuresh.sonar\KatalonStudio\DataMigration\NFE-API-automationK\Data Files\TestData.xlsx' and sheet name 'users'

07-10-2024T14:05:00 - [MESSAGE][INFO] - Checking test data id

07-10-2024T14:05:00 - [MESSAGE][INFO] - Finding test data with id 'Data Files/Common/Users'

07-10-2024T14:05:00 - [MESSAGE][INFO] - Test data is excel file, reading excel file

07-10-2024T14:05:00 - [MESSAGE][INFO] - Reading excel file with source file 'C:\Users\mayuresh.sonar\KatalonStudio\DataMigration\NFE-API-automationK\Data Files\TestData.xlsx' and sheet name 'users'

07-10-2024T14:05:00 - [MESSAGE][INFO] - Checking test data id

07-10-2024T14:05:00 - [MESSAGE][INFO] - Finding test data with id 'Data Files/Common/Users'

07-10-2024T14:05:00 - [MESSAGE][INFO] - Test data is excel file, reading excel file

07-10-2024T14:05:00 - [MESSAGE][INFO] - Reading excel file with source file 'C:\Users\mayuresh.sonar\KatalonStudio\DataMigration\NFE-API-automationK\Data Files\TestData.xlsx' and sheet name 'users'

07-10-2024T14:05:00 - [MESSAGE][INFO] - Checking test data id

07-10-2024T14:05:00 - [MESSAGE][INFO] - Finding test data with id 'Data Files/Common/Users'

07-10-2024T14:05:00 - [MESSAGE][INFO] - Test data is excel file, reading excel file

07-10-2024T14:05:00 - [MESSAGE][INFO] - Reading excel file with source file 'C:\Users\mayuresh.sonar\KatalonStudio\DataMigration\NFE-API-automationK\Data Files\TestData.xlsx' and sheet name 'users'

07-10-2024T14:05:00 - [MESSAGE][INFO] - Checking test data id

07-10-2024T14:05:00 - [MESSAGE][INFO] - Finding test data with id 'Data Files/Common/Users'

07-10-2024T14:05:00 - [MESSAGE][INFO] - Test data is excel file, reading excel file

07-10-2024T14:05:00 - [MESSAGE][INFO] - Reading excel file with source file 'C:\Users\mayuresh.sonar\KatalonStudio\DataMigration\NFE-API-automationK\Data Files\TestData.xlsx' and sheet name 'users'

07-10-2024T14:05:00 - [MESSAGE][INFO] - Checking test data id

07-10-2024T14:05:00 - [MESSAGE][INFO] - Finding test data with id 'Data Files/Common/Users'

07-10-2024T14:05:00 - [MESSAGE][INFO] - Test data is excel file, reading excel file

07-10-2024T14:05:00 - [MESSAGE][INFO] - Reading excel file with source file 'C:\Users\mayuresh.sonar\KatalonStudio\DataMigration\NFE-API-automationK\Data Files\TestData.xlsx' and sheet name 'users'

07-10-2024T14:05:00 - [MESSAGE][INFO] - Checking test data id

07-10-2024T14:05:00 - [MESSAGE][INFO] - Finding test data with id 'Data Files/Common/Users'

07-10-2024T14:05:00 - [MESSAGE][INFO] - Test data is excel file, reading excel file

07-10-2024T14:05:00 - [MESSAGE][INFO] - Reading excel file with source file 'C:\Users\mayuresh.sonar\KatalonStudio\DataMigration\NFE-API-automationK\Data Files\TestData.xlsx' and sheet name 'users'

07-10-2024T14:05:00 - [MESSAGE][INFO] - Checking test data id

07-10-2024T14:05:00 - [MESSAGE][INFO] - Finding test data with id 'Data Files/Common/Users'

07-10-2024T14:05:00 - [MESSAGE][INFO] - Test data is excel file, reading excel file

07-10-2024T14:05:00 - [MESSAGE][INFO] - Reading excel file with source file 'C:\Users\mayuresh.sonar\KatalonStudio\DataMigration\NFE-API-automationK\Data Files\TestData.xlsx' and sheet name 'users'

07-10-2024T14:05:00 - [MESSAGE][INFO] - Checking test data id

07-10-2024T14:05:00 - [MESSAGE][INFO] - Finding test data with id 'Data Files/Common/Users'

07-10-2024T14:05:00 - [MESSAGE][INFO] - Test data is excel file, reading excel file

07-10-2024T14:05:00 - [MESSAGE][INFO] - Reading excel file with source file 'C:\Users\mayuresh.sonar\KatalonStudio\DataMigration\NFE-API-automationK\Data Files\TestData.xlsx' and sheet name 'users'

07-10-2024T14:05:00 - [MESSAGE][INFO] - Checking test data id

07-10-2024T14:05:00 - [MESSAGE][INFO] - Finding test data with id 'Data Files/Common/Users'

07-10-2024T14:05:00 - [MESSAGE][INFO] - Test data is excel file, reading excel file

07-10-2024T14:05:00 - [MESSAGE][INFO] - Reading excel file with source file 'C:\Users\mayuresh.sonar\KatalonStudio\DataMigration\NFE-API-automationK\Data Files\TestData.xlsx' and sheet name 'users'

07-10-2024T14:05:00 - [MESSAGE][INFO] - Checking test data id

07-10-2024T14:05:00 - [MESSAGE][INFO] - Finding test data with id 'Data Files/Common/Users'

07-10-2024T14:05:00 - [MESSAGE][INFO] - Test data is excel file, reading excel file

07-10-2024T14:05:00 - [MESSAGE][INFO] - Reading excel file with source file 'C:\Users\mayuresh.sonar\KatalonStudio\DataMigration\NFE-API-automationK\Data Files\TestData.xlsx' and sheet name 'users'

07-10-2024T14:05:01 - [MESSAGE][PASSED] - reporting.ExtentReporting.startTest is PASSED

07-10-2024T14:05:01 - [MESSAGE][INFO] - Invoke 'com.kms.katalon.core.annotation.BeforeTestCase' method: 'TestListener.Before(...)' completed.

07-10-2024T14:05:02 - [TEST_STEP][FAILED] - if (flag == "Y"): Test Case FAILED!! Open After Test Case Step to see the Failed Fields

07-10-2024T14:05:02 - [TEST_STEP][PASSED] - path = endPoint: null

07-10-2024T14:05:02 - [TEST_STEP][PASSED] - URL_QA = baseURL_QA + "/" + basePathAPI + "/" + path: null

07-10-2024T14:05:02 - [TEST_STEP][PASSED] - queryResponseQA = sendRequest(findTestObject("CommonRequest/GET_Method_QA", ["token":airlineQA_001_67723190, "endPoint":path])): Send request successfully

07-10-2024T14:05:02 - [MESSAGE][INFO] - Finding Test Object 'Object Repository/CommonRequest/GET_Method_QA'

07-10-2024T14:05:03 - [MESSAGE][INFO] - Checking request object

07-10-2024T14:05:05 - [MESSAGE][INFO] - HAR: C:\Users\mayuresh.sonar\KatalonStudio\DataMigration\NFE-API-automationK\Reports\20241007_140451\TIP_Management\card-consents\20241007_140451\requests\main\0.har

07-10-2024T14:05:05 - [MESSAGE][PASSED] - Send request successfully

07-10-2024T14:05:05 - [TEST_STEP][PASSED] - verifyResponseStatusCode(queryResponseQA, 200): Verify response status code successfully

07-10-2024T14:05:05 - [MESSAGE][INFO] - Checking response object

07-10-2024T14:05:05 - [MESSAGE][PASSED] - Verify response status code successfully

07-10-2024T14:05:05 - [TEST_STEP][PASSED] - responseQA = queryResponseQA.getResponseBodyContent(): null

07-10-2024T14:05:05 - [TEST_STEP][PASSED] - URL_QAMIG = baseURL_QA_MIG + "/" + basePathAPI + "/" + path: null

07-10-2024T14:05:05 - [TEST_STEP][PASSED] - queryResponseQAMIG = sendRequest(findTestObject("CommonRequest/GET_Method_QA_MIG", ["token":airlineQAMIG_001_67723190, "endPoint":path])): Send request successfully

07-10-2024T14:05:05 - [MESSAGE][INFO] - Finding Test Object 'Object Repository/CommonRequest/GET_Method_QA_MIG'

07-10-2024T14:05:05 - [MESSAGE][INFO] - Checking request object

07-10-2024T14:05:06 - [MESSAGE][INFO] - HAR: C:\Users\mayuresh.sonar\KatalonStudio\DataMigration\NFE-API-automationK\Reports\20241007_140451\TIP_Management\card-consents\20241007_140451\requests\main\1.har

07-10-2024T14:05:06 - [MESSAGE][PASSED] - Send request successfully

07-10-2024T14:05:06 - [TEST_STEP][PASSED] - verifyResponseStatusCode(queryResponseQAMIG, 200): Verify response status code successfully

07-10-2024T14:05:06 - [MESSAGE][INFO] - Checking response object

07-10-2024T14:05:06 - [MESSAGE][PASSED] - Verify response status code successfully

07-10-2024T14:05:06 - [TEST_STEP][PASSED] - responseQAMIG = queryResponseQAMIG.getResponseBodyContent(): null

07-10-2024T14:05:06 - [TEST_STEP][PASSED] - ignoreNodesList = Arrays.asList(ignoreNodes.split(",")): null

07-10-2024T14:05:06 - [TEST_STEP][PASSED] - jsonSlurper = new groovy.json.JsonSlurper(): null

07-10-2024T14:05:06 - [TEST_STEP][PASSED] - responseQAObject = jsonSlurper.parseText(responseQA): null

07-10-2024T14:05:06 - [TEST_STEP][PASSED] - jsonObjectQA = responseQAObject: null

07-10-2024T14:05:06 - [TEST_STEP][PASSED] - responseQAMIGObject = jsonSlurper.parseText(responseQAMIG): null

07-10-2024T14:05:06 - [TEST_STEP][PASSED] - jsonObjectQAMIG = responseQAMIGObject: null

07-10-2024T14:05:06 - [TEST_STEP][PASSED] - comparator = compare.CompareJsonResponse.getComparator(ignoreNodes): compare.CompareJsonResponse.getComparator is PASSED

07-10-2024T14:05:06 - [MESSAGE][PASSED] - compare.CompareJsonResponse.getComparator is PASSED

07-10-2024T14:05:06 - [TEST_STEP][PASSED] - compare.GetDifferences.clearSetValues(): compare.GetDifferences.clearSetValues is PASSED

07-10-2024T14:05:06 - [MESSAGE][PASSED] - compare.GetDifferences.clearSetValues is PASSED

07-10-2024T14:05:06 - [TEST_STEP][PASSED] - if (jsonObjectQA.has("records") || jsonObjectQAMIG.has("records")): null

07-10-2024T14:05:06 - [TEST_STEP][PASSED] - else: compare.GetDifferences.setDifferencesFromResult is PASSED

07-10-2024T14:05:06 - [TEST_STEP][PASSED] - ignoreNodesList.each({ java.lang.Object node -> ... }): compare.CompareJsonResponse.removeNode is PASSED

07-10-2024T14:05:06 - [MESSAGE][PASSED] - compare.CompareJsonResponse.removeNode is PASSED

07-10-2024T14:05:06 - [MESSAGE][PASSED] - compare.CompareJsonResponse.removeNode is PASSED

07-10-2024T14:05:06 - [TEST_STEP][PASSED] - compareJSON = JSONCompare.compareJSON(jsonObjectQA, jsonObjectQAMIG, comparator): null

07-10-2024T14:05:06 - [TEST_STEP][PASSED] - compare.GetDifferences.setDifferencesFromResult(compareJSON): compare.GetDifferences.setDifferencesFromResult is PASSED

07-10-2024T14:05:06 - [MESSAGE][WARNING] - Failed Field -> card.cardNumber

07-10-2024T14:05:06 - [MESSAGE][INFO] - Actual Field -> 222240XXXXXX0005

07-10-2024T14:05:06 - [MESSAGE][INFO] - Expected Field -> 519396XXXXXX3485

07-10-2024T14:05:06 - [MESSAGE][INFO] - failedFieldsList -> [org.skyscreamer.jsonassert.FieldComparisonFailure@7915111a]

07-10-2024T14:05:06 - [MESSAGE][PASSED] - compare.GetDifferences.setDifferencesFromResult is PASSED

07-10-2024T14:05:06 - [TEST_STEP][PASSED] - fieldsToBeIgnoredList = ignoreNodesList: null

07-10-2024T14:05:06 - [TEST_STEP][PASSED] - failedList = new java.util.ArrayList(CustomKeywords.compare.GetDifferences.getFailedFieldsList()): compare.GetDifferences.getFailedFieldsList is PASSED

07-10-2024T14:05:06 - [MESSAGE][INFO] - failedFieldsList size -> 1

07-10-2024T14:05:06 - [MESSAGE][PASSED] - compare.GetDifferences.getFailedFieldsList is PASSED

07-10-2024T14:05:06 - [TEST_STEP][PASSED] - missingList = new java.util.ArrayList(CustomKeywords.compare.GetDifferences.getMissingFieldsList()): compare.GetDifferences.getMissingFieldsList is PASSED

07-10-2024T14:05:06 - [MESSAGE][INFO] - missingFieldsList size -> 0

07-10-2024T14:05:06 - [MESSAGE][PASSED] - compare.GetDifferences.getMissingFieldsList is PASSED

07-10-2024T14:05:06 - [TEST_STEP][PASSED] - unexpectedList = new java.util.ArrayList(CustomKeywords.compare.GetDifferences.getUnexpectedFieldsList()): compare.GetDifferences.getUnexpectedFieldsList is PASSED

07-10-2024T14:05:06 - [MESSAGE][INFO] - unexpectedFieldsList size -> 3

07-10-2024T14:05:06 - [MESSAGE][PASSED] - compare.GetDifferences.getUnexpectedFieldsList is PASSED

07-10-2024T14:05:06 - [TEST_STEP][FAILED] - if (failedList.size() > 0): Test Case FAILED!! Open After Test Case Step to see the Failed Fields

07-10-2024T14:05:06 - [TEST_STEP][FAILED] - markFailed("Test Case FAILED!! Open After Test Case Step to see the Failed Fields"): Test Case FAILED!! Open After Test Case Step to see the Failed Fields

07-10-2024T14:05:06 - [MESSAGE][FAILED] - Test Case FAILED!! Open After Test Case Step to see the Failed Fields

07-10-2024T14:05:06 - [TEST_STEP][FAILED] - Start listener action : afterTestCase: null

07-10-2024T14:05:06 - [MESSAGE][INFO] - Starting invoke 'com.kms.katalon.core.annotation.AfterTestCase' method: 'TestListener.afterTestCase(...)'

07-10-2024T14:05:06 - [TEST_STEP][PASSED] - logInfo(testCaseContext.getTestCaseId()): Test Cases/TIP_Management/card-consents/FCA-15725_GET_TIP_Card_Consent_by_Id

07-10-2024T14:05:06 - [MESSAGE][INFO] - Test Cases/TIP_Management/card-consents/FCA-15725_GET_TIP_Card_Consent_by_Id

07-10-2024T14:05:06 - [TEST_STEP][PASSED] - logInfo(testCaseContext.getTestCaseStatus()): FAILED

07-10-2024T14:05:06 - [MESSAGE][INFO] - FAILED

07-10-2024T14:05:06 - [TEST_STEP][PASSED] - responseQA = getTestCaseVariables().get("responseQA"): null

07-10-2024T14:05:06 - [TEST_STEP][PASSED] - responseQAMIG = getTestCaseVariables().get("responseQAMIG"): null

07-10-2024T14:05:06 - [TEST_STEP][PASSED] - sortedQA = getTestCaseVariables().get("sortedRecordsQA"): null

07-10-2024T14:05:06 - [TEST_STEP][PASSED] - sortedQAMIG = getTestCaseVariables().get("sortedRecordsQAMIG"): null

07-10-2024T14:05:06 - [TEST_STEP][PASSED] - reporting.ExtentReporting.logStringData("URL_QA", getTestCaseVariables().get("URL_QA")): reporting.ExtentReporting.logStringData is PASSED

07-10-2024T14:05:07 - [MESSAGE][PASSED] - reporting.ExtentReporting.logStringData is PASSED

07-10-2024T14:05:07 - [TEST_STEP][PASSED] - reporting.ExtentReporting.logStringData("URL_QAMIG", getTestCaseVariables().get("URL_QAMIG")): reporting.ExtentReporting.logStringData is PASSED

07-10-2024T14:05:07 - [MESSAGE][PASSED] - reporting.ExtentReporting.logStringData is PASSED

07-10-2024T14:05:07 - [TEST_STEP][PASSED] - reporting.ExtentReporting.logJSONData("QA Response", responseQA): reporting.ExtentReporting.logJSONData is PASSED

07-10-2024T14:05:07 - [MESSAGE][PASSED] - reporting.ExtentReporting.logJSONData is PASSED

07-10-2024T14:05:07 - [TEST_STEP][PASSED] - reporting.ExtentReporting.logJSONData("QAMIG Response", responseQAMIG): reporting.ExtentReporting.logJSONData is PASSED

07-10-2024T14:05:07 - [MESSAGE][PASSED] - reporting.ExtentReporting.logJSONData is PASSED

07-10-2024T14:05:07 - [TEST_STEP][FAILED] - if (getTestCaseStatus().equals("FAILED")): null

07-10-2024T14:05:07 - [TEST_STEP][PASSED] - responseQAValue = getTestCaseVariables().get("responseQA"): null

07-10-2024T14:05:07 - [TEST_STEP][FAILED] - markFailed(getTestCaseVariables().get("URL_QA")): https://gateway-gateway.apps.qa.okd4.nfe.projects.nonprod.itd.farelogix.com/api/tip-management/card-consents/677200000001213

07-10-2024T14:05:07 - [MESSAGE][FAILED] - https://gateway-gateway.apps.qa.okd4.nfe.projects.nonprod.itd.farelogix.com/api/tip-management/card-consents/677200000001213

07-10-2024T14:05:07 - [TEST_STEP][FAILED] - markFailed(responseQAValue): {"id":677200000001213,"airline":{"id":6772484849,"iataCode":"001"},"level":"card","card":{"id":677200000000004,"bsp":{"id":6772,"isoCountryCode":"CH","name":"SWIT"},"agent":{"id":67728120025,"iataCode":"8120025","name":"CWT"},"cardNumber":"519396XXXXXX3485","expiryDate":"10/30","issuerName":"FAC","paymentNetwork":"CA","cardType":"Consumer","companyName":null,"effectiveFrom":"2021-03-04","effectiveTo":"2022-01-25","status":"Inactive"},"bsp":{"id":6772,"isoCountryCode":"CH","name":"SWIT"},"type":"no","costRecovery":null,"effectiveFrom":"2021-03-04","effectiveTo":"2021-03-09","status":"Inactive"}

07-10-2024T14:05:07 - [MESSAGE][FAILED] - {"id":677200000001213,"airline":{"id":6772484849,"iataCode":"001"},"level":"card","card":{"id":677200000000004,"bsp":{"id":6772,"isoCountryCode":"CH","name":"SWIT"},"agent":{"id":67728120025,"iataCode":"8120025","name":"CWT"},"cardNumber":"519396XXXXXX3485","expiryDate":"10/30","issuerName":"FAC","paymentNetwork":"CA","cardType":"Consumer","companyName":null,"effectiveFrom":"2021-03-04","effectiveTo":"2022-01-25","status":"Inactive"},"bsp":{"id":6772,"isoCountryCode":"CH","name":"SWIT"},"type":"no","costRecovery":null,"effectiveFrom":"2021-03-04","effectiveTo":"2021-03-09","status":"Inactive"}

07-10-2024T14:05:07 - [TEST_STEP][PASSED] - responseQAMIGValue = getTestCaseVariables().get("responseQAMIG"): null

07-10-2024T14:05:07 - [TEST_STEP][FAILED] - markFailed(getTestCaseVariables().get("URL_QAMIG")): https://gateway-gateway.apps.qa-mig.okd4.nfe.projects.nonprod.itd.farelogix.com/api/tip-management/card-consents/677200000001213

07-10-2024T14:05:07 - [MESSAGE][FAILED] - https://gateway-gateway.apps.qa-mig.okd4.nfe.projects.nonprod.itd.farelogix.com/api/tip-management/card-consents/677200000001213

07-10-2024T14:05:07 - [TEST_STEP][FAILED] - markFailed(responseQAMIGValue): {"id":677200000001213,"airline":{"id":6772484849,"iataCode":"001","name":"AMEXXXXX XXXXXXXX XÏ"},"card":{"cardNumber":"222240XXXXXX0005","expiryDate":"10/30","issuerName":"FAC","paymentNetwork":"CA","cardType":"Consumer","companyName":null,"id":677200000000004,"bsp":{"id":6772,"isoCountryCode":"CH","name":"SWIT"},"agent":{"id":67728120025,"iataCode":"8120025","name":"CWT","bsp":{"id":6772,"isoCountryCode":"CH","name":"SWIT"}},"effectiveFrom":"2021-03-04","effectiveTo":"2022-01-25","status":"Inactive","terminationReason":"test","cardLevelConsent":null},"bsp":{"id":6772,"isoCountryCode":"CH","name":"SWIT"},"level":"card","type":"no","status":"Inactive","effectiveFrom":"2021-03-04","effectiveTo":"2021-03-09"}

07-10-2024T14:05:07 - [MESSAGE][FAILED] - {"id":677200000001213,"airline":{"id":6772484849,"iataCode":"001","name":"AMEXXXXX XXXXXXXX XÏ"},"card":{"cardNumber":"222240XXXXXX0005","expiryDate":"10/30","issuerName":"FAC","paymentNetwork":"CA","cardType":"Consumer","companyName":null,"id":677200000000004,"bsp":{"id":6772,"isoCountryCode":"CH","name":"SWIT"},"agent":{"id":67728120025,"iataCode":"8120025","name":"CWT","bsp":{"id":6772,"isoCountryCode":"CH","name":"SWIT"}},"effectiveFrom":"2021-03-04","effectiveTo":"2022-01-25","status":"Inactive","terminationReason":"test","cardLevelConsent":null},"bsp":{"id":6772,"isoCountryCode":"CH","name":"SWIT"},"level":"card","type":"no","status":"Inactive","effectiveFrom":"2021-03-04","effectiveTo":"2021-03-09"}

07-10-2024T14:05:07 - [TEST_STEP][PASSED] - recordsQA = getTestCaseVariables().get("sortedRecordsQA"): null

07-10-2024T14:05:07 - [TEST_STEP][FAILED] - markFailed(recordsQA): 

07-10-2024T14:05:07 - [MESSAGE][FAILED] - 

07-10-2024T14:05:07 - [TEST_STEP][PASSED] - recordsQAMIG = getTestCaseVariables().get("sortedRecordsQAMIG"): null

07-10-2024T14:05:07 - [TEST_STEP][FAILED] - markFailed(recordsQAMIG): 

07-10-2024T14:05:07 - [MESSAGE][FAILED] - 

07-10-2024T14:05:07 - [TEST_STEP][PASSED] - missingIDsList = getTestCaseVariables().get("missing_IDs"): null

07-10-2024T14:05:07 - [TEST_STEP][PASSED] - missingIDsList.each({ java.lang.Object id -> ... }): null

07-10-2024T14:05:07 - [TEST_STEP][PASSED] - fieldsToBeIgnoredList = getTestCaseVariables().get("fieldsToBeIgnoredList"): null

07-10-2024T14:05:07 - [TEST_STEP][FAILED] - fieldsToBeIgnoredList.each({ java.lang.Object fieldName -> ... }): Field Ignored -> 

07-10-2024T14:05:07 - [MESSAGE][FAILED] - Field Ignored -> 

07-10-2024T14:05:07 - [TEST_STEP][PASSED] - uniqueKey = getTestCaseVariables().get("keyToSort"): null

07-10-2024T14:05:07 - [TEST_STEP][PASSED] - failedList = getTestCaseVariables().get("failedList"): null

07-10-2024T14:05:07 - [TEST_STEP][FAILED] - markFailed("failedList.size() " + failedList.size()): failedList.size() 1

07-10-2024T14:05:07 - [MESSAGE][FAILED] - failedList.size() 1

07-10-2024T14:05:07 - [TEST_STEP][PASSED] - hashMapF1 = new java.util.HashMap(): null

07-10-2024T14:05:07 - [TEST_STEP][PASSED] - hashMapF2 = new java.util.HashMap(): null

07-10-2024T14:05:07 - [TEST_STEP][PASSED] - failedList.forEach({ java.lang.Object failedF -> ... }): null

07-10-2024T14:05:07 - [TEST_STEP][FAILED] - keySet().forEach({ java.lang.Object key -> ... }): Key card.cardNumber | Value from QA -> 519396XXXXXX3485 | Value from QAMIG -> 222240XXXXXX0005

07-10-2024T14:05:07 - [MESSAGE][FAILED] - Key card.cardNumber | Value from QA -> 519396XXXXXX3485 | Value from QAMIG -> 222240XXXXXX0005

07-10-2024T14:05:07 - [TEST_STEP][PASSED] - hashMapFEx1 = new java.util.HashMap(): null

07-10-2024T14:05:07 - [TEST_STEP][PASSED] - hashMapFEx2 = new java.util.HashMap(): null

07-10-2024T14:05:07 - [TEST_STEP][PASSED] - failedList.forEach({ java.lang.Object failedF -> ... }): null

07-10-2024T14:05:07 - [TEST_STEP][PASSED] - keySet().forEach({ java.lang.Object key -> ... }): reporting.ExtentReporting.logFailedData is PASSED

07-10-2024T14:05:07 - [MESSAGE][PASSED] - reporting.ExtentReporting.logFailedData is PASSED

07-10-2024T14:05:07 - [TEST_STEP][PASSED] - missingList = getTestCaseVariables().get("missingList"): null

07-10-2024T14:05:07 - [TEST_STEP][FAILED] - markFailed("missingList.size() " + missingList.size()): missingList.size() 0

07-10-2024T14:05:07 - [MESSAGE][FAILED] - missingList.size() 0

07-10-2024T14:05:07 - [TEST_STEP][PASSED] - hashMapM = new java.util.HashMap(): null

07-10-2024T14:05:07 - [TEST_STEP][PASSED] - missingAll = new java.util.LinkedHashMap(): null

07-10-2024T14:05:07 - [TEST_STEP][PASSED] - c = 0: null

07-10-2024T14:05:07 - [TEST_STEP][PASSED] - if (missingList.size() > 0): null

07-10-2024T14:05:07 - [TEST_STEP][FAILED] - markFailed("Missing from QAMIG size -> " + hashMapM.size()): Missing from QAMIG size -> 0

07-10-2024T14:05:07 - [MESSAGE][FAILED] - Missing from QAMIG size -> 0

07-10-2024T14:05:07 - [TEST_STEP][FAILED] - markFailed("Missing from QAMIG -> " + hashMapM): Missing from QAMIG -> [:]

07-10-2024T14:05:07 - [MESSAGE][FAILED] - Missing from QAMIG -> [:]

07-10-2024T14:05:07 - [TEST_STEP][PASSED] - if (hashMapM.size() > 0): null

07-10-2024T14:05:07 - [TEST_STEP][PASSED] - unexpectedList = getTestCaseVariables().get("unexpectedList"): null

07-10-2024T14:05:07 - [TEST_STEP][FAILED] - markFailed("unexpectedList.size() " + unexpectedList.size()): unexpectedList.size() 3

07-10-2024T14:05:07 - [MESSAGE][FAILED] - unexpectedList.size() 3

07-10-2024T14:05:07 - [TEST_STEP][PASSED] - hashMapU = new java.util.HashMap(): null

07-10-2024T14:05:07 - [TEST_STEP][PASSED] - if (unexpectedList.size() > 0): null

07-10-2024T14:05:07 - [TEST_STEP][PASSED] - unexpectedList.forEach({ java.lang.Object unexpectedF -> ... }): null

07-10-2024T14:05:07 - [TEST_STEP][FAILED] - markFailed("Missing from QA size -> " + hashMapU.size()): Missing from QA size -> 3

07-10-2024T14:05:07 - [MESSAGE][FAILED] - Missing from QA size -> 3

07-10-2024T14:05:07 - [TEST_STEP][FAILED] - markFailed("Missing from QA -> " + hashMapU): Missing from QA -> [card.agent:bsp, airline:name, card:terminationReason]

07-10-2024T14:05:07 - [MESSAGE][FAILED] - Missing from QA -> [card.agent:bsp, airline:name, card:terminationReason]

07-10-2024T14:05:07 - [TEST_STEP][PASSED] - missing_IDs = getTestCaseVariables().get("missing_IDs"): null

07-10-2024T14:05:07 - [TEST_STEP][PASSED] - if (missing_IDs.size() > 0): null

07-10-2024T14:05:07 - [TEST_STEP][PASSED] - reporting.ExtentReporting.testStatus("FAIL", testCaseContext.getMessage()): reporting.ExtentReporting.testStatus is PASSED

07-10-2024T14:05:07 - [MESSAGE][PASSED] - reporting.ExtentReporting.testStatus is PASSED

07-10-2024T14:05:07 - [TEST_STEP][PASSED] - if (extentFlag.equals("y")): Invoke 'com.kms.katalon.core.annotation.AfterTestCase' method: 'TestListener.afterTestCase(...)' completed.

07-10-2024T14:05:07 - [TEST_STEP][PASSED] - reporting.ExtentReporting.endTest(): Invoke 'com.kms.katalon.core.annotation.AfterTestCase' method: 'TestListener.afterTestCase(...)' completed.

07-10-2024T14:05:07 - [MESSAGE][PASSED] - reporting.ExtentReporting.endTest is PASSED

07-10-2024T14:05:07 - [MESSAGE][INFO] - Invoke 'com.kms.katalon.core.annotation.AfterTestCase' method: 'TestListener.afterTestCase(...)' completed.]]></system-out>
         <system-err><![CDATA[07-10-2024T14:04:57 - [TEST_CASE][FAILED] - Test Cases/TIP_Management/card-consents/FCA-15725_GET_TIP_Card_Consent_by_Id: Test Cases/TIP_Management/card-consents/FCA-15725_GET_TIP_Card_Consent_by_Id FAILED.
Reason:
com.kms.katalon.core.exception.StepFailedException: Test Case FAILED!! Open After Test Case Step to see the Failed Fields
	at com.kms.katalon.core.util.KeywordUtil.markFailed(KeywordUtil.java:19)
	at FCA-15725_GET_TIP_Card_Consent_by_Id.run(FCA-15725_GET_TIP_Card_Consent_by_Id:209)
	at com.kms.katalon.core.main.ScriptEngine.run(ScriptEngine.java:194)
	at com.kms.katalon.core.main.ScriptEngine.runScriptAsRawText(ScriptEngine.java:119)
	at com.kms.katalon.core.main.TestCaseExecutor.runScript(TestCaseExecutor.java:448)
	at com.kms.katalon.core.main.TestCaseExecutor.doExecute(TestCaseExecutor.java:439)
	at com.kms.katalon.core.main.TestCaseExecutor.processExecutionPhase(TestCaseExecutor.java:418)
	at com.kms.katalon.core.main.TestCaseExecutor.accessMainPhase(TestCaseExecutor.java:410)
	at com.kms.katalon.core.main.TestCaseExecutor.execute(TestCaseExecutor.java:285)
	at com.kms.katalon.core.common.CommonExecutor.accessTestCaseMainPhase(CommonExecutor.java:65)
	at com.kms.katalon.core.main.TestSuiteExecutor.accessTestSuiteMainPhase(TestSuiteExecutor.java:150)
	at com.kms.katalon.core.main.TestSuiteExecutor.execute(TestSuiteExecutor.java:106)
	at com.kms.katalon.core.main.TestCaseMain.startTestSuite(TestCaseMain.java:180)
	at TempTestSuite1728290091355.run(TempTestSuite1728290091355.groovy:35)
	at java.base/jdk.internal.reflect.NativeMethodAccessorImpl.invoke0(Native Method)
	at java.base/jdk.internal.reflect.NativeMethodAccessorImpl.invoke(NativeMethodAccessorImpl.java:77)
	at java.base/jdk.internal.reflect.DelegatingMethodAccessorImpl.invoke(DelegatingMethodAccessorImpl.java:43)]]></system-err>
      </testcase>
      <system-out><![CDATA[07-10-2024T14:04:57 - [TEST_SUITE][FAILED] - card-consents: Test Cases/TIP_Management/card-consents/FCA-15725_GET_TIP_Card_Consent_by_Id FAILED.
Reason:
com.kms.katalon.core.exception.StepFailedException: Test Case FAILED!! Open After Test Case Step to see the Failed Fields
	at com.kms.katalon.core.util.KeywordUtil.markFailed(KeywordUtil.java:19)
	at FCA-15725_GET_TIP_Card_Consent_by_Id.run(FCA-15725_GET_TIP_Card_Consent_by_Id:209)
	at com.kms.katalon.core.main.ScriptEngine.run(ScriptEngine.java:194)
	at com.kms.katalon.core.main.ScriptEngine.runScriptAsRawText(ScriptEngine.java:119)
	at com.kms.katalon.core.main.TestCaseExecutor.runScript(TestCaseExecutor.java:448)
	at com.kms.katalon.core.main.TestCaseExecutor.doExecute(TestCaseExecutor.java:439)
	at com.kms.katalon.core.main.TestCaseExecutor.processExecutionPhase(TestCaseExecutor.java:418)
	at com.kms.katalon.core.main.TestCaseExecutor.accessMainPhase(TestCaseExecutor.java:410)
	at com.kms.katalon.core.main.TestCaseExecutor.execute(TestCaseExecutor.java:285)
	at com.kms.katalon.core.common.CommonExecutor.accessTestCaseMainPhase(CommonExecutor.java:65)
	at com.kms.katalon.core.main.TestSuiteExecutor.accessTestSuiteMainPhase(TestSuiteExecutor.java:150)
	at com.kms.katalon.core.main.TestSuiteExecutor.execute(TestSuiteExecutor.java:106)
	at com.kms.katalon.core.main.TestCaseMain.startTestSuite(TestCaseMain.java:180)
	at TempTestSuite1728290091355.run(TempTestSuite1728290091355.groovy:35)
	at java.base/jdk.internal.reflect.NativeMethodAccessorImpl.invoke0(Native Method)
	at java.base/jdk.internal.reflect.NativeMethodAccessorImpl.invoke(NativeMethodAccessorImpl.java:77)
	at java.base/jdk.internal.reflect.DelegatingMethodAccessorImpl.invoke(DelegatingMethodAccessorImpl.java:43)]]></system-out>
      <system-err><![CDATA[07-10-2024T14:04:57 - [TEST_SUITE][FAILED] - card-consents: Test Cases/TIP_Management/card-consents/FCA-15725_GET_TIP_Card_Consent_by_Id FAILED.
Reason:
com.kms.katalon.core.exception.StepFailedException: Test Case FAILED!! Open After Test Case Step to see the Failed Fields
	at com.kms.katalon.core.util.KeywordUtil.markFailed(KeywordUtil.java:19)
	at FCA-15725_GET_TIP_Card_Consent_by_Id.run(FCA-15725_GET_TIP_Card_Consent_by_Id:209)
	at com.kms.katalon.core.main.ScriptEngine.run(ScriptEngine.java:194)
	at com.kms.katalon.core.main.ScriptEngine.runScriptAsRawText(ScriptEngine.java:119)
	at com.kms.katalon.core.main.TestCaseExecutor.runScript(TestCaseExecutor.java:448)
	at com.kms.katalon.core.main.TestCaseExecutor.doExecute(TestCaseExecutor.java:439)
	at com.kms.katalon.core.main.TestCaseExecutor.processExecutionPhase(TestCaseExecutor.java:418)
	at com.kms.katalon.core.main.TestCaseExecutor.accessMainPhase(TestCaseExecutor.java:410)
	at com.kms.katalon.core.main.TestCaseExecutor.execute(TestCaseExecutor.java:285)
	at com.kms.katalon.core.common.CommonExecutor.accessTestCaseMainPhase(CommonExecutor.java:65)
	at com.kms.katalon.core.main.TestSuiteExecutor.accessTestSuiteMainPhase(TestSuiteExecutor.java:150)
	at com.kms.katalon.core.main.TestSuiteExecutor.execute(TestSuiteExecutor.java:106)
	at com.kms.katalon.core.main.TestCaseMain.startTestSuite(TestCaseMain.java:180)
	at TempTestSuite1728290091355.run(TempTestSuite1728290091355.groovy:35)
	at java.base/jdk.internal.reflect.NativeMethodAccessorImpl.invoke0(Native Method)
	at java.base/jdk.internal.reflect.NativeMethodAccessorImpl.invoke(NativeMethodAccessorImpl.java:77)
	at java.base/jdk.internal.reflect.DelegatingMethodAccessorImpl.invoke(DelegatingMethodAccessorImpl.java:43)]]></system-err>
   </testsuite>
</testsuites>
