<?xml version="1.0" encoding="UTF-8"?>
<testsuites name="airline-configuration-variable-remittance" time="17.156" tests="3" failures="3" errors="0">
   <testsuite name="airline-configuration-variable-remittance" tests="3" failures="3" errors="0" time="17.156" skipped="0" timestamp="13-11-2024T14:16:51" hostname="Mayuresh.Sonar - CCE1019.accelya.local" id="Test Suites/Variable_Remittance/airline-configuration-variable-remittance">
      <properties>
         <property name="deviceName" value=""/>
         <property name="devicePlatform" value=""/>
         <property name="logFolder" value="C:\\Users\\mayuresh.sonar\\KatalonStudio\\DataMigration\\NFE-API-automationK\\Reports\\20241113_141643\\Variable_Remittance\\airline-configuration-variable-remittance\\20241113_141643"/>
         <property name="logFiles" value="C:\\Users\\mayuresh.sonar\\KatalonStudio\\DataMigration\\NFE-API-automationK\\Reports\\20241113_141643\\Variable_Remittance\\airline-configuration-variable-remittance\\20241113_141643\\execution0.log"/>
         <property name="attachments" value=""/>
         <property name="hostName" value="Mayuresh.Sonar - CCE1019.accelya.local"/>
         <property name="hostAddress" value="192.168.3.245"/>
         <property name="os" value="Windows 11 64bit"/>
         <property name="katalonVersion" value="9.4.4.212"/>
      </properties>
      <testcase name="Test Cases/Variable_Remittance/airline-configuration--variable-remittance/FCA_12935_ReadDescriptorsAirlineConfigurationVariableRemittance" time="11.835" classname="Test Cases/Variable_Remittance/airline-configuration--variable-remittance/FCA_12935_ReadDescriptorsAirlineConfigurationVariableRemittance" status="FAILED">
         <failure type="FAILED" message="Test Cases/Variable_Remittance/airline-configuration--variable-remittance/FCA_12935_ReadDescriptorsAirlineConfigurationVariableRemittance FAILED.&#xa;Reason:&#xa;com.kms.katalon.core.exception.StepFailedException: Expected status code is '200' but actual status code is '401'&#xa;	at com.kms.katalon.core.keyword.internal.KeywordMain.stepFailed(KeywordMain.groovy:51)&#xa;	at com.kms.katalon.core.webservice.keyword.builtin.VerifyResponseStatusCodeKeyword.verifyStatusCode(VerifyResponseStatusCodeKeyword.groovy:52)&#xa;	at com.kms.katalon.core.webservice.keyword.builtin.VerifyResponseStatusCodeKeyword.access$0(VerifyResponseStatusCodeKeyword.groovy)&#xa;	at com.kms.katalon.core.webservice.keyword.builtin.VerifyResponseStatusCodeKeyword$_verifyResponseStatusCode_closure1.doCall(VerifyResponseStatusCodeKeyword.groovy:42)&#xa;	at com.kms.katalon.core.webservice.keyword.builtin.VerifyResponseStatusCodeKeyword$_verifyResponseStatusCode_closure1.call(VerifyResponseStatusCodeKeyword.groovy)&#xa;	at com.kms.katalon.core.keyword.internal.KeywordMain.runKeyword(KeywordMain.groovy:75)&#xa;	at com.kms.katalon.core.webservice.keyword.builtin.VerifyResponseStatusCodeKeyword.verifyResponseStatusCode(VerifyResponseStatusCodeKeyword.groovy:37)&#xa;	at com.kms.katalon.core.webservice.keyword.builtin.VerifyResponseStatusCodeKeyword.execute(VerifyResponseStatusCodeKeyword.groovy:32)&#xa;	at com.kms.katalon.core.keyword.internal.KeywordExecutor.executeKeywordForPlatform(KeywordExecutor.groovy:74)&#xa;	at com.kms.katalon.core.webservice.keyword.WSBuiltInKeywords.verifyResponseStatusCode(WSBuiltInKeywords.groovy:345)&#xa;	at FCA_12935_ReadDescriptorsAirlineConfigurationVariableRemittance.run(FCA_12935_ReadDescriptorsAirlineConfigurationVariableRemittance:59)&#xa;	at com.kms.katalon.core.main.ScriptEngine.run(ScriptEngine.java:194)&#xa;	at com.kms.katalon.core.main.ScriptEngine.runScriptAsRawText(ScriptEngine.java:119)&#xa;	at com.kms.katalon.core.main.TestCaseExecutor.runScript(TestCaseExecutor.java:448)&#xa;	at com.kms.katalon.core.main.TestCaseExecutor.doExecute(TestCaseExecutor.java:439)&#xa;	at com.kms.katalon.core.main.TestCaseExecutor.processExecutionPhase(TestCaseExecutor.java:418)&#xa;	at com.kms.katalon.core.main.TestCaseExecutor.accessMainPhase(TestCaseExecutor.java:410)&#xa;	at com.kms.katalon.core.main.TestCaseExecutor.execute(TestCaseExecutor.java:285)&#xa;	at com.kms.katalon.core.common.CommonExecutor.accessTestCaseMainPhase(CommonExecutor.java:65)&#xa;	at com.kms.katalon.core.main.TestSuiteExecutor.accessTestSuiteMainPhase(TestSuiteExecutor.java:150)&#xa;	at com.kms.katalon.core.main.TestSuiteExecutor.execute(TestSuiteExecutor.java:106)&#xa;	at com.kms.katalon.core.main.TestCaseMain.startTestSuite(TestCaseMain.java:180)&#xa;	at TempTestSuite1731487603319.run(TempTestSuite1731487603319.groovy:35)&#xa;	at java.base/jdk.internal.reflect.NativeMethodAccessorImpl.invoke0(Native Method)&#xa;	at java.base/jdk.internal.reflect.NativeMethodAccessorImpl.invoke(NativeMethodAccessorImpl.java:77)&#xa;	at java.base/jdk.internal.reflect.DelegatingMethodAccessorImpl.invoke(DelegatingMethodAccessorImpl.java:43)&#xa;"/>
         <system-out><![CDATA[13-11-2024T14:16:52 - [TEST_CASE][FAILED] - Test Cases/Variable_Remittance/airline-configuration--variable-remittance/FCA_12935_ReadDescriptorsAirlineConfigurationVariableRemittance: Test Cases/Variable_Remittance/airline-configuration--variable-remittance/FCA_12935_ReadDescriptorsAirlineConfigurationVariableRemittance FAILED.
Reason:
com.kms.katalon.core.exception.StepFailedException: Expected status code is '200' but actual status code is '401'
	at com.kms.katalon.core.keyword.internal.KeywordMain.stepFailed(KeywordMain.groovy:51)
	at com.kms.katalon.core.webservice.keyword.builtin.VerifyResponseStatusCodeKeyword.verifyStatusCode(VerifyResponseStatusCodeKeyword.groovy:52)
	at com.kms.katalon.core.webservice.keyword.builtin.VerifyResponseStatusCodeKeyword.access$0(VerifyResponseStatusCodeKeyword.groovy)
	at com.kms.katalon.core.webservice.keyword.builtin.VerifyResponseStatusCodeKeyword$_verifyResponseStatusCode_closure1.doCall(VerifyResponseStatusCodeKeyword.groovy:42)
	at com.kms.katalon.core.webservice.keyword.builtin.VerifyResponseStatusCodeKeyword$_verifyResponseStatusCode_closure1.call(VerifyResponseStatusCodeKeyword.groovy)
	at com.kms.katalon.core.keyword.internal.KeywordMain.runKeyword(KeywordMain.groovy:75)
	at com.kms.katalon.core.webservice.keyword.builtin.VerifyResponseStatusCodeKeyword.verifyResponseStatusCode(VerifyResponseStatusCodeKeyword.groovy:37)
	at com.kms.katalon.core.webservice.keyword.builtin.VerifyResponseStatusCodeKeyword.execute(VerifyResponseStatusCodeKeyword.groovy:32)
	at com.kms.katalon.core.keyword.internal.KeywordExecutor.executeKeywordForPlatform(KeywordExecutor.groovy:74)
	at com.kms.katalon.core.webservice.keyword.WSBuiltInKeywords.verifyResponseStatusCode(WSBuiltInKeywords.groovy:345)
	at FCA_12935_ReadDescriptorsAirlineConfigurationVariableRemittance.run(FCA_12935_ReadDescriptorsAirlineConfigurationVariableRemittance:59)
	at com.kms.katalon.core.main.ScriptEngine.run(ScriptEngine.java:194)
	at com.kms.katalon.core.main.ScriptEngine.runScriptAsRawText(ScriptEngine.java:119)
	at com.kms.katalon.core.main.TestCaseExecutor.runScript(TestCaseExecutor.java:448)
	at com.kms.katalon.core.main.TestCaseExecutor.doExecute(TestCaseExecutor.java:439)
	at com.kms.katalon.core.main.TestCaseExecutor.processExecutionPhase(TestCaseExecutor.java:418)
	at com.kms.katalon.core.main.TestCaseExecutor.accessMainPhase(TestCaseExecutor.java:410)
	at com.kms.katalon.core.main.TestCaseExecutor.execute(TestCaseExecutor.java:285)
	at com.kms.katalon.core.common.CommonExecutor.accessTestCaseMainPhase(CommonExecutor.java:65)
	at com.kms.katalon.core.main.TestSuiteExecutor.accessTestSuiteMainPhase(TestSuiteExecutor.java:150)
	at com.kms.katalon.core.main.TestSuiteExecutor.execute(TestSuiteExecutor.java:106)
	at com.kms.katalon.core.main.TestCaseMain.startTestSuite(TestCaseMain.java:180)
	at TempTestSuite1731487603319.run(TempTestSuite1731487603319.groovy:35)
	at java.base/jdk.internal.reflect.NativeMethodAccessorImpl.invoke0(Native Method)
	at java.base/jdk.internal.reflect.NativeMethodAccessorImpl.invoke(NativeMethodAccessorImpl.java:77)
	at java.base/jdk.internal.reflect.DelegatingMethodAccessorImpl.invoke(DelegatingMethodAccessorImpl.java:43)


13-11-2024T14:16:54 - [TEST_STEP][PASSED] - Start listener action : Before: Invoke 'com.kms.katalon.core.annotation.BeforeTestCase' method: 'TestListener.Before(...)' completed.

13-11-2024T14:16:54 - [MESSAGE][INFO] - Starting invoke 'com.kms.katalon.core.annotation.BeforeTestCase' method: 'TestListener.Before(...)'

13-11-2024T14:16:54 - [TEST_STEP][PASSED] - tc_description = testCaseContext.getMessage(): null

13-11-2024T14:16:54 - [TEST_STEP][PASSED] - tcName = testCaseId: null

13-11-2024T14:16:54 - [TEST_STEP][PASSED] - println(tcName): null

13-11-2024T14:16:54 - [TEST_STEP][PASSED] - reporting.ExtentReporting.startTest(reportPath, testSuiteName, tcName, tc_description, author, "Extent Test", reportFile): Invoke 'com.kms.katalon.core.annotation.BeforeTestCase' method: 'TestListener.Before(...)' completed.

13-11-2024T14:16:54 - [MESSAGE][INFO] - Checking test data id

13-11-2024T14:16:54 - [MESSAGE][INFO] - Finding test data with id 'Data Files/Common/Users'

13-11-2024T14:16:54 - [MESSAGE][INFO] - Test data is excel file, reading excel file

13-11-2024T14:16:54 - [MESSAGE][INFO] - Reading excel file with source file 'C:\Users\mayuresh.sonar\KatalonStudio\DataMigration\NFE-API-automationK\Data Files\TestData.xlsx' and sheet name 'users'

13-11-2024T14:16:54 - [MESSAGE][INFO] - Checking test data id

13-11-2024T14:16:54 - [MESSAGE][INFO] - Finding test data with id 'Data Files/Common/Users'

13-11-2024T14:16:54 - [MESSAGE][INFO] - Test data is excel file, reading excel file

13-11-2024T14:16:54 - [MESSAGE][INFO] - Reading excel file with source file 'C:\Users\mayuresh.sonar\KatalonStudio\DataMigration\NFE-API-automationK\Data Files\TestData.xlsx' and sheet name 'users'

13-11-2024T14:16:54 - [MESSAGE][INFO] - Checking test data id

13-11-2024T14:16:55 - [MESSAGE][INFO] - Finding test data with id 'Data Files/Common/Users'

13-11-2024T14:16:55 - [MESSAGE][INFO] - Test data is excel file, reading excel file

13-11-2024T14:16:55 - [MESSAGE][INFO] - Reading excel file with source file 'C:\Users\mayuresh.sonar\KatalonStudio\DataMigration\NFE-API-automationK\Data Files\TestData.xlsx' and sheet name 'users'

13-11-2024T14:16:55 - [MESSAGE][INFO] - Checking test data id

13-11-2024T14:16:55 - [MESSAGE][INFO] - Finding test data with id 'Data Files/Common/Users'

13-11-2024T14:16:55 - [MESSAGE][INFO] - Test data is excel file, reading excel file

13-11-2024T14:16:55 - [MESSAGE][INFO] - Reading excel file with source file 'C:\Users\mayuresh.sonar\KatalonStudio\DataMigration\NFE-API-automationK\Data Files\TestData.xlsx' and sheet name 'users'

13-11-2024T14:16:55 - [MESSAGE][INFO] - Checking test data id

13-11-2024T14:16:55 - [MESSAGE][INFO] - Finding test data with id 'Data Files/Common/Users'

13-11-2024T14:16:55 - [MESSAGE][INFO] - Test data is excel file, reading excel file

13-11-2024T14:16:55 - [MESSAGE][INFO] - Reading excel file with source file 'C:\Users\mayuresh.sonar\KatalonStudio\DataMigration\NFE-API-automationK\Data Files\TestData.xlsx' and sheet name 'users'

13-11-2024T14:16:55 - [MESSAGE][INFO] - Checking test data id

13-11-2024T14:16:55 - [MESSAGE][INFO] - Finding test data with id 'Data Files/Common/Users'

13-11-2024T14:16:55 - [MESSAGE][INFO] - Test data is excel file, reading excel file

13-11-2024T14:16:55 - [MESSAGE][INFO] - Reading excel file with source file 'C:\Users\mayuresh.sonar\KatalonStudio\DataMigration\NFE-API-automationK\Data Files\TestData.xlsx' and sheet name 'users'

13-11-2024T14:16:55 - [MESSAGE][INFO] - Checking test data id

13-11-2024T14:16:55 - [MESSAGE][INFO] - Finding test data with id 'Data Files/Common/Users'

13-11-2024T14:16:55 - [MESSAGE][INFO] - Test data is excel file, reading excel file

13-11-2024T14:16:55 - [MESSAGE][INFO] - Reading excel file with source file 'C:\Users\mayuresh.sonar\KatalonStudio\DataMigration\NFE-API-automationK\Data Files\TestData.xlsx' and sheet name 'users'

13-11-2024T14:16:55 - [MESSAGE][INFO] - Checking test data id

13-11-2024T14:16:55 - [MESSAGE][INFO] - Finding test data with id 'Data Files/Common/Users'

13-11-2024T14:16:55 - [MESSAGE][INFO] - Test data is excel file, reading excel file

13-11-2024T14:16:55 - [MESSAGE][INFO] - Reading excel file with source file 'C:\Users\mayuresh.sonar\KatalonStudio\DataMigration\NFE-API-automationK\Data Files\TestData.xlsx' and sheet name 'users'

13-11-2024T14:16:55 - [MESSAGE][INFO] - Checking test data id

13-11-2024T14:16:55 - [MESSAGE][INFO] - Finding test data with id 'Data Files/Common/Users'

13-11-2024T14:16:55 - [MESSAGE][INFO] - Test data is excel file, reading excel file

13-11-2024T14:16:55 - [MESSAGE][INFO] - Reading excel file with source file 'C:\Users\mayuresh.sonar\KatalonStudio\DataMigration\NFE-API-automationK\Data Files\TestData.xlsx' and sheet name 'users'

13-11-2024T14:16:55 - [MESSAGE][INFO] - Checking test data id

13-11-2024T14:16:55 - [MESSAGE][INFO] - Finding test data with id 'Data Files/Common/Users'

13-11-2024T14:16:55 - [MESSAGE][INFO] - Test data is excel file, reading excel file

13-11-2024T14:16:55 - [MESSAGE][INFO] - Reading excel file with source file 'C:\Users\mayuresh.sonar\KatalonStudio\DataMigration\NFE-API-automationK\Data Files\TestData.xlsx' and sheet name 'users'

13-11-2024T14:16:55 - [MESSAGE][INFO] - Checking test data id

13-11-2024T14:16:55 - [MESSAGE][INFO] - Finding test data with id 'Data Files/Common/Users'

13-11-2024T14:16:55 - [MESSAGE][INFO] - Test data is excel file, reading excel file

13-11-2024T14:16:55 - [MESSAGE][INFO] - Reading excel file with source file 'C:\Users\mayuresh.sonar\KatalonStudio\DataMigration\NFE-API-automationK\Data Files\TestData.xlsx' and sheet name 'users'

13-11-2024T14:16:55 - [MESSAGE][INFO] - Checking test data id

13-11-2024T14:16:55 - [MESSAGE][INFO] - Finding test data with id 'Data Files/Common/Users'

13-11-2024T14:16:55 - [MESSAGE][INFO] - Test data is excel file, reading excel file

13-11-2024T14:16:55 - [MESSAGE][INFO] - Reading excel file with source file 'C:\Users\mayuresh.sonar\KatalonStudio\DataMigration\NFE-API-automationK\Data Files\TestData.xlsx' and sheet name 'users'

13-11-2024T14:16:55 - [MESSAGE][INFO] - Checking test data id

13-11-2024T14:16:55 - [MESSAGE][INFO] - Finding test data with id 'Data Files/Common/Users'

13-11-2024T14:16:55 - [MESSAGE][INFO] - Test data is excel file, reading excel file

13-11-2024T14:16:55 - [MESSAGE][INFO] - Reading excel file with source file 'C:\Users\mayuresh.sonar\KatalonStudio\DataMigration\NFE-API-automationK\Data Files\TestData.xlsx' and sheet name 'users'

13-11-2024T14:16:55 - [MESSAGE][INFO] - Checking test data id

13-11-2024T14:16:55 - [MESSAGE][INFO] - Finding test data with id 'Data Files/Common/Users'

13-11-2024T14:16:55 - [MESSAGE][INFO] - Test data is excel file, reading excel file

13-11-2024T14:16:55 - [MESSAGE][INFO] - Reading excel file with source file 'C:\Users\mayuresh.sonar\KatalonStudio\DataMigration\NFE-API-automationK\Data Files\TestData.xlsx' and sheet name 'users'

13-11-2024T14:16:55 - [MESSAGE][INFO] - Checking test data id

13-11-2024T14:16:55 - [MESSAGE][INFO] - Finding test data with id 'Data Files/Common/Users'

13-11-2024T14:16:55 - [MESSAGE][INFO] - Test data is excel file, reading excel file

13-11-2024T14:16:55 - [MESSAGE][INFO] - Reading excel file with source file 'C:\Users\mayuresh.sonar\KatalonStudio\DataMigration\NFE-API-automationK\Data Files\TestData.xlsx' and sheet name 'users'

13-11-2024T14:16:55 - [MESSAGE][INFO] - Checking test data id

13-11-2024T14:16:55 - [MESSAGE][INFO] - Finding test data with id 'Data Files/Common/Users'

13-11-2024T14:16:55 - [MESSAGE][INFO] - Test data is excel file, reading excel file

13-11-2024T14:16:55 - [MESSAGE][INFO] - Reading excel file with source file 'C:\Users\mayuresh.sonar\KatalonStudio\DataMigration\NFE-API-automationK\Data Files\TestData.xlsx' and sheet name 'users'

13-11-2024T14:16:55 - [MESSAGE][INFO] - Checking test data id

13-11-2024T14:16:55 - [MESSAGE][INFO] - Finding test data with id 'Data Files/Common/Users'

13-11-2024T14:16:55 - [MESSAGE][INFO] - Test data is excel file, reading excel file

13-11-2024T14:16:55 - [MESSAGE][INFO] - Reading excel file with source file 'C:\Users\mayuresh.sonar\KatalonStudio\DataMigration\NFE-API-automationK\Data Files\TestData.xlsx' and sheet name 'users'

13-11-2024T14:16:56 - [MESSAGE][INFO] - Checking test data id

13-11-2024T14:16:56 - [MESSAGE][INFO] - Finding test data with id 'Data Files/Common/Users'

13-11-2024T14:16:56 - [MESSAGE][INFO] - Test data is excel file, reading excel file

13-11-2024T14:16:56 - [MESSAGE][INFO] - Reading excel file with source file 'C:\Users\mayuresh.sonar\KatalonStudio\DataMigration\NFE-API-automationK\Data Files\TestData.xlsx' and sheet name 'users'

13-11-2024T14:16:56 - [MESSAGE][INFO] - Checking test data id

13-11-2024T14:16:56 - [MESSAGE][INFO] - Finding test data with id 'Data Files/Common/Users'

13-11-2024T14:16:56 - [MESSAGE][INFO] - Test data is excel file, reading excel file

13-11-2024T14:16:56 - [MESSAGE][INFO] - Reading excel file with source file 'C:\Users\mayuresh.sonar\KatalonStudio\DataMigration\NFE-API-automationK\Data Files\TestData.xlsx' and sheet name 'users'

13-11-2024T14:16:56 - [MESSAGE][INFO] - Checking test data id

13-11-2024T14:16:56 - [MESSAGE][INFO] - Finding test data with id 'Data Files/Common/Users'

13-11-2024T14:16:56 - [MESSAGE][INFO] - Test data is excel file, reading excel file

13-11-2024T14:16:56 - [MESSAGE][INFO] - Reading excel file with source file 'C:\Users\mayuresh.sonar\KatalonStudio\DataMigration\NFE-API-automationK\Data Files\TestData.xlsx' and sheet name 'users'

13-11-2024T14:16:56 - [MESSAGE][INFO] - Checking test data id

13-11-2024T14:16:56 - [MESSAGE][INFO] - Finding test data with id 'Data Files/Common/Users'

13-11-2024T14:16:56 - [MESSAGE][INFO] - Test data is excel file, reading excel file

13-11-2024T14:16:56 - [MESSAGE][INFO] - Reading excel file with source file 'C:\Users\mayuresh.sonar\KatalonStudio\DataMigration\NFE-API-automationK\Data Files\TestData.xlsx' and sheet name 'users'

13-11-2024T14:16:56 - [MESSAGE][INFO] - Checking test data id

13-11-2024T14:16:56 - [MESSAGE][INFO] - Finding test data with id 'Data Files/Common/Users'

13-11-2024T14:16:56 - [MESSAGE][INFO] - Test data is excel file, reading excel file

13-11-2024T14:16:56 - [MESSAGE][INFO] - Reading excel file with source file 'C:\Users\mayuresh.sonar\KatalonStudio\DataMigration\NFE-API-automationK\Data Files\TestData.xlsx' and sheet name 'users'

13-11-2024T14:16:56 - [MESSAGE][INFO] - Checking test data id

13-11-2024T14:16:56 - [MESSAGE][INFO] - Finding test data with id 'Data Files/Common/Users'

13-11-2024T14:16:56 - [MESSAGE][INFO] - Test data is excel file, reading excel file

13-11-2024T14:16:56 - [MESSAGE][INFO] - Reading excel file with source file 'C:\Users\mayuresh.sonar\KatalonStudio\DataMigration\NFE-API-automationK\Data Files\TestData.xlsx' and sheet name 'users'

13-11-2024T14:16:56 - [MESSAGE][INFO] - Checking test data id

13-11-2024T14:16:56 - [MESSAGE][INFO] - Finding test data with id 'Data Files/Common/Users'

13-11-2024T14:16:56 - [MESSAGE][INFO] - Test data is excel file, reading excel file

13-11-2024T14:16:56 - [MESSAGE][INFO] - Reading excel file with source file 'C:\Users\mayuresh.sonar\KatalonStudio\DataMigration\NFE-API-automationK\Data Files\TestData.xlsx' and sheet name 'users'

13-11-2024T14:16:56 - [MESSAGE][INFO] - Checking test data id

13-11-2024T14:16:56 - [MESSAGE][INFO] - Finding test data with id 'Data Files/Common/Users'

13-11-2024T14:16:56 - [MESSAGE][INFO] - Test data is excel file, reading excel file

13-11-2024T14:16:56 - [MESSAGE][INFO] - Reading excel file with source file 'C:\Users\mayuresh.sonar\KatalonStudio\DataMigration\NFE-API-automationK\Data Files\TestData.xlsx' and sheet name 'users'

13-11-2024T14:16:56 - [MESSAGE][INFO] - Checking test data id

13-11-2024T14:16:56 - [MESSAGE][INFO] - Finding test data with id 'Data Files/Common/Users'

13-11-2024T14:16:56 - [MESSAGE][INFO] - Test data is excel file, reading excel file

13-11-2024T14:16:56 - [MESSAGE][INFO] - Reading excel file with source file 'C:\Users\mayuresh.sonar\KatalonStudio\DataMigration\NFE-API-automationK\Data Files\TestData.xlsx' and sheet name 'users'

13-11-2024T14:16:56 - [MESSAGE][INFO] - Checking test data id

13-11-2024T14:16:56 - [MESSAGE][INFO] - Finding test data with id 'Data Files/Common/Users'

13-11-2024T14:16:56 - [MESSAGE][INFO] - Test data is excel file, reading excel file

13-11-2024T14:16:56 - [MESSAGE][INFO] - Reading excel file with source file 'C:\Users\mayuresh.sonar\KatalonStudio\DataMigration\NFE-API-automationK\Data Files\TestData.xlsx' and sheet name 'users'

13-11-2024T14:16:56 - [MESSAGE][INFO] - Checking test data id

13-11-2024T14:16:56 - [MESSAGE][INFO] - Finding test data with id 'Data Files/Common/Users'

13-11-2024T14:16:56 - [MESSAGE][INFO] - Test data is excel file, reading excel file

13-11-2024T14:16:56 - [MESSAGE][INFO] - Reading excel file with source file 'C:\Users\mayuresh.sonar\KatalonStudio\DataMigration\NFE-API-automationK\Data Files\TestData.xlsx' and sheet name 'users'

13-11-2024T14:16:56 - [MESSAGE][INFO] - Checking test data id

13-11-2024T14:16:56 - [MESSAGE][INFO] - Finding test data with id 'Data Files/Common/Users'

13-11-2024T14:16:56 - [MESSAGE][INFO] - Test data is excel file, reading excel file

13-11-2024T14:16:56 - [MESSAGE][INFO] - Reading excel file with source file 'C:\Users\mayuresh.sonar\KatalonStudio\DataMigration\NFE-API-automationK\Data Files\TestData.xlsx' and sheet name 'users'

13-11-2024T14:16:56 - [MESSAGE][INFO] - Checking test data id

13-11-2024T14:16:56 - [MESSAGE][INFO] - Finding test data with id 'Data Files/Common/Users'

13-11-2024T14:16:56 - [MESSAGE][INFO] - Test data is excel file, reading excel file

13-11-2024T14:16:56 - [MESSAGE][INFO] - Reading excel file with source file 'C:\Users\mayuresh.sonar\KatalonStudio\DataMigration\NFE-API-automationK\Data Files\TestData.xlsx' and sheet name 'users'

13-11-2024T14:16:58 - [MESSAGE][PASSED] - reporting.ExtentReporting.startTest is PASSED

13-11-2024T14:16:58 - [MESSAGE][INFO] - Invoke 'com.kms.katalon.core.annotation.BeforeTestCase' method: 'TestListener.Before(...)' completed.

13-11-2024T14:17:00 - [TEST_STEP][FAILED] - if (flag == "Y"): Unable to verify response status code (Root cause: com.kms.katalon.core.exception.StepFailedException: Expected status code is '200' but actual status code is '401'
	at com.kms.katalon.core.keyword.internal.KeywordMain.stepFailed(KeywordMain.groovy:51)
	at com.kms.katalon.core.webservice.keyword.builtin.VerifyResponseStatusCodeKeyword.verifyStatusCode(VerifyResponseStatusCodeKeyword.groovy:52)
	at com.kms.katalon.core.webservice.keyword.builtin.VerifyResponseStatusCodeKeyword.access$0(VerifyResponseStatusCodeKeyword.groovy)
	at com.kms.katalon.core.webservice.keyword.builtin.VerifyResponseStatusCodeKeyword$_verifyResponseStatusCode_closure1.doCall(VerifyResponseStatusCodeKeyword.groovy:42)
	at com.kms.katalon.core.webservice.keyword.builtin.VerifyResponseStatusCodeKeyword$_verifyResponseStatusCode_closure1.call(VerifyResponseStatusCodeKeyword.groovy)
	at com.kms.katalon.core.keyword.internal.KeywordMain.runKeyword(KeywordMain.groovy:75)
	at com.kms.katalon.core.webservice.keyword.builtin.VerifyResponseStatusCodeKeyword.verifyResponseStatusCode(VerifyResponseStatusCodeKeyword.groovy:37)
	at com.kms.katalon.core.webservice.keyword.builtin.VerifyResponseStatusCodeKeyword.execute(VerifyResponseStatusCodeKeyword.groovy:32)
	at com.kms.katalon.core.keyword.internal.KeywordExecutor.executeKeywordForPlatform(KeywordExecutor.groovy:74)
	at com.kms.katalon.core.webservice.keyword.WSBuiltInKeywords.verifyResponseStatusCode(WSBuiltInKeywords.groovy:345)
	at FCA_12935_ReadDescriptorsAirlineConfigurationVariableRemittance.run(FCA_12935_ReadDescriptorsAirlineConfigurationVariableRemittance:59)
	at com.kms.katalon.core.main.ScriptEngine.run(ScriptEngine.java:194)
	at com.kms.katalon.core.main.ScriptEngine.runScriptAsRawText(ScriptEngine.java:119)
	at com.kms.katalon.core.main.TestCaseExecutor.runScript(TestCaseExecutor.java:448)
	at com.kms.katalon.core.main.TestCaseExecutor.doExecute(TestCaseExecutor.java:439)
	at com.kms.katalon.core.main.TestCaseExecutor.processExecutionPhase(TestCaseExecutor.java:418)
	at com.kms.katalon.core.main.TestCaseExecutor.accessMainPhase(TestCaseExecutor.java:410)
	at com.kms.katalon.core.main.TestCaseExecutor.execute(TestCaseExecutor.java:285)
	at com.kms.katalon.core.common.CommonExecutor.accessTestCaseMainPhase(CommonExecutor.java:65)
	at com.kms.katalon.core.main.TestSuiteExecutor.accessTestSuiteMainPhase(TestSuiteExecutor.java:150)
	at com.kms.katalon.core.main.TestSuiteExecutor.execute(TestSuiteExecutor.java:106)
	at com.kms.katalon.core.main.TestCaseMain.startTestSuite(TestCaseMain.java:180)
	at TempTestSuite1731487603319.run(TempTestSuite1731487603319.groovy:35)
	at java.base/jdk.internal.reflect.NativeMethodAccessorImpl.invoke0(Native Method)
	at java.base/jdk.internal.reflect.NativeMethodAccessorImpl.invoke(NativeMethodAccessorImpl.java:77)
	at java.base/jdk.internal.reflect.DelegatingMethodAccessorImpl.invoke(DelegatingMethodAccessorImpl.java:43)
)

13-11-2024T14:17:00 - [TEST_STEP][PASSED] - path = endPoint: null

13-11-2024T14:17:00 - [TEST_STEP][PASSED] - URL_QA = baseURL_QA + "/" + basePathAPI + "/" + path: null

13-11-2024T14:17:00 - [TEST_STEP][PASSED] - queryResponseQA = sendRequest(findTestObject("CommonRequest/GET_Method_QA", ["token":airlineQA_157_686910, "endPoint":path])): Send request successfully

13-11-2024T14:17:00 - [MESSAGE][INFO] - Finding Test Object 'Object Repository/CommonRequest/GET_Method_QA'

13-11-2024T14:17:00 - [MESSAGE][INFO] - Checking request object

13-11-2024T14:17:03 - [MESSAGE][INFO] - HAR: C:\Users\mayuresh.sonar\KatalonStudio\DataMigration\NFE-API-automationK\Reports\20241113_141643\Variable_Remittance\airline-configuration-variable-remittance\20241113_141643\requests\main\0.har

13-11-2024T14:17:03 - [MESSAGE][PASSED] - Send request successfully

13-11-2024T14:17:03 - [TEST_STEP][FAILED] - verifyResponseStatusCode(queryResponseQA, 200): Unable to verify response status code (Root cause: com.kms.katalon.core.exception.StepFailedException: Expected status code is '200' but actual status code is '401'
	at com.kms.katalon.core.keyword.internal.KeywordMain.stepFailed(KeywordMain.groovy:51)
	at com.kms.katalon.core.webservice.keyword.builtin.VerifyResponseStatusCodeKeyword.verifyStatusCode(VerifyResponseStatusCodeKeyword.groovy:52)
	at com.kms.katalon.core.webservice.keyword.builtin.VerifyResponseStatusCodeKeyword.access$0(VerifyResponseStatusCodeKeyword.groovy)
	at com.kms.katalon.core.webservice.keyword.builtin.VerifyResponseStatusCodeKeyword$_verifyResponseStatusCode_closure1.doCall(VerifyResponseStatusCodeKeyword.groovy:42)
	at com.kms.katalon.core.webservice.keyword.builtin.VerifyResponseStatusCodeKeyword$_verifyResponseStatusCode_closure1.call(VerifyResponseStatusCodeKeyword.groovy)
	at com.kms.katalon.core.keyword.internal.KeywordMain.runKeyword(KeywordMain.groovy:75)
	at com.kms.katalon.core.webservice.keyword.builtin.VerifyResponseStatusCodeKeyword.verifyResponseStatusCode(VerifyResponseStatusCodeKeyword.groovy:37)
	at com.kms.katalon.core.webservice.keyword.builtin.VerifyResponseStatusCodeKeyword.execute(VerifyResponseStatusCodeKeyword.groovy:32)
	at com.kms.katalon.core.keyword.internal.KeywordExecutor.executeKeywordForPlatform(KeywordExecutor.groovy:74)
	at com.kms.katalon.core.webservice.keyword.WSBuiltInKeywords.verifyResponseStatusCode(WSBuiltInKeywords.groovy:345)
	at FCA_12935_ReadDescriptorsAirlineConfigurationVariableRemittance.run(FCA_12935_ReadDescriptorsAirlineConfigurationVariableRemittance:59)
	at com.kms.katalon.core.main.ScriptEngine.run(ScriptEngine.java:194)
	at com.kms.katalon.core.main.ScriptEngine.runScriptAsRawText(ScriptEngine.java:119)
	at com.kms.katalon.core.main.TestCaseExecutor.runScript(TestCaseExecutor.java:448)
	at com.kms.katalon.core.main.TestCaseExecutor.doExecute(TestCaseExecutor.java:439)
	at com.kms.katalon.core.main.TestCaseExecutor.processExecutionPhase(TestCaseExecutor.java:418)
	at com.kms.katalon.core.main.TestCaseExecutor.accessMainPhase(TestCaseExecutor.java:410)
	at com.kms.katalon.core.main.TestCaseExecutor.execute(TestCaseExecutor.java:285)
	at com.kms.katalon.core.common.CommonExecutor.accessTestCaseMainPhase(CommonExecutor.java:65)
	at com.kms.katalon.core.main.TestSuiteExecutor.accessTestSuiteMainPhase(TestSuiteExecutor.java:150)
	at com.kms.katalon.core.main.TestSuiteExecutor.execute(TestSuiteExecutor.java:106)
	at com.kms.katalon.core.main.TestCaseMain.startTestSuite(TestCaseMain.java:180)
	at TempTestSuite1731487603319.run(TempTestSuite1731487603319.groovy:35)
	at java.base/jdk.internal.reflect.NativeMethodAccessorImpl.invoke0(Native Method)
	at java.base/jdk.internal.reflect.NativeMethodAccessorImpl.invoke(NativeMethodAccessorImpl.java:77)
	at java.base/jdk.internal.reflect.DelegatingMethodAccessorImpl.invoke(DelegatingMethodAccessorImpl.java:43)
)

13-11-2024T14:17:03 - [MESSAGE][INFO] - Checking response object

13-11-2024T14:17:03 - [MESSAGE][FAILED] - Expected status code is '200' but actual status code is '401'

13-11-2024T14:17:03 - [MESSAGE][FAILED] - Unable to verify response status code (Root cause: com.kms.katalon.core.exception.StepFailedException: Expected status code is '200' but actual status code is '401'
	at com.kms.katalon.core.keyword.internal.KeywordMain.stepFailed(KeywordMain.groovy:51)
	at com.kms.katalon.core.webservice.keyword.builtin.VerifyResponseStatusCodeKeyword.verifyStatusCode(VerifyResponseStatusCodeKeyword.groovy:52)
	at com.kms.katalon.core.webservice.keyword.builtin.VerifyResponseStatusCodeKeyword.access$0(VerifyResponseStatusCodeKeyword.groovy)
	at com.kms.katalon.core.webservice.keyword.builtin.VerifyResponseStatusCodeKeyword$_verifyResponseStatusCode_closure1.doCall(VerifyResponseStatusCodeKeyword.groovy:42)
	at com.kms.katalon.core.webservice.keyword.builtin.VerifyResponseStatusCodeKeyword$_verifyResponseStatusCode_closure1.call(VerifyResponseStatusCodeKeyword.groovy)
	at com.kms.katalon.core.keyword.internal.KeywordMain.runKeyword(KeywordMain.groovy:75)
	at com.kms.katalon.core.webservice.keyword.builtin.VerifyResponseStatusCodeKeyword.verifyResponseStatusCode(VerifyResponseStatusCodeKeyword.groovy:37)
	at com.kms.katalon.core.webservice.keyword.builtin.VerifyResponseStatusCodeKeyword.execute(VerifyResponseStatusCodeKeyword.groovy:32)
	at com.kms.katalon.core.keyword.internal.KeywordExecutor.executeKeywordForPlatform(KeywordExecutor.groovy:74)
	at com.kms.katalon.core.webservice.keyword.WSBuiltInKeywords.verifyResponseStatusCode(WSBuiltInKeywords.groovy:345)
	at FCA_12935_ReadDescriptorsAirlineConfigurationVariableRemittance.run(FCA_12935_ReadDescriptorsAirlineConfigurationVariableRemittance:59)
	at com.kms.katalon.core.main.ScriptEngine.run(ScriptEngine.java:194)
	at com.kms.katalon.core.main.ScriptEngine.runScriptAsRawText(ScriptEngine.java:119)
	at com.kms.katalon.core.main.TestCaseExecutor.runScript(TestCaseExecutor.java:448)
	at com.kms.katalon.core.main.TestCaseExecutor.doExecute(TestCaseExecutor.java:439)
	at com.kms.katalon.core.main.TestCaseExecutor.processExecutionPhase(TestCaseExecutor.java:418)
	at com.kms.katalon.core.main.TestCaseExecutor.accessMainPhase(TestCaseExecutor.java:410)
	at com.kms.katalon.core.main.TestCaseExecutor.execute(TestCaseExecutor.java:285)
	at com.kms.katalon.core.common.CommonExecutor.accessTestCaseMainPhase(CommonExecutor.java:65)
	at com.kms.katalon.core.main.TestSuiteExecutor.accessTestSuiteMainPhase(TestSuiteExecutor.java:150)
	at com.kms.katalon.core.main.TestSuiteExecutor.execute(TestSuiteExecutor.java:106)
	at com.kms.katalon.core.main.TestCaseMain.startTestSuite(TestCaseMain.java:180)
	at TempTestSuite1731487603319.run(TempTestSuite1731487603319.groovy:35)
	at java.base/jdk.internal.reflect.NativeMethodAccessorImpl.invoke0(Native Method)
	at java.base/jdk.internal.reflect.NativeMethodAccessorImpl.invoke(NativeMethodAccessorImpl.java:77)
	at java.base/jdk.internal.reflect.DelegatingMethodAccessorImpl.invoke(DelegatingMethodAccessorImpl.java:43)
)

13-11-2024T14:17:03 - [TEST_STEP][FAILED] - Start listener action : afterTestCase: null

13-11-2024T14:17:03 - [MESSAGE][INFO] - Starting invoke 'com.kms.katalon.core.annotation.AfterTestCase' method: 'TestListener.afterTestCase(...)'

13-11-2024T14:17:03 - [TEST_STEP][PASSED] - logInfo(testCaseContext.getTestCaseId()): Test Cases/Variable_Remittance/airline-configuration--variable-remittance/FCA_12935_ReadDescriptorsAirlineConfigurationVariableRemittance

13-11-2024T14:17:03 - [MESSAGE][INFO] - Test Cases/Variable_Remittance/airline-configuration--variable-remittance/FCA_12935_ReadDescriptorsAirlineConfigurationVariableRemittance

13-11-2024T14:17:03 - [TEST_STEP][PASSED] - logInfo(testCaseContext.getTestCaseStatus()): FAILED

13-11-2024T14:17:03 - [MESSAGE][INFO] - FAILED

13-11-2024T14:17:03 - [TEST_STEP][PASSED] - responseQA = getTestCaseVariables().get("responseQA"): null

13-11-2024T14:17:03 - [TEST_STEP][PASSED] - responseQAMIG = getTestCaseVariables().get("responseQAMIG"): null

13-11-2024T14:17:03 - [TEST_STEP][PASSED] - sortedQA = getTestCaseVariables().get("sortedRecordsQA"): null

13-11-2024T14:17:03 - [TEST_STEP][PASSED] - sortedQAMIG = getTestCaseVariables().get("sortedRecordsQAMIG"): null

13-11-2024T14:17:03 - [TEST_STEP][PASSED] - reporting.ExtentReporting.logStringData("URL_QA", getTestCaseVariables().get("URL_QA")): reporting.ExtentReporting.logStringData is PASSED

13-11-2024T14:17:03 - [MESSAGE][PASSED] - reporting.ExtentReporting.logStringData is PASSED

13-11-2024T14:17:03 - [TEST_STEP][PASSED] - reporting.ExtentReporting.logStringData("URL_QAMIG", getTestCaseVariables().get("URL_QAMIG")): reporting.ExtentReporting.logStringData is PASSED

13-11-2024T14:17:03 - [MESSAGE][PASSED] - reporting.ExtentReporting.logStringData is PASSED

13-11-2024T14:17:03 - [TEST_STEP][PASSED] - reporting.ExtentReporting.logJSONData("QA Response", responseQA): reporting.ExtentReporting.logJSONData is PASSED

13-11-2024T14:17:03 - [MESSAGE][PASSED] - reporting.ExtentReporting.logJSONData is PASSED

13-11-2024T14:17:03 - [TEST_STEP][PASSED] - reporting.ExtentReporting.logJSONData("QAMIG Response", responseQAMIG): reporting.ExtentReporting.logJSONData is PASSED

13-11-2024T14:17:03 - [MESSAGE][PASSED] - reporting.ExtentReporting.logJSONData is PASSED

13-11-2024T14:17:03 - [TEST_STEP][FAILED] - if (getTestCaseStatus().equals("FAILED")): null

13-11-2024T14:17:03 - [TEST_STEP][PASSED] - responseQAValue = getTestCaseVariables().get("responseQA"): null

13-11-2024T14:17:03 - [TEST_STEP][FAILED] - markFailed(getTestCaseVariables().get("URL_QA")): https://gateway-gateway.apps.qa.okd4.nfe.projects.nonprod.itd.farelogix.com/api/variable-remittance/airlines/6869495355/configuration/descriptors

13-11-2024T14:17:03 - [MESSAGE][FAILED] - https://gateway-gateway.apps.qa.okd4.nfe.projects.nonprod.itd.farelogix.com/api/variable-remittance/airlines/6869495355/configuration/descriptors

13-11-2024T14:17:03 - [TEST_STEP][FAILED] - markFailed(responseQAValue): 

13-11-2024T14:17:03 - [MESSAGE][FAILED] - 

13-11-2024T14:17:03 - [TEST_STEP][PASSED] - responseQAMIGValue = getTestCaseVariables().get("responseQAMIG"): null

13-11-2024T14:17:03 - [TEST_STEP][FAILED] - markFailed(getTestCaseVariables().get("URL_QAMIG")): 

13-11-2024T14:17:03 - [MESSAGE][FAILED] - 

13-11-2024T14:17:03 - [TEST_STEP][FAILED] - markFailed(responseQAMIGValue): 

13-11-2024T14:17:03 - [MESSAGE][FAILED] - 

13-11-2024T14:17:03 - [TEST_STEP][PASSED] - recordsQA = getTestCaseVariables().get("sortedRecordsQA"): null

13-11-2024T14:17:03 - [TEST_STEP][FAILED] - markFailed(recordsQA): 

13-11-2024T14:17:03 - [MESSAGE][FAILED] - 

13-11-2024T14:17:03 - [TEST_STEP][PASSED] - recordsQAMIG = getTestCaseVariables().get("sortedRecordsQAMIG"): null

13-11-2024T14:17:03 - [TEST_STEP][FAILED] - markFailed(recordsQAMIG): 

13-11-2024T14:17:03 - [MESSAGE][FAILED] - 

13-11-2024T14:17:03 - [TEST_STEP][PASSED] - missingIDsList = getTestCaseVariables().get("missing_IDs"): null

13-11-2024T14:17:03 - [TEST_STEP][PASSED] - missingIDsList.each({ java.lang.Object id -> ... }): null

13-11-2024T14:17:03 - [TEST_STEP][PASSED] - fieldsToBeIgnoredList = getTestCaseVariables().get("fieldsToBeIgnoredList"): null

13-11-2024T14:17:03 - [TEST_STEP][PASSED] - fieldsToBeIgnoredList.each({ java.lang.Object fieldName -> ... }): null

13-11-2024T14:17:03 - [TEST_STEP][PASSED] - uniqueKey = getTestCaseVariables().get("keyToSort"): null

13-11-2024T14:17:03 - [TEST_STEP][PASSED] - failedList = getTestCaseVariables().get("failedList"): null

13-11-2024T14:17:03 - [TEST_STEP][FAILED] - markFailed("failedList.size() " + failedList.size()): failedList.size() 0

13-11-2024T14:17:03 - [MESSAGE][FAILED] - failedList.size() 0

13-11-2024T14:17:03 - [TEST_STEP][PASSED] - hashMapF1 = new java.util.HashMap(): null

13-11-2024T14:17:03 - [TEST_STEP][PASSED] - hashMapF2 = new java.util.HashMap(): null

13-11-2024T14:17:03 - [TEST_STEP][PASSED] - failedList.forEach({ java.lang.Object failedF -> ... }): null

13-11-2024T14:17:03 - [TEST_STEP][PASSED] - keySet().forEach({ java.lang.Object key -> ... }): null

13-11-2024T14:17:03 - [TEST_STEP][PASSED] - hashMapFEx1 = new java.util.HashMap(): null

13-11-2024T14:17:03 - [TEST_STEP][PASSED] - hashMapFEx2 = new java.util.HashMap(): null

13-11-2024T14:17:03 - [TEST_STEP][PASSED] - failedList.forEach({ java.lang.Object failedF -> ... }): null

13-11-2024T14:17:03 - [TEST_STEP][PASSED] - keySet().forEach({ java.lang.Object key -> ... }): null

13-11-2024T14:17:03 - [TEST_STEP][PASSED] - missingList = getTestCaseVariables().get("missingList"): null

13-11-2024T14:17:03 - [TEST_STEP][FAILED] - markFailed("missingList.size() " + missingList.size()): missingList.size() 0

13-11-2024T14:17:04 - [MESSAGE][FAILED] - missingList.size() 0

13-11-2024T14:17:04 - [TEST_STEP][PASSED] - hashMapM = new java.util.HashMap(): null

13-11-2024T14:17:04 - [TEST_STEP][PASSED] - missingAll = new java.util.LinkedHashMap(): null

13-11-2024T14:17:04 - [TEST_STEP][PASSED] - c = 0: null

13-11-2024T14:17:04 - [TEST_STEP][PASSED] - if (missingList.size() > 0): null

13-11-2024T14:17:04 - [TEST_STEP][FAILED] - markFailed("Missing from QAMIG size -> " + hashMapM.size()): Missing from QAMIG size -> 0

13-11-2024T14:17:04 - [MESSAGE][FAILED] - Missing from QAMIG size -> 0

13-11-2024T14:17:04 - [TEST_STEP][FAILED] - markFailed("Missing from QAMIG -> " + hashMapM): Missing from QAMIG -> [:]

13-11-2024T14:17:04 - [MESSAGE][FAILED] - Missing from QAMIG -> [:]

13-11-2024T14:17:04 - [TEST_STEP][PASSED] - if (hashMapM.size() > 0): null

13-11-2024T14:17:04 - [TEST_STEP][PASSED] - unexpectedList = getTestCaseVariables().get("unexpectedList"): null

13-11-2024T14:17:04 - [TEST_STEP][FAILED] - markFailed("unexpectedList.size() " + unexpectedList.size()): unexpectedList.size() 0

13-11-2024T14:17:04 - [MESSAGE][FAILED] - unexpectedList.size() 0

13-11-2024T14:17:04 - [TEST_STEP][PASSED] - hashMapU = new java.util.HashMap(): null

13-11-2024T14:17:04 - [TEST_STEP][PASSED] - if (unexpectedList.size() > 0): null

13-11-2024T14:17:04 - [TEST_STEP][FAILED] - markFailed("Missing from QA size -> " + hashMapU.size()): Missing from QA size -> 0

13-11-2024T14:17:04 - [MESSAGE][FAILED] - Missing from QA size -> 0

13-11-2024T14:17:04 - [TEST_STEP][FAILED] - markFailed("Missing from QA -> " + hashMapU): Missing from QA -> [:]

13-11-2024T14:17:04 - [MESSAGE][FAILED] - Missing from QA -> [:]

13-11-2024T14:17:04 - [TEST_STEP][PASSED] - missing_IDs = getTestCaseVariables().get("missing_IDs"): null

13-11-2024T14:17:04 - [TEST_STEP][PASSED] - if (missing_IDs.size() > 0): null

13-11-2024T14:17:04 - [TEST_STEP][PASSED] - reporting.ExtentReporting.testStatus("FAIL", testCaseContext.getMessage()): reporting.ExtentReporting.testStatus is PASSED

13-11-2024T14:17:04 - [MESSAGE][PASSED] - reporting.ExtentReporting.testStatus is PASSED

13-11-2024T14:17:04 - [TEST_STEP][PASSED] - if (extentFlag.equals("y")): Invoke 'com.kms.katalon.core.annotation.AfterTestCase' method: 'TestListener.afterTestCase(...)' completed.

13-11-2024T14:17:04 - [TEST_STEP][PASSED] - reporting.ExtentReporting.endTest(): Invoke 'com.kms.katalon.core.annotation.AfterTestCase' method: 'TestListener.afterTestCase(...)' completed.

13-11-2024T14:17:04 - [MESSAGE][PASSED] - reporting.ExtentReporting.endTest is PASSED

13-11-2024T14:17:04 - [MESSAGE][INFO] - Invoke 'com.kms.katalon.core.annotation.AfterTestCase' method: 'TestListener.afterTestCase(...)' completed.]]></system-out>
         <system-err><![CDATA[13-11-2024T14:16:52 - [TEST_CASE][FAILED] - Test Cases/Variable_Remittance/airline-configuration--variable-remittance/FCA_12935_ReadDescriptorsAirlineConfigurationVariableRemittance: Test Cases/Variable_Remittance/airline-configuration--variable-remittance/FCA_12935_ReadDescriptorsAirlineConfigurationVariableRemittance FAILED.
Reason:
com.kms.katalon.core.exception.StepFailedException: Expected status code is '200' but actual status code is '401'
	at com.kms.katalon.core.keyword.internal.KeywordMain.stepFailed(KeywordMain.groovy:51)
	at com.kms.katalon.core.webservice.keyword.builtin.VerifyResponseStatusCodeKeyword.verifyStatusCode(VerifyResponseStatusCodeKeyword.groovy:52)
	at com.kms.katalon.core.webservice.keyword.builtin.VerifyResponseStatusCodeKeyword.access$0(VerifyResponseStatusCodeKeyword.groovy)
	at com.kms.katalon.core.webservice.keyword.builtin.VerifyResponseStatusCodeKeyword$_verifyResponseStatusCode_closure1.doCall(VerifyResponseStatusCodeKeyword.groovy:42)
	at com.kms.katalon.core.webservice.keyword.builtin.VerifyResponseStatusCodeKeyword$_verifyResponseStatusCode_closure1.call(VerifyResponseStatusCodeKeyword.groovy)
	at com.kms.katalon.core.keyword.internal.KeywordMain.runKeyword(KeywordMain.groovy:75)
	at com.kms.katalon.core.webservice.keyword.builtin.VerifyResponseStatusCodeKeyword.verifyResponseStatusCode(VerifyResponseStatusCodeKeyword.groovy:37)
	at com.kms.katalon.core.webservice.keyword.builtin.VerifyResponseStatusCodeKeyword.execute(VerifyResponseStatusCodeKeyword.groovy:32)
	at com.kms.katalon.core.keyword.internal.KeywordExecutor.executeKeywordForPlatform(KeywordExecutor.groovy:74)
	at com.kms.katalon.core.webservice.keyword.WSBuiltInKeywords.verifyResponseStatusCode(WSBuiltInKeywords.groovy:345)
	at FCA_12935_ReadDescriptorsAirlineConfigurationVariableRemittance.run(FCA_12935_ReadDescriptorsAirlineConfigurationVariableRemittance:59)
	at com.kms.katalon.core.main.ScriptEngine.run(ScriptEngine.java:194)
	at com.kms.katalon.core.main.ScriptEngine.runScriptAsRawText(ScriptEngine.java:119)
	at com.kms.katalon.core.main.TestCaseExecutor.runScript(TestCaseExecutor.java:448)
	at com.kms.katalon.core.main.TestCaseExecutor.doExecute(TestCaseExecutor.java:439)
	at com.kms.katalon.core.main.TestCaseExecutor.processExecutionPhase(TestCaseExecutor.java:418)
	at com.kms.katalon.core.main.TestCaseExecutor.accessMainPhase(TestCaseExecutor.java:410)
	at com.kms.katalon.core.main.TestCaseExecutor.execute(TestCaseExecutor.java:285)
	at com.kms.katalon.core.common.CommonExecutor.accessTestCaseMainPhase(CommonExecutor.java:65)
	at com.kms.katalon.core.main.TestSuiteExecutor.accessTestSuiteMainPhase(TestSuiteExecutor.java:150)
	at com.kms.katalon.core.main.TestSuiteExecutor.execute(TestSuiteExecutor.java:106)
	at com.kms.katalon.core.main.TestCaseMain.startTestSuite(TestCaseMain.java:180)
	at TempTestSuite1731487603319.run(TempTestSuite1731487603319.groovy:35)
	at java.base/jdk.internal.reflect.NativeMethodAccessorImpl.invoke0(Native Method)
	at java.base/jdk.internal.reflect.NativeMethodAccessorImpl.invoke(NativeMethodAccessorImpl.java:77)
	at java.base/jdk.internal.reflect.DelegatingMethodAccessorImpl.invoke(DelegatingMethodAccessorImpl.java:43)]]></system-err>
      </testcase>
      <testcase name="Test Cases/Variable_Remittance/airline-configuration--variable-remittance/FCA_12950_ReadAirlineConfigurationVariableRemittance" time="2.416" classname="Test Cases/Variable_Remittance/airline-configuration--variable-remittance/FCA_12950_ReadAirlineConfigurationVariableRemittance" status="FAILED">
         <failure type="FAILED" message="Test Cases/Variable_Remittance/airline-configuration--variable-remittance/FCA_12950_ReadAirlineConfigurationVariableRemittance FAILED.&#xa;Reason:&#xa;com.kms.katalon.core.exception.StepFailedException: Expected status code is '200' but actual status code is '401'&#xa;	at com.kms.katalon.core.keyword.internal.KeywordMain.stepFailed(KeywordMain.groovy:51)&#xa;	at com.kms.katalon.core.webservice.keyword.builtin.VerifyResponseStatusCodeKeyword.verifyStatusCode(VerifyResponseStatusCodeKeyword.groovy:52)&#xa;	at com.kms.katalon.core.webservice.keyword.builtin.VerifyResponseStatusCodeKeyword.access$0(VerifyResponseStatusCodeKeyword.groovy)&#xa;	at com.kms.katalon.core.webservice.keyword.builtin.VerifyResponseStatusCodeKeyword$_verifyResponseStatusCode_closure1.doCall(VerifyResponseStatusCodeKeyword.groovy:42)&#xa;	at com.kms.katalon.core.webservice.keyword.builtin.VerifyResponseStatusCodeKeyword$_verifyResponseStatusCode_closure1.call(VerifyResponseStatusCodeKeyword.groovy)&#xa;	at com.kms.katalon.core.keyword.internal.KeywordMain.runKeyword(KeywordMain.groovy:75)&#xa;	at com.kms.katalon.core.webservice.keyword.builtin.VerifyResponseStatusCodeKeyword.verifyResponseStatusCode(VerifyResponseStatusCodeKeyword.groovy:37)&#xa;	at com.kms.katalon.core.webservice.keyword.builtin.VerifyResponseStatusCodeKeyword.execute(VerifyResponseStatusCodeKeyword.groovy:32)&#xa;	at com.kms.katalon.core.keyword.internal.KeywordExecutor.executeKeywordForPlatform(KeywordExecutor.groovy:74)&#xa;	at com.kms.katalon.core.webservice.keyword.WSBuiltInKeywords.verifyResponseStatusCode(WSBuiltInKeywords.groovy:345)&#xa;	at FCA_12950_ReadAirlineConfigurationVariableRemittance.run(FCA_12950_ReadAirlineConfigurationVariableRemittance:59)&#xa;	at com.kms.katalon.core.main.ScriptEngine.run(ScriptEngine.java:194)&#xa;	at com.kms.katalon.core.main.ScriptEngine.runScriptAsRawText(ScriptEngine.java:119)&#xa;	at com.kms.katalon.core.main.TestCaseExecutor.runScript(TestCaseExecutor.java:448)&#xa;	at com.kms.katalon.core.main.TestCaseExecutor.doExecute(TestCaseExecutor.java:439)&#xa;	at com.kms.katalon.core.main.TestCaseExecutor.processExecutionPhase(TestCaseExecutor.java:418)&#xa;	at com.kms.katalon.core.main.TestCaseExecutor.accessMainPhase(TestCaseExecutor.java:410)&#xa;	at com.kms.katalon.core.main.TestCaseExecutor.execute(TestCaseExecutor.java:285)&#xa;	at com.kms.katalon.core.common.CommonExecutor.accessTestCaseMainPhase(CommonExecutor.java:65)&#xa;	at com.kms.katalon.core.main.TestSuiteExecutor.accessTestSuiteMainPhase(TestSuiteExecutor.java:150)&#xa;	at com.kms.katalon.core.main.TestSuiteExecutor.execute(TestSuiteExecutor.java:106)&#xa;	at com.kms.katalon.core.main.TestCaseMain.startTestSuite(TestCaseMain.java:180)&#xa;	at TempTestSuite1731487603319.run(TempTestSuite1731487603319.groovy:35)&#xa;	at java.base/jdk.internal.reflect.NativeMethodAccessorImpl.invoke0(Native Method)&#xa;	at java.base/jdk.internal.reflect.NativeMethodAccessorImpl.invoke(NativeMethodAccessorImpl.java:77)&#xa;	at java.base/jdk.internal.reflect.DelegatingMethodAccessorImpl.invoke(DelegatingMethodAccessorImpl.java:43)&#xa;"/>
         <system-out><![CDATA[13-11-2024T14:17:04 - [TEST_CASE][FAILED] - Test Cases/Variable_Remittance/airline-configuration--variable-remittance/FCA_12950_ReadAirlineConfigurationVariableRemittance: Test Cases/Variable_Remittance/airline-configuration--variable-remittance/FCA_12950_ReadAirlineConfigurationVariableRemittance FAILED.
Reason:
com.kms.katalon.core.exception.StepFailedException: Expected status code is '200' but actual status code is '401'
	at com.kms.katalon.core.keyword.internal.KeywordMain.stepFailed(KeywordMain.groovy:51)
	at com.kms.katalon.core.webservice.keyword.builtin.VerifyResponseStatusCodeKeyword.verifyStatusCode(VerifyResponseStatusCodeKeyword.groovy:52)
	at com.kms.katalon.core.webservice.keyword.builtin.VerifyResponseStatusCodeKeyword.access$0(VerifyResponseStatusCodeKeyword.groovy)
	at com.kms.katalon.core.webservice.keyword.builtin.VerifyResponseStatusCodeKeyword$_verifyResponseStatusCode_closure1.doCall(VerifyResponseStatusCodeKeyword.groovy:42)
	at com.kms.katalon.core.webservice.keyword.builtin.VerifyResponseStatusCodeKeyword$_verifyResponseStatusCode_closure1.call(VerifyResponseStatusCodeKeyword.groovy)
	at com.kms.katalon.core.keyword.internal.KeywordMain.runKeyword(KeywordMain.groovy:75)
	at com.kms.katalon.core.webservice.keyword.builtin.VerifyResponseStatusCodeKeyword.verifyResponseStatusCode(VerifyResponseStatusCodeKeyword.groovy:37)
	at com.kms.katalon.core.webservice.keyword.builtin.VerifyResponseStatusCodeKeyword.execute(VerifyResponseStatusCodeKeyword.groovy:32)
	at com.kms.katalon.core.keyword.internal.KeywordExecutor.executeKeywordForPlatform(KeywordExecutor.groovy:74)
	at com.kms.katalon.core.webservice.keyword.WSBuiltInKeywords.verifyResponseStatusCode(WSBuiltInKeywords.groovy:345)
	at FCA_12950_ReadAirlineConfigurationVariableRemittance.run(FCA_12950_ReadAirlineConfigurationVariableRemittance:59)
	at com.kms.katalon.core.main.ScriptEngine.run(ScriptEngine.java:194)
	at com.kms.katalon.core.main.ScriptEngine.runScriptAsRawText(ScriptEngine.java:119)
	at com.kms.katalon.core.main.TestCaseExecutor.runScript(TestCaseExecutor.java:448)
	at com.kms.katalon.core.main.TestCaseExecutor.doExecute(TestCaseExecutor.java:439)
	at com.kms.katalon.core.main.TestCaseExecutor.processExecutionPhase(TestCaseExecutor.java:418)
	at com.kms.katalon.core.main.TestCaseExecutor.accessMainPhase(TestCaseExecutor.java:410)
	at com.kms.katalon.core.main.TestCaseExecutor.execute(TestCaseExecutor.java:285)
	at com.kms.katalon.core.common.CommonExecutor.accessTestCaseMainPhase(CommonExecutor.java:65)
	at com.kms.katalon.core.main.TestSuiteExecutor.accessTestSuiteMainPhase(TestSuiteExecutor.java:150)
	at com.kms.katalon.core.main.TestSuiteExecutor.execute(TestSuiteExecutor.java:106)
	at com.kms.katalon.core.main.TestCaseMain.startTestSuite(TestCaseMain.java:180)
	at TempTestSuite1731487603319.run(TempTestSuite1731487603319.groovy:35)
	at java.base/jdk.internal.reflect.NativeMethodAccessorImpl.invoke0(Native Method)
	at java.base/jdk.internal.reflect.NativeMethodAccessorImpl.invoke(NativeMethodAccessorImpl.java:77)
	at java.base/jdk.internal.reflect.DelegatingMethodAccessorImpl.invoke(DelegatingMethodAccessorImpl.java:43)


13-11-2024T14:17:05 - [TEST_STEP][PASSED] - Start listener action : Before: Invoke 'com.kms.katalon.core.annotation.BeforeTestCase' method: 'TestListener.Before(...)' completed.

13-11-2024T14:17:05 - [MESSAGE][INFO] - Starting invoke 'com.kms.katalon.core.annotation.BeforeTestCase' method: 'TestListener.Before(...)'

13-11-2024T14:17:05 - [TEST_STEP][PASSED] - tc_description = testCaseContext.getMessage(): null

13-11-2024T14:17:05 - [TEST_STEP][PASSED] - tcName = testCaseId: null

13-11-2024T14:17:05 - [TEST_STEP][PASSED] - println(tcName): null

13-11-2024T14:17:05 - [TEST_STEP][PASSED] - reporting.ExtentReporting.startTest(reportPath, testSuiteName, tcName, tc_description, author, "Extent Test", reportFile): Invoke 'com.kms.katalon.core.annotation.BeforeTestCase' method: 'TestListener.Before(...)' completed.

13-11-2024T14:17:05 - [MESSAGE][PASSED] - reporting.ExtentReporting.startTest is PASSED

13-11-2024T14:17:05 - [MESSAGE][INFO] - Invoke 'com.kms.katalon.core.annotation.BeforeTestCase' method: 'TestListener.Before(...)' completed.

13-11-2024T14:17:06 - [TEST_STEP][FAILED] - if (flag == "Y"): Unable to verify response status code (Root cause: com.kms.katalon.core.exception.StepFailedException: Expected status code is '200' but actual status code is '401'
	at com.kms.katalon.core.keyword.internal.KeywordMain.stepFailed(KeywordMain.groovy:51)
	at com.kms.katalon.core.webservice.keyword.builtin.VerifyResponseStatusCodeKeyword.verifyStatusCode(VerifyResponseStatusCodeKeyword.groovy:52)
	at com.kms.katalon.core.webservice.keyword.builtin.VerifyResponseStatusCodeKeyword.access$0(VerifyResponseStatusCodeKeyword.groovy)
	at com.kms.katalon.core.webservice.keyword.builtin.VerifyResponseStatusCodeKeyword$_verifyResponseStatusCode_closure1.doCall(VerifyResponseStatusCodeKeyword.groovy:42)
	at com.kms.katalon.core.webservice.keyword.builtin.VerifyResponseStatusCodeKeyword$_verifyResponseStatusCode_closure1.call(VerifyResponseStatusCodeKeyword.groovy)
	at com.kms.katalon.core.keyword.internal.KeywordMain.runKeyword(KeywordMain.groovy:75)
	at com.kms.katalon.core.webservice.keyword.builtin.VerifyResponseStatusCodeKeyword.verifyResponseStatusCode(VerifyResponseStatusCodeKeyword.groovy:37)
	at com.kms.katalon.core.webservice.keyword.builtin.VerifyResponseStatusCodeKeyword.execute(VerifyResponseStatusCodeKeyword.groovy:32)
	at com.kms.katalon.core.keyword.internal.KeywordExecutor.executeKeywordForPlatform(KeywordExecutor.groovy:74)
	at com.kms.katalon.core.webservice.keyword.WSBuiltInKeywords.verifyResponseStatusCode(WSBuiltInKeywords.groovy:345)
	at FCA_12950_ReadAirlineConfigurationVariableRemittance.run(FCA_12950_ReadAirlineConfigurationVariableRemittance:59)
	at com.kms.katalon.core.main.ScriptEngine.run(ScriptEngine.java:194)
	at com.kms.katalon.core.main.ScriptEngine.runScriptAsRawText(ScriptEngine.java:119)
	at com.kms.katalon.core.main.TestCaseExecutor.runScript(TestCaseExecutor.java:448)
	at com.kms.katalon.core.main.TestCaseExecutor.doExecute(TestCaseExecutor.java:439)
	at com.kms.katalon.core.main.TestCaseExecutor.processExecutionPhase(TestCaseExecutor.java:418)
	at com.kms.katalon.core.main.TestCaseExecutor.accessMainPhase(TestCaseExecutor.java:410)
	at com.kms.katalon.core.main.TestCaseExecutor.execute(TestCaseExecutor.java:285)
	at com.kms.katalon.core.common.CommonExecutor.accessTestCaseMainPhase(CommonExecutor.java:65)
	at com.kms.katalon.core.main.TestSuiteExecutor.accessTestSuiteMainPhase(TestSuiteExecutor.java:150)
	at com.kms.katalon.core.main.TestSuiteExecutor.execute(TestSuiteExecutor.java:106)
	at com.kms.katalon.core.main.TestCaseMain.startTestSuite(TestCaseMain.java:180)
	at TempTestSuite1731487603319.run(TempTestSuite1731487603319.groovy:35)
	at java.base/jdk.internal.reflect.NativeMethodAccessorImpl.invoke0(Native Method)
	at java.base/jdk.internal.reflect.NativeMethodAccessorImpl.invoke(NativeMethodAccessorImpl.java:77)
	at java.base/jdk.internal.reflect.DelegatingMethodAccessorImpl.invoke(DelegatingMethodAccessorImpl.java:43)
)

13-11-2024T14:17:06 - [TEST_STEP][PASSED] - path = endPoint: null

13-11-2024T14:17:06 - [TEST_STEP][PASSED] - URL_QA = baseURL_QA + "/" + basePathAPI + "/" + path: null

13-11-2024T14:17:06 - [TEST_STEP][PASSED] - queryResponseQA = sendRequest(findTestObject("CommonRequest/GET_Method_QA", ["token":airlineQA_157_686910, "endPoint":path])): Send request successfully

13-11-2024T14:17:06 - [MESSAGE][INFO] - Finding Test Object 'Object Repository/CommonRequest/GET_Method_QA'

13-11-2024T14:17:06 - [MESSAGE][INFO] - Checking request object

13-11-2024T14:17:06 - [MESSAGE][INFO] - HAR: C:\Users\mayuresh.sonar\KatalonStudio\DataMigration\NFE-API-automationK\Reports\20241113_141643\Variable_Remittance\airline-configuration-variable-remittance\20241113_141643\requests\main\1.har

13-11-2024T14:17:06 - [MESSAGE][PASSED] - Send request successfully

13-11-2024T14:17:06 - [TEST_STEP][FAILED] - verifyResponseStatusCode(queryResponseQA, 200): Unable to verify response status code (Root cause: com.kms.katalon.core.exception.StepFailedException: Expected status code is '200' but actual status code is '401'
	at com.kms.katalon.core.keyword.internal.KeywordMain.stepFailed(KeywordMain.groovy:51)
	at com.kms.katalon.core.webservice.keyword.builtin.VerifyResponseStatusCodeKeyword.verifyStatusCode(VerifyResponseStatusCodeKeyword.groovy:52)
	at com.kms.katalon.core.webservice.keyword.builtin.VerifyResponseStatusCodeKeyword.access$0(VerifyResponseStatusCodeKeyword.groovy)
	at com.kms.katalon.core.webservice.keyword.builtin.VerifyResponseStatusCodeKeyword$_verifyResponseStatusCode_closure1.doCall(VerifyResponseStatusCodeKeyword.groovy:42)
	at com.kms.katalon.core.webservice.keyword.builtin.VerifyResponseStatusCodeKeyword$_verifyResponseStatusCode_closure1.call(VerifyResponseStatusCodeKeyword.groovy)
	at com.kms.katalon.core.keyword.internal.KeywordMain.runKeyword(KeywordMain.groovy:75)
	at com.kms.katalon.core.webservice.keyword.builtin.VerifyResponseStatusCodeKeyword.verifyResponseStatusCode(VerifyResponseStatusCodeKeyword.groovy:37)
	at com.kms.katalon.core.webservice.keyword.builtin.VerifyResponseStatusCodeKeyword.execute(VerifyResponseStatusCodeKeyword.groovy:32)
	at com.kms.katalon.core.keyword.internal.KeywordExecutor.executeKeywordForPlatform(KeywordExecutor.groovy:74)
	at com.kms.katalon.core.webservice.keyword.WSBuiltInKeywords.verifyResponseStatusCode(WSBuiltInKeywords.groovy:345)
	at FCA_12950_ReadAirlineConfigurationVariableRemittance.run(FCA_12950_ReadAirlineConfigurationVariableRemittance:59)
	at com.kms.katalon.core.main.ScriptEngine.run(ScriptEngine.java:194)
	at com.kms.katalon.core.main.ScriptEngine.runScriptAsRawText(ScriptEngine.java:119)
	at com.kms.katalon.core.main.TestCaseExecutor.runScript(TestCaseExecutor.java:448)
	at com.kms.katalon.core.main.TestCaseExecutor.doExecute(TestCaseExecutor.java:439)
	at com.kms.katalon.core.main.TestCaseExecutor.processExecutionPhase(TestCaseExecutor.java:418)
	at com.kms.katalon.core.main.TestCaseExecutor.accessMainPhase(TestCaseExecutor.java:410)
	at com.kms.katalon.core.main.TestCaseExecutor.execute(TestCaseExecutor.java:285)
	at com.kms.katalon.core.common.CommonExecutor.accessTestCaseMainPhase(CommonExecutor.java:65)
	at com.kms.katalon.core.main.TestSuiteExecutor.accessTestSuiteMainPhase(TestSuiteExecutor.java:150)
	at com.kms.katalon.core.main.TestSuiteExecutor.execute(TestSuiteExecutor.java:106)
	at com.kms.katalon.core.main.TestCaseMain.startTestSuite(TestCaseMain.java:180)
	at TempTestSuite1731487603319.run(TempTestSuite1731487603319.groovy:35)
	at java.base/jdk.internal.reflect.NativeMethodAccessorImpl.invoke0(Native Method)
	at java.base/jdk.internal.reflect.NativeMethodAccessorImpl.invoke(NativeMethodAccessorImpl.java:77)
	at java.base/jdk.internal.reflect.DelegatingMethodAccessorImpl.invoke(DelegatingMethodAccessorImpl.java:43)
)

13-11-2024T14:17:06 - [MESSAGE][INFO] - Checking response object

13-11-2024T14:17:06 - [MESSAGE][FAILED] - Expected status code is '200' but actual status code is '401'

13-11-2024T14:17:06 - [MESSAGE][FAILED] - Unable to verify response status code (Root cause: com.kms.katalon.core.exception.StepFailedException: Expected status code is '200' but actual status code is '401'
	at com.kms.katalon.core.keyword.internal.KeywordMain.stepFailed(KeywordMain.groovy:51)
	at com.kms.katalon.core.webservice.keyword.builtin.VerifyResponseStatusCodeKeyword.verifyStatusCode(VerifyResponseStatusCodeKeyword.groovy:52)
	at com.kms.katalon.core.webservice.keyword.builtin.VerifyResponseStatusCodeKeyword.access$0(VerifyResponseStatusCodeKeyword.groovy)
	at com.kms.katalon.core.webservice.keyword.builtin.VerifyResponseStatusCodeKeyword$_verifyResponseStatusCode_closure1.doCall(VerifyResponseStatusCodeKeyword.groovy:42)
	at com.kms.katalon.core.webservice.keyword.builtin.VerifyResponseStatusCodeKeyword$_verifyResponseStatusCode_closure1.call(VerifyResponseStatusCodeKeyword.groovy)
	at com.kms.katalon.core.keyword.internal.KeywordMain.runKeyword(KeywordMain.groovy:75)
	at com.kms.katalon.core.webservice.keyword.builtin.VerifyResponseStatusCodeKeyword.verifyResponseStatusCode(VerifyResponseStatusCodeKeyword.groovy:37)
	at com.kms.katalon.core.webservice.keyword.builtin.VerifyResponseStatusCodeKeyword.execute(VerifyResponseStatusCodeKeyword.groovy:32)
	at com.kms.katalon.core.keyword.internal.KeywordExecutor.executeKeywordForPlatform(KeywordExecutor.groovy:74)
	at com.kms.katalon.core.webservice.keyword.WSBuiltInKeywords.verifyResponseStatusCode(WSBuiltInKeywords.groovy:345)
	at FCA_12950_ReadAirlineConfigurationVariableRemittance.run(FCA_12950_ReadAirlineConfigurationVariableRemittance:59)
	at com.kms.katalon.core.main.ScriptEngine.run(ScriptEngine.java:194)
	at com.kms.katalon.core.main.ScriptEngine.runScriptAsRawText(ScriptEngine.java:119)
	at com.kms.katalon.core.main.TestCaseExecutor.runScript(TestCaseExecutor.java:448)
	at com.kms.katalon.core.main.TestCaseExecutor.doExecute(TestCaseExecutor.java:439)
	at com.kms.katalon.core.main.TestCaseExecutor.processExecutionPhase(TestCaseExecutor.java:418)
	at com.kms.katalon.core.main.TestCaseExecutor.accessMainPhase(TestCaseExecutor.java:410)
	at com.kms.katalon.core.main.TestCaseExecutor.execute(TestCaseExecutor.java:285)
	at com.kms.katalon.core.common.CommonExecutor.accessTestCaseMainPhase(CommonExecutor.java:65)
	at com.kms.katalon.core.main.TestSuiteExecutor.accessTestSuiteMainPhase(TestSuiteExecutor.java:150)
	at com.kms.katalon.core.main.TestSuiteExecutor.execute(TestSuiteExecutor.java:106)
	at com.kms.katalon.core.main.TestCaseMain.startTestSuite(TestCaseMain.java:180)
	at TempTestSuite1731487603319.run(TempTestSuite1731487603319.groovy:35)
	at java.base/jdk.internal.reflect.NativeMethodAccessorImpl.invoke0(Native Method)
	at java.base/jdk.internal.reflect.NativeMethodAccessorImpl.invoke(NativeMethodAccessorImpl.java:77)
	at java.base/jdk.internal.reflect.DelegatingMethodAccessorImpl.invoke(DelegatingMethodAccessorImpl.java:43)
)

13-11-2024T14:17:06 - [TEST_STEP][FAILED] - Start listener action : afterTestCase: null

13-11-2024T14:17:06 - [MESSAGE][INFO] - Starting invoke 'com.kms.katalon.core.annotation.AfterTestCase' method: 'TestListener.afterTestCase(...)'

13-11-2024T14:17:06 - [TEST_STEP][PASSED] - logInfo(testCaseContext.getTestCaseId()): Test Cases/Variable_Remittance/airline-configuration--variable-remittance/FCA_12950_ReadAirlineConfigurationVariableRemittance

13-11-2024T14:17:06 - [MESSAGE][INFO] - Test Cases/Variable_Remittance/airline-configuration--variable-remittance/FCA_12950_ReadAirlineConfigurationVariableRemittance

13-11-2024T14:17:06 - [TEST_STEP][PASSED] - logInfo(testCaseContext.getTestCaseStatus()): FAILED

13-11-2024T14:17:06 - [MESSAGE][INFO] - FAILED

13-11-2024T14:17:06 - [TEST_STEP][PASSED] - responseQA = getTestCaseVariables().get("responseQA"): null

13-11-2024T14:17:06 - [TEST_STEP][PASSED] - responseQAMIG = getTestCaseVariables().get("responseQAMIG"): null

13-11-2024T14:17:06 - [TEST_STEP][PASSED] - sortedQA = getTestCaseVariables().get("sortedRecordsQA"): null

13-11-2024T14:17:06 - [TEST_STEP][PASSED] - sortedQAMIG = getTestCaseVariables().get("sortedRecordsQAMIG"): null

13-11-2024T14:17:06 - [TEST_STEP][PASSED] - reporting.ExtentReporting.logStringData("URL_QA", getTestCaseVariables().get("URL_QA")): reporting.ExtentReporting.logStringData is PASSED

13-11-2024T14:17:06 - [MESSAGE][PASSED] - reporting.ExtentReporting.logStringData is PASSED

13-11-2024T14:17:06 - [TEST_STEP][PASSED] - reporting.ExtentReporting.logStringData("URL_QAMIG", getTestCaseVariables().get("URL_QAMIG")): reporting.ExtentReporting.logStringData is PASSED

13-11-2024T14:17:06 - [MESSAGE][PASSED] - reporting.ExtentReporting.logStringData is PASSED

13-11-2024T14:17:06 - [TEST_STEP][PASSED] - reporting.ExtentReporting.logJSONData("QA Response", responseQA): reporting.ExtentReporting.logJSONData is PASSED

13-11-2024T14:17:06 - [MESSAGE][PASSED] - reporting.ExtentReporting.logJSONData is PASSED

13-11-2024T14:17:06 - [TEST_STEP][PASSED] - reporting.ExtentReporting.logJSONData("QAMIG Response", responseQAMIG): reporting.ExtentReporting.logJSONData is PASSED

13-11-2024T14:17:06 - [MESSAGE][PASSED] - reporting.ExtentReporting.logJSONData is PASSED

13-11-2024T14:17:06 - [TEST_STEP][FAILED] - if (getTestCaseStatus().equals("FAILED")): null

13-11-2024T14:17:06 - [TEST_STEP][PASSED] - responseQAValue = getTestCaseVariables().get("responseQA"): null

13-11-2024T14:17:06 - [TEST_STEP][FAILED] - markFailed(getTestCaseVariables().get("URL_QA")): https://gateway-gateway.apps.qa.okd4.nfe.projects.nonprod.itd.farelogix.com/api/variable-remittance/airlines/6869495355/configuration

13-11-2024T14:17:06 - [MESSAGE][FAILED] - https://gateway-gateway.apps.qa.okd4.nfe.projects.nonprod.itd.farelogix.com/api/variable-remittance/airlines/6869495355/configuration

13-11-2024T14:17:06 - [TEST_STEP][FAILED] - markFailed(responseQAValue): 

13-11-2024T14:17:06 - [MESSAGE][FAILED] - 

13-11-2024T14:17:06 - [TEST_STEP][PASSED] - responseQAMIGValue = getTestCaseVariables().get("responseQAMIG"): null

13-11-2024T14:17:06 - [TEST_STEP][FAILED] - markFailed(getTestCaseVariables().get("URL_QAMIG")): 

13-11-2024T14:17:06 - [MESSAGE][FAILED] - 

13-11-2024T14:17:06 - [TEST_STEP][FAILED] - markFailed(responseQAMIGValue): 

13-11-2024T14:17:06 - [MESSAGE][FAILED] - 

13-11-2024T14:17:06 - [TEST_STEP][PASSED] - recordsQA = getTestCaseVariables().get("sortedRecordsQA"): null

13-11-2024T14:17:06 - [TEST_STEP][FAILED] - markFailed(recordsQA): 

13-11-2024T14:17:06 - [MESSAGE][FAILED] - 

13-11-2024T14:17:06 - [TEST_STEP][PASSED] - recordsQAMIG = getTestCaseVariables().get("sortedRecordsQAMIG"): null

13-11-2024T14:17:06 - [TEST_STEP][FAILED] - markFailed(recordsQAMIG): 

13-11-2024T14:17:06 - [MESSAGE][FAILED] - 

13-11-2024T14:17:06 - [TEST_STEP][PASSED] - missingIDsList = getTestCaseVariables().get("missing_IDs"): null

13-11-2024T14:17:06 - [TEST_STEP][PASSED] - missingIDsList.each({ java.lang.Object id -> ... }): null

13-11-2024T14:17:06 - [TEST_STEP][PASSED] - fieldsToBeIgnoredList = getTestCaseVariables().get("fieldsToBeIgnoredList"): null

13-11-2024T14:17:06 - [TEST_STEP][PASSED] - fieldsToBeIgnoredList.each({ java.lang.Object fieldName -> ... }): null

13-11-2024T14:17:06 - [TEST_STEP][PASSED] - uniqueKey = getTestCaseVariables().get("keyToSort"): null

13-11-2024T14:17:06 - [TEST_STEP][PASSED] - failedList = getTestCaseVariables().get("failedList"): null

13-11-2024T14:17:06 - [TEST_STEP][FAILED] - markFailed("failedList.size() " + failedList.size()): failedList.size() 0

13-11-2024T14:17:06 - [MESSAGE][FAILED] - failedList.size() 0

13-11-2024T14:17:06 - [TEST_STEP][PASSED] - hashMapF1 = new java.util.HashMap(): null

13-11-2024T14:17:06 - [TEST_STEP][PASSED] - hashMapF2 = new java.util.HashMap(): null

13-11-2024T14:17:06 - [TEST_STEP][PASSED] - failedList.forEach({ java.lang.Object failedF -> ... }): null

13-11-2024T14:17:06 - [TEST_STEP][PASSED] - keySet().forEach({ java.lang.Object key -> ... }): null

13-11-2024T14:17:06 - [TEST_STEP][PASSED] - hashMapFEx1 = new java.util.HashMap(): null

13-11-2024T14:17:06 - [TEST_STEP][PASSED] - hashMapFEx2 = new java.util.HashMap(): null

13-11-2024T14:17:06 - [TEST_STEP][PASSED] - failedList.forEach({ java.lang.Object failedF -> ... }): null

13-11-2024T14:17:06 - [TEST_STEP][PASSED] - keySet().forEach({ java.lang.Object key -> ... }): null

13-11-2024T14:17:06 - [TEST_STEP][PASSED] - missingList = getTestCaseVariables().get("missingList"): null

13-11-2024T14:17:06 - [TEST_STEP][FAILED] - markFailed("missingList.size() " + missingList.size()): missingList.size() 0

13-11-2024T14:17:06 - [MESSAGE][FAILED] - missingList.size() 0

13-11-2024T14:17:06 - [TEST_STEP][PASSED] - hashMapM = new java.util.HashMap(): null

13-11-2024T14:17:06 - [TEST_STEP][PASSED] - missingAll = new java.util.LinkedHashMap(): null

13-11-2024T14:17:06 - [TEST_STEP][PASSED] - c = 0: null

13-11-2024T14:17:06 - [TEST_STEP][PASSED] - if (missingList.size() > 0): null

13-11-2024T14:17:06 - [TEST_STEP][FAILED] - markFailed("Missing from QAMIG size -> " + hashMapM.size()): Missing from QAMIG size -> 0

13-11-2024T14:17:06 - [MESSAGE][FAILED] - Missing from QAMIG size -> 0

13-11-2024T14:17:06 - [TEST_STEP][FAILED] - markFailed("Missing from QAMIG -> " + hashMapM): Missing from QAMIG -> [:]

13-11-2024T14:17:06 - [MESSAGE][FAILED] - Missing from QAMIG -> [:]

13-11-2024T14:17:06 - [TEST_STEP][PASSED] - if (hashMapM.size() > 0): null

13-11-2024T14:17:06 - [TEST_STEP][PASSED] - unexpectedList = getTestCaseVariables().get("unexpectedList"): null

13-11-2024T14:17:06 - [TEST_STEP][FAILED] - markFailed("unexpectedList.size() " + unexpectedList.size()): unexpectedList.size() 0

13-11-2024T14:17:06 - [MESSAGE][FAILED] - unexpectedList.size() 0

13-11-2024T14:17:06 - [TEST_STEP][PASSED] - hashMapU = new java.util.HashMap(): null

13-11-2024T14:17:06 - [TEST_STEP][PASSED] - if (unexpectedList.size() > 0): null

13-11-2024T14:17:06 - [TEST_STEP][FAILED] - markFailed("Missing from QA size -> " + hashMapU.size()): Missing from QA size -> 0

13-11-2024T14:17:06 - [MESSAGE][FAILED] - Missing from QA size -> 0

13-11-2024T14:17:06 - [TEST_STEP][FAILED] - markFailed("Missing from QA -> " + hashMapU): Missing from QA -> [:]

13-11-2024T14:17:06 - [MESSAGE][FAILED] - Missing from QA -> [:]

13-11-2024T14:17:06 - [TEST_STEP][PASSED] - missing_IDs = getTestCaseVariables().get("missing_IDs"): null

13-11-2024T14:17:06 - [TEST_STEP][PASSED] - if (missing_IDs.size() > 0): null

13-11-2024T14:17:06 - [TEST_STEP][PASSED] - reporting.ExtentReporting.testStatus("FAIL", testCaseContext.getMessage()): reporting.ExtentReporting.testStatus is PASSED

13-11-2024T14:17:06 - [MESSAGE][PASSED] - reporting.ExtentReporting.testStatus is PASSED

13-11-2024T14:17:06 - [TEST_STEP][PASSED] - if (extentFlag.equals("y")): Invoke 'com.kms.katalon.core.annotation.AfterTestCase' method: 'TestListener.afterTestCase(...)' completed.

13-11-2024T14:17:06 - [TEST_STEP][PASSED] - reporting.ExtentReporting.endTest(): Invoke 'com.kms.katalon.core.annotation.AfterTestCase' method: 'TestListener.afterTestCase(...)' completed.

13-11-2024T14:17:07 - [MESSAGE][PASSED] - reporting.ExtentReporting.endTest is PASSED

13-11-2024T14:17:07 - [MESSAGE][INFO] - Invoke 'com.kms.katalon.core.annotation.AfterTestCase' method: 'TestListener.afterTestCase(...)' completed.]]></system-out>
         <system-err><![CDATA[13-11-2024T14:17:04 - [TEST_CASE][FAILED] - Test Cases/Variable_Remittance/airline-configuration--variable-remittance/FCA_12950_ReadAirlineConfigurationVariableRemittance: Test Cases/Variable_Remittance/airline-configuration--variable-remittance/FCA_12950_ReadAirlineConfigurationVariableRemittance FAILED.
Reason:
com.kms.katalon.core.exception.StepFailedException: Expected status code is '200' but actual status code is '401'
	at com.kms.katalon.core.keyword.internal.KeywordMain.stepFailed(KeywordMain.groovy:51)
	at com.kms.katalon.core.webservice.keyword.builtin.VerifyResponseStatusCodeKeyword.verifyStatusCode(VerifyResponseStatusCodeKeyword.groovy:52)
	at com.kms.katalon.core.webservice.keyword.builtin.VerifyResponseStatusCodeKeyword.access$0(VerifyResponseStatusCodeKeyword.groovy)
	at com.kms.katalon.core.webservice.keyword.builtin.VerifyResponseStatusCodeKeyword$_verifyResponseStatusCode_closure1.doCall(VerifyResponseStatusCodeKeyword.groovy:42)
	at com.kms.katalon.core.webservice.keyword.builtin.VerifyResponseStatusCodeKeyword$_verifyResponseStatusCode_closure1.call(VerifyResponseStatusCodeKeyword.groovy)
	at com.kms.katalon.core.keyword.internal.KeywordMain.runKeyword(KeywordMain.groovy:75)
	at com.kms.katalon.core.webservice.keyword.builtin.VerifyResponseStatusCodeKeyword.verifyResponseStatusCode(VerifyResponseStatusCodeKeyword.groovy:37)
	at com.kms.katalon.core.webservice.keyword.builtin.VerifyResponseStatusCodeKeyword.execute(VerifyResponseStatusCodeKeyword.groovy:32)
	at com.kms.katalon.core.keyword.internal.KeywordExecutor.executeKeywordForPlatform(KeywordExecutor.groovy:74)
	at com.kms.katalon.core.webservice.keyword.WSBuiltInKeywords.verifyResponseStatusCode(WSBuiltInKeywords.groovy:345)
	at FCA_12950_ReadAirlineConfigurationVariableRemittance.run(FCA_12950_ReadAirlineConfigurationVariableRemittance:59)
	at com.kms.katalon.core.main.ScriptEngine.run(ScriptEngine.java:194)
	at com.kms.katalon.core.main.ScriptEngine.runScriptAsRawText(ScriptEngine.java:119)
	at com.kms.katalon.core.main.TestCaseExecutor.runScript(TestCaseExecutor.java:448)
	at com.kms.katalon.core.main.TestCaseExecutor.doExecute(TestCaseExecutor.java:439)
	at com.kms.katalon.core.main.TestCaseExecutor.processExecutionPhase(TestCaseExecutor.java:418)
	at com.kms.katalon.core.main.TestCaseExecutor.accessMainPhase(TestCaseExecutor.java:410)
	at com.kms.katalon.core.main.TestCaseExecutor.execute(TestCaseExecutor.java:285)
	at com.kms.katalon.core.common.CommonExecutor.accessTestCaseMainPhase(CommonExecutor.java:65)
	at com.kms.katalon.core.main.TestSuiteExecutor.accessTestSuiteMainPhase(TestSuiteExecutor.java:150)
	at com.kms.katalon.core.main.TestSuiteExecutor.execute(TestSuiteExecutor.java:106)
	at com.kms.katalon.core.main.TestCaseMain.startTestSuite(TestCaseMain.java:180)
	at TempTestSuite1731487603319.run(TempTestSuite1731487603319.groovy:35)
	at java.base/jdk.internal.reflect.NativeMethodAccessorImpl.invoke0(Native Method)
	at java.base/jdk.internal.reflect.NativeMethodAccessorImpl.invoke(NativeMethodAccessorImpl.java:77)
	at java.base/jdk.internal.reflect.DelegatingMethodAccessorImpl.invoke(DelegatingMethodAccessorImpl.java:43)]]></system-err>
      </testcase>
      <testcase name="Test Cases/Variable_Remittance/airline-configuration--variable-remittance/FCA_12965_DescriptorsAirlineConfigurationVariableRemittanceSpanish" time="1.974" classname="Test Cases/Variable_Remittance/airline-configuration--variable-remittance/FCA_12965_DescriptorsAirlineConfigurationVariableRemittanceSpanish" status="FAILED">
         <failure type="FAILED" message="Test Cases/Variable_Remittance/airline-configuration--variable-remittance/FCA_12965_DescriptorsAirlineConfigurationVariableRemittanceSpanish FAILED.&#xa;Reason:&#xa;com.kms.katalon.core.exception.StepFailedException: Expected status code is '200' but actual status code is '401'&#xa;	at com.kms.katalon.core.keyword.internal.KeywordMain.stepFailed(KeywordMain.groovy:51)&#xa;	at com.kms.katalon.core.webservice.keyword.builtin.VerifyResponseStatusCodeKeyword.verifyStatusCode(VerifyResponseStatusCodeKeyword.groovy:52)&#xa;	at com.kms.katalon.core.webservice.keyword.builtin.VerifyResponseStatusCodeKeyword.access$0(VerifyResponseStatusCodeKeyword.groovy)&#xa;	at com.kms.katalon.core.webservice.keyword.builtin.VerifyResponseStatusCodeKeyword$_verifyResponseStatusCode_closure1.doCall(VerifyResponseStatusCodeKeyword.groovy:42)&#xa;	at com.kms.katalon.core.webservice.keyword.builtin.VerifyResponseStatusCodeKeyword$_verifyResponseStatusCode_closure1.call(VerifyResponseStatusCodeKeyword.groovy)&#xa;	at com.kms.katalon.core.keyword.internal.KeywordMain.runKeyword(KeywordMain.groovy:75)&#xa;	at com.kms.katalon.core.webservice.keyword.builtin.VerifyResponseStatusCodeKeyword.verifyResponseStatusCode(VerifyResponseStatusCodeKeyword.groovy:37)&#xa;	at com.kms.katalon.core.webservice.keyword.builtin.VerifyResponseStatusCodeKeyword.execute(VerifyResponseStatusCodeKeyword.groovy:32)&#xa;	at com.kms.katalon.core.keyword.internal.KeywordExecutor.executeKeywordForPlatform(KeywordExecutor.groovy:74)&#xa;	at com.kms.katalon.core.webservice.keyword.WSBuiltInKeywords.verifyResponseStatusCode(WSBuiltInKeywords.groovy:345)&#xa;	at FCA_12965_DescriptorsAirlineConfigurationVariableRemittanceSpanish.run(FCA_12965_DescriptorsAirlineConfigurationVariableRemittanceSpanish:59)&#xa;	at com.kms.katalon.core.main.ScriptEngine.run(ScriptEngine.java:194)&#xa;	at com.kms.katalon.core.main.ScriptEngine.runScriptAsRawText(ScriptEngine.java:119)&#xa;	at com.kms.katalon.core.main.TestCaseExecutor.runScript(TestCaseExecutor.java:448)&#xa;	at com.kms.katalon.core.main.TestCaseExecutor.doExecute(TestCaseExecutor.java:439)&#xa;	at com.kms.katalon.core.main.TestCaseExecutor.processExecutionPhase(TestCaseExecutor.java:418)&#xa;	at com.kms.katalon.core.main.TestCaseExecutor.accessMainPhase(TestCaseExecutor.java:410)&#xa;	at com.kms.katalon.core.main.TestCaseExecutor.execute(TestCaseExecutor.java:285)&#xa;	at com.kms.katalon.core.common.CommonExecutor.accessTestCaseMainPhase(CommonExecutor.java:65)&#xa;	at com.kms.katalon.core.main.TestSuiteExecutor.accessTestSuiteMainPhase(TestSuiteExecutor.java:150)&#xa;	at com.kms.katalon.core.main.TestSuiteExecutor.execute(TestSuiteExecutor.java:106)&#xa;	at com.kms.katalon.core.main.TestCaseMain.startTestSuite(TestCaseMain.java:180)&#xa;	at TempTestSuite1731487603319.run(TempTestSuite1731487603319.groovy:35)&#xa;	at java.base/jdk.internal.reflect.NativeMethodAccessorImpl.invoke0(Native Method)&#xa;	at java.base/jdk.internal.reflect.NativeMethodAccessorImpl.invoke(NativeMethodAccessorImpl.java:77)&#xa;	at java.base/jdk.internal.reflect.DelegatingMethodAccessorImpl.invoke(DelegatingMethodAccessorImpl.java:43)&#xa;"/>
         <system-out><![CDATA[13-11-2024T14:17:07 - [TEST_CASE][FAILED] - Test Cases/Variable_Remittance/airline-configuration--variable-remittance/FCA_12965_DescriptorsAirlineConfigurationVariableRemittanceSpanish: Test Cases/Variable_Remittance/airline-configuration--variable-remittance/FCA_12965_DescriptorsAirlineConfigurationVariableRemittanceSpanish FAILED.
Reason:
com.kms.katalon.core.exception.StepFailedException: Expected status code is '200' but actual status code is '401'
	at com.kms.katalon.core.keyword.internal.KeywordMain.stepFailed(KeywordMain.groovy:51)
	at com.kms.katalon.core.webservice.keyword.builtin.VerifyResponseStatusCodeKeyword.verifyStatusCode(VerifyResponseStatusCodeKeyword.groovy:52)
	at com.kms.katalon.core.webservice.keyword.builtin.VerifyResponseStatusCodeKeyword.access$0(VerifyResponseStatusCodeKeyword.groovy)
	at com.kms.katalon.core.webservice.keyword.builtin.VerifyResponseStatusCodeKeyword$_verifyResponseStatusCode_closure1.doCall(VerifyResponseStatusCodeKeyword.groovy:42)
	at com.kms.katalon.core.webservice.keyword.builtin.VerifyResponseStatusCodeKeyword$_verifyResponseStatusCode_closure1.call(VerifyResponseStatusCodeKeyword.groovy)
	at com.kms.katalon.core.keyword.internal.KeywordMain.runKeyword(KeywordMain.groovy:75)
	at com.kms.katalon.core.webservice.keyword.builtin.VerifyResponseStatusCodeKeyword.verifyResponseStatusCode(VerifyResponseStatusCodeKeyword.groovy:37)
	at com.kms.katalon.core.webservice.keyword.builtin.VerifyResponseStatusCodeKeyword.execute(VerifyResponseStatusCodeKeyword.groovy:32)
	at com.kms.katalon.core.keyword.internal.KeywordExecutor.executeKeywordForPlatform(KeywordExecutor.groovy:74)
	at com.kms.katalon.core.webservice.keyword.WSBuiltInKeywords.verifyResponseStatusCode(WSBuiltInKeywords.groovy:345)
	at FCA_12965_DescriptorsAirlineConfigurationVariableRemittanceSpanish.run(FCA_12965_DescriptorsAirlineConfigurationVariableRemittanceSpanish:59)
	at com.kms.katalon.core.main.ScriptEngine.run(ScriptEngine.java:194)
	at com.kms.katalon.core.main.ScriptEngine.runScriptAsRawText(ScriptEngine.java:119)
	at com.kms.katalon.core.main.TestCaseExecutor.runScript(TestCaseExecutor.java:448)
	at com.kms.katalon.core.main.TestCaseExecutor.doExecute(TestCaseExecutor.java:439)
	at com.kms.katalon.core.main.TestCaseExecutor.processExecutionPhase(TestCaseExecutor.java:418)
	at com.kms.katalon.core.main.TestCaseExecutor.accessMainPhase(TestCaseExecutor.java:410)
	at com.kms.katalon.core.main.TestCaseExecutor.execute(TestCaseExecutor.java:285)
	at com.kms.katalon.core.common.CommonExecutor.accessTestCaseMainPhase(CommonExecutor.java:65)
	at com.kms.katalon.core.main.TestSuiteExecutor.accessTestSuiteMainPhase(TestSuiteExecutor.java:150)
	at com.kms.katalon.core.main.TestSuiteExecutor.execute(TestSuiteExecutor.java:106)
	at com.kms.katalon.core.main.TestCaseMain.startTestSuite(TestCaseMain.java:180)
	at TempTestSuite1731487603319.run(TempTestSuite1731487603319.groovy:35)
	at java.base/jdk.internal.reflect.NativeMethodAccessorImpl.invoke0(Native Method)
	at java.base/jdk.internal.reflect.NativeMethodAccessorImpl.invoke(NativeMethodAccessorImpl.java:77)
	at java.base/jdk.internal.reflect.DelegatingMethodAccessorImpl.invoke(DelegatingMethodAccessorImpl.java:43)


13-11-2024T14:17:07 - [TEST_STEP][PASSED] - Start listener action : Before: Invoke 'com.kms.katalon.core.annotation.BeforeTestCase' method: 'TestListener.Before(...)' completed.

13-11-2024T14:17:07 - [MESSAGE][INFO] - Starting invoke 'com.kms.katalon.core.annotation.BeforeTestCase' method: 'TestListener.Before(...)'

13-11-2024T14:17:07 - [TEST_STEP][PASSED] - tc_description = testCaseContext.getMessage(): null

13-11-2024T14:17:07 - [TEST_STEP][PASSED] - tcName = testCaseId: null

13-11-2024T14:17:07 - [TEST_STEP][PASSED] - println(tcName): null

13-11-2024T14:17:07 - [TEST_STEP][PASSED] - reporting.ExtentReporting.startTest(reportPath, testSuiteName, tcName, tc_description, author, "Extent Test", reportFile): Invoke 'com.kms.katalon.core.annotation.BeforeTestCase' method: 'TestListener.Before(...)' completed.

13-11-2024T14:17:07 - [MESSAGE][PASSED] - reporting.ExtentReporting.startTest is PASSED

13-11-2024T14:17:07 - [MESSAGE][INFO] - Invoke 'com.kms.katalon.core.annotation.BeforeTestCase' method: 'TestListener.Before(...)' completed.

13-11-2024T14:17:08 - [TEST_STEP][FAILED] - if (flag == "Y"): Unable to verify response status code (Root cause: com.kms.katalon.core.exception.StepFailedException: Expected status code is '200' but actual status code is '401'
	at com.kms.katalon.core.keyword.internal.KeywordMain.stepFailed(KeywordMain.groovy:51)
	at com.kms.katalon.core.webservice.keyword.builtin.VerifyResponseStatusCodeKeyword.verifyStatusCode(VerifyResponseStatusCodeKeyword.groovy:52)
	at com.kms.katalon.core.webservice.keyword.builtin.VerifyResponseStatusCodeKeyword.access$0(VerifyResponseStatusCodeKeyword.groovy)
	at com.kms.katalon.core.webservice.keyword.builtin.VerifyResponseStatusCodeKeyword$_verifyResponseStatusCode_closure1.doCall(VerifyResponseStatusCodeKeyword.groovy:42)
	at com.kms.katalon.core.webservice.keyword.builtin.VerifyResponseStatusCodeKeyword$_verifyResponseStatusCode_closure1.call(VerifyResponseStatusCodeKeyword.groovy)
	at com.kms.katalon.core.keyword.internal.KeywordMain.runKeyword(KeywordMain.groovy:75)
	at com.kms.katalon.core.webservice.keyword.builtin.VerifyResponseStatusCodeKeyword.verifyResponseStatusCode(VerifyResponseStatusCodeKeyword.groovy:37)
	at com.kms.katalon.core.webservice.keyword.builtin.VerifyResponseStatusCodeKeyword.execute(VerifyResponseStatusCodeKeyword.groovy:32)
	at com.kms.katalon.core.keyword.internal.KeywordExecutor.executeKeywordForPlatform(KeywordExecutor.groovy:74)
	at com.kms.katalon.core.webservice.keyword.WSBuiltInKeywords.verifyResponseStatusCode(WSBuiltInKeywords.groovy:345)
	at FCA_12965_DescriptorsAirlineConfigurationVariableRemittanceSpanish.run(FCA_12965_DescriptorsAirlineConfigurationVariableRemittanceSpanish:59)
	at com.kms.katalon.core.main.ScriptEngine.run(ScriptEngine.java:194)
	at com.kms.katalon.core.main.ScriptEngine.runScriptAsRawText(ScriptEngine.java:119)
	at com.kms.katalon.core.main.TestCaseExecutor.runScript(TestCaseExecutor.java:448)
	at com.kms.katalon.core.main.TestCaseExecutor.doExecute(TestCaseExecutor.java:439)
	at com.kms.katalon.core.main.TestCaseExecutor.processExecutionPhase(TestCaseExecutor.java:418)
	at com.kms.katalon.core.main.TestCaseExecutor.accessMainPhase(TestCaseExecutor.java:410)
	at com.kms.katalon.core.main.TestCaseExecutor.execute(TestCaseExecutor.java:285)
	at com.kms.katalon.core.common.CommonExecutor.accessTestCaseMainPhase(CommonExecutor.java:65)
	at com.kms.katalon.core.main.TestSuiteExecutor.accessTestSuiteMainPhase(TestSuiteExecutor.java:150)
	at com.kms.katalon.core.main.TestSuiteExecutor.execute(TestSuiteExecutor.java:106)
	at com.kms.katalon.core.main.TestCaseMain.startTestSuite(TestCaseMain.java:180)
	at TempTestSuite1731487603319.run(TempTestSuite1731487603319.groovy:35)
	at java.base/jdk.internal.reflect.NativeMethodAccessorImpl.invoke0(Native Method)
	at java.base/jdk.internal.reflect.NativeMethodAccessorImpl.invoke(NativeMethodAccessorImpl.java:77)
	at java.base/jdk.internal.reflect.DelegatingMethodAccessorImpl.invoke(DelegatingMethodAccessorImpl.java:43)
)

13-11-2024T14:17:08 - [TEST_STEP][PASSED] - path = endPoint: null

13-11-2024T14:17:08 - [TEST_STEP][PASSED] - URL_QA = baseURL_QA + "/" + basePathAPI + "/" + path: null

13-11-2024T14:17:08 - [TEST_STEP][PASSED] - queryResponseQA = sendRequest(findTestObject("CommonRequest/GET_Method_QA_Spanish", ["token":airlineQA_157_686910, "endPoint":path])): Send request successfully

13-11-2024T14:17:08 - [MESSAGE][INFO] - Finding Test Object 'Object Repository/CommonRequest/GET_Method_QA_Spanish'

13-11-2024T14:17:08 - [MESSAGE][INFO] - Checking request object

13-11-2024T14:17:08 - [MESSAGE][INFO] - HAR: C:\Users\mayuresh.sonar\KatalonStudio\DataMigration\NFE-API-automationK\Reports\20241113_141643\Variable_Remittance\airline-configuration-variable-remittance\20241113_141643\requests\main\2.har

13-11-2024T14:17:08 - [MESSAGE][PASSED] - Send request successfully

13-11-2024T14:17:08 - [TEST_STEP][FAILED] - verifyResponseStatusCode(queryResponseQA, 200): Unable to verify response status code (Root cause: com.kms.katalon.core.exception.StepFailedException: Expected status code is '200' but actual status code is '401'
	at com.kms.katalon.core.keyword.internal.KeywordMain.stepFailed(KeywordMain.groovy:51)
	at com.kms.katalon.core.webservice.keyword.builtin.VerifyResponseStatusCodeKeyword.verifyStatusCode(VerifyResponseStatusCodeKeyword.groovy:52)
	at com.kms.katalon.core.webservice.keyword.builtin.VerifyResponseStatusCodeKeyword.access$0(VerifyResponseStatusCodeKeyword.groovy)
	at com.kms.katalon.core.webservice.keyword.builtin.VerifyResponseStatusCodeKeyword$_verifyResponseStatusCode_closure1.doCall(VerifyResponseStatusCodeKeyword.groovy:42)
	at com.kms.katalon.core.webservice.keyword.builtin.VerifyResponseStatusCodeKeyword$_verifyResponseStatusCode_closure1.call(VerifyResponseStatusCodeKeyword.groovy)
	at com.kms.katalon.core.keyword.internal.KeywordMain.runKeyword(KeywordMain.groovy:75)
	at com.kms.katalon.core.webservice.keyword.builtin.VerifyResponseStatusCodeKeyword.verifyResponseStatusCode(VerifyResponseStatusCodeKeyword.groovy:37)
	at com.kms.katalon.core.webservice.keyword.builtin.VerifyResponseStatusCodeKeyword.execute(VerifyResponseStatusCodeKeyword.groovy:32)
	at com.kms.katalon.core.keyword.internal.KeywordExecutor.executeKeywordForPlatform(KeywordExecutor.groovy:74)
	at com.kms.katalon.core.webservice.keyword.WSBuiltInKeywords.verifyResponseStatusCode(WSBuiltInKeywords.groovy:345)
	at FCA_12965_DescriptorsAirlineConfigurationVariableRemittanceSpanish.run(FCA_12965_DescriptorsAirlineConfigurationVariableRemittanceSpanish:59)
	at com.kms.katalon.core.main.ScriptEngine.run(ScriptEngine.java:194)
	at com.kms.katalon.core.main.ScriptEngine.runScriptAsRawText(ScriptEngine.java:119)
	at com.kms.katalon.core.main.TestCaseExecutor.runScript(TestCaseExecutor.java:448)
	at com.kms.katalon.core.main.TestCaseExecutor.doExecute(TestCaseExecutor.java:439)
	at com.kms.katalon.core.main.TestCaseExecutor.processExecutionPhase(TestCaseExecutor.java:418)
	at com.kms.katalon.core.main.TestCaseExecutor.accessMainPhase(TestCaseExecutor.java:410)
	at com.kms.katalon.core.main.TestCaseExecutor.execute(TestCaseExecutor.java:285)
	at com.kms.katalon.core.common.CommonExecutor.accessTestCaseMainPhase(CommonExecutor.java:65)
	at com.kms.katalon.core.main.TestSuiteExecutor.accessTestSuiteMainPhase(TestSuiteExecutor.java:150)
	at com.kms.katalon.core.main.TestSuiteExecutor.execute(TestSuiteExecutor.java:106)
	at com.kms.katalon.core.main.TestCaseMain.startTestSuite(TestCaseMain.java:180)
	at TempTestSuite1731487603319.run(TempTestSuite1731487603319.groovy:35)
	at java.base/jdk.internal.reflect.NativeMethodAccessorImpl.invoke0(Native Method)
	at java.base/jdk.internal.reflect.NativeMethodAccessorImpl.invoke(NativeMethodAccessorImpl.java:77)
	at java.base/jdk.internal.reflect.DelegatingMethodAccessorImpl.invoke(DelegatingMethodAccessorImpl.java:43)
)

13-11-2024T14:17:08 - [MESSAGE][INFO] - Checking response object

13-11-2024T14:17:08 - [MESSAGE][FAILED] - Expected status code is '200' but actual status code is '401'

13-11-2024T14:17:08 - [MESSAGE][FAILED] - Unable to verify response status code (Root cause: com.kms.katalon.core.exception.StepFailedException: Expected status code is '200' but actual status code is '401'
	at com.kms.katalon.core.keyword.internal.KeywordMain.stepFailed(KeywordMain.groovy:51)
	at com.kms.katalon.core.webservice.keyword.builtin.VerifyResponseStatusCodeKeyword.verifyStatusCode(VerifyResponseStatusCodeKeyword.groovy:52)
	at com.kms.katalon.core.webservice.keyword.builtin.VerifyResponseStatusCodeKeyword.access$0(VerifyResponseStatusCodeKeyword.groovy)
	at com.kms.katalon.core.webservice.keyword.builtin.VerifyResponseStatusCodeKeyword$_verifyResponseStatusCode_closure1.doCall(VerifyResponseStatusCodeKeyword.groovy:42)
	at com.kms.katalon.core.webservice.keyword.builtin.VerifyResponseStatusCodeKeyword$_verifyResponseStatusCode_closure1.call(VerifyResponseStatusCodeKeyword.groovy)
	at com.kms.katalon.core.keyword.internal.KeywordMain.runKeyword(KeywordMain.groovy:75)
	at com.kms.katalon.core.webservice.keyword.builtin.VerifyResponseStatusCodeKeyword.verifyResponseStatusCode(VerifyResponseStatusCodeKeyword.groovy:37)
	at com.kms.katalon.core.webservice.keyword.builtin.VerifyResponseStatusCodeKeyword.execute(VerifyResponseStatusCodeKeyword.groovy:32)
	at com.kms.katalon.core.keyword.internal.KeywordExecutor.executeKeywordForPlatform(KeywordExecutor.groovy:74)
	at com.kms.katalon.core.webservice.keyword.WSBuiltInKeywords.verifyResponseStatusCode(WSBuiltInKeywords.groovy:345)
	at FCA_12965_DescriptorsAirlineConfigurationVariableRemittanceSpanish.run(FCA_12965_DescriptorsAirlineConfigurationVariableRemittanceSpanish:59)
	at com.kms.katalon.core.main.ScriptEngine.run(ScriptEngine.java:194)
	at com.kms.katalon.core.main.ScriptEngine.runScriptAsRawText(ScriptEngine.java:119)
	at com.kms.katalon.core.main.TestCaseExecutor.runScript(TestCaseExecutor.java:448)
	at com.kms.katalon.core.main.TestCaseExecutor.doExecute(TestCaseExecutor.java:439)
	at com.kms.katalon.core.main.TestCaseExecutor.processExecutionPhase(TestCaseExecutor.java:418)
	at com.kms.katalon.core.main.TestCaseExecutor.accessMainPhase(TestCaseExecutor.java:410)
	at com.kms.katalon.core.main.TestCaseExecutor.execute(TestCaseExecutor.java:285)
	at com.kms.katalon.core.common.CommonExecutor.accessTestCaseMainPhase(CommonExecutor.java:65)
	at com.kms.katalon.core.main.TestSuiteExecutor.accessTestSuiteMainPhase(TestSuiteExecutor.java:150)
	at com.kms.katalon.core.main.TestSuiteExecutor.execute(TestSuiteExecutor.java:106)
	at com.kms.katalon.core.main.TestCaseMain.startTestSuite(TestCaseMain.java:180)
	at TempTestSuite1731487603319.run(TempTestSuite1731487603319.groovy:35)
	at java.base/jdk.internal.reflect.NativeMethodAccessorImpl.invoke0(Native Method)
	at java.base/jdk.internal.reflect.NativeMethodAccessorImpl.invoke(NativeMethodAccessorImpl.java:77)
	at java.base/jdk.internal.reflect.DelegatingMethodAccessorImpl.invoke(DelegatingMethodAccessorImpl.java:43)
)

13-11-2024T14:17:08 - [TEST_STEP][FAILED] - Start listener action : afterTestCase: null

13-11-2024T14:17:08 - [MESSAGE][INFO] - Starting invoke 'com.kms.katalon.core.annotation.AfterTestCase' method: 'TestListener.afterTestCase(...)'

13-11-2024T14:17:08 - [TEST_STEP][PASSED] - logInfo(testCaseContext.getTestCaseId()): Test Cases/Variable_Remittance/airline-configuration--variable-remittance/FCA_12965_DescriptorsAirlineConfigurationVariableRemittanceSpanish

13-11-2024T14:17:08 - [MESSAGE][INFO] - Test Cases/Variable_Remittance/airline-configuration--variable-remittance/FCA_12965_DescriptorsAirlineConfigurationVariableRemittanceSpanish

13-11-2024T14:17:08 - [TEST_STEP][PASSED] - logInfo(testCaseContext.getTestCaseStatus()): FAILED

13-11-2024T14:17:08 - [MESSAGE][INFO] - FAILED

13-11-2024T14:17:08 - [TEST_STEP][PASSED] - responseQA = getTestCaseVariables().get("responseQA"): null

13-11-2024T14:17:08 - [TEST_STEP][PASSED] - responseQAMIG = getTestCaseVariables().get("responseQAMIG"): null

13-11-2024T14:17:08 - [TEST_STEP][PASSED] - sortedQA = getTestCaseVariables().get("sortedRecordsQA"): null

13-11-2024T14:17:08 - [TEST_STEP][PASSED] - sortedQAMIG = getTestCaseVariables().get("sortedRecordsQAMIG"): null

13-11-2024T14:17:08 - [TEST_STEP][PASSED] - reporting.ExtentReporting.logStringData("URL_QA", getTestCaseVariables().get("URL_QA")): reporting.ExtentReporting.logStringData is PASSED

13-11-2024T14:17:08 - [MESSAGE][PASSED] - reporting.ExtentReporting.logStringData is PASSED

13-11-2024T14:17:08 - [TEST_STEP][PASSED] - reporting.ExtentReporting.logStringData("URL_QAMIG", getTestCaseVariables().get("URL_QAMIG")): reporting.ExtentReporting.logStringData is PASSED

13-11-2024T14:17:08 - [MESSAGE][PASSED] - reporting.ExtentReporting.logStringData is PASSED

13-11-2024T14:17:08 - [TEST_STEP][PASSED] - reporting.ExtentReporting.logJSONData("QA Response", responseQA): reporting.ExtentReporting.logJSONData is PASSED

13-11-2024T14:17:08 - [MESSAGE][PASSED] - reporting.ExtentReporting.logJSONData is PASSED

13-11-2024T14:17:08 - [TEST_STEP][PASSED] - reporting.ExtentReporting.logJSONData("QAMIG Response", responseQAMIG): reporting.ExtentReporting.logJSONData is PASSED

13-11-2024T14:17:08 - [MESSAGE][PASSED] - reporting.ExtentReporting.logJSONData is PASSED

13-11-2024T14:17:08 - [TEST_STEP][FAILED] - if (getTestCaseStatus().equals("FAILED")): null

13-11-2024T14:17:08 - [TEST_STEP][PASSED] - responseQAValue = getTestCaseVariables().get("responseQA"): null

13-11-2024T14:17:08 - [TEST_STEP][FAILED] - markFailed(getTestCaseVariables().get("URL_QA")): https://gateway-gateway.apps.qa.okd4.nfe.projects.nonprod.itd.farelogix.com/api/variable-remittance/airlines/6869495355/configuration/descriptors

13-11-2024T14:17:08 - [MESSAGE][FAILED] - https://gateway-gateway.apps.qa.okd4.nfe.projects.nonprod.itd.farelogix.com/api/variable-remittance/airlines/6869495355/configuration/descriptors

13-11-2024T14:17:08 - [TEST_STEP][FAILED] - markFailed(responseQAValue): 

13-11-2024T14:17:08 - [MESSAGE][FAILED] - 

13-11-2024T14:17:08 - [TEST_STEP][PASSED] - responseQAMIGValue = getTestCaseVariables().get("responseQAMIG"): null

13-11-2024T14:17:08 - [TEST_STEP][FAILED] - markFailed(getTestCaseVariables().get("URL_QAMIG")): 

13-11-2024T14:17:08 - [MESSAGE][FAILED] - 

13-11-2024T14:17:08 - [TEST_STEP][FAILED] - markFailed(responseQAMIGValue): 

13-11-2024T14:17:08 - [MESSAGE][FAILED] - 

13-11-2024T14:17:08 - [TEST_STEP][PASSED] - recordsQA = getTestCaseVariables().get("sortedRecordsQA"): null

13-11-2024T14:17:08 - [TEST_STEP][FAILED] - markFailed(recordsQA): 

13-11-2024T14:17:08 - [MESSAGE][FAILED] - 

13-11-2024T14:17:08 - [TEST_STEP][PASSED] - recordsQAMIG = getTestCaseVariables().get("sortedRecordsQAMIG"): null

13-11-2024T14:17:08 - [TEST_STEP][FAILED] - markFailed(recordsQAMIG): 

13-11-2024T14:17:08 - [MESSAGE][FAILED] - 

13-11-2024T14:17:08 - [TEST_STEP][PASSED] - missingIDsList = getTestCaseVariables().get("missing_IDs"): null

13-11-2024T14:17:08 - [TEST_STEP][PASSED] - missingIDsList.each({ java.lang.Object id -> ... }): null

13-11-2024T14:17:08 - [TEST_STEP][PASSED] - fieldsToBeIgnoredList = getTestCaseVariables().get("fieldsToBeIgnoredList"): null

13-11-2024T14:17:08 - [TEST_STEP][PASSED] - fieldsToBeIgnoredList.each({ java.lang.Object fieldName -> ... }): null

13-11-2024T14:17:08 - [TEST_STEP][PASSED] - uniqueKey = getTestCaseVariables().get("keyToSort"): null

13-11-2024T14:17:08 - [TEST_STEP][PASSED] - failedList = getTestCaseVariables().get("failedList"): null

13-11-2024T14:17:08 - [TEST_STEP][FAILED] - markFailed("failedList.size() " + failedList.size()): failedList.size() 0

13-11-2024T14:17:08 - [MESSAGE][FAILED] - failedList.size() 0

13-11-2024T14:17:08 - [TEST_STEP][PASSED] - hashMapF1 = new java.util.HashMap(): null

13-11-2024T14:17:08 - [TEST_STEP][PASSED] - hashMapF2 = new java.util.HashMap(): null

13-11-2024T14:17:08 - [TEST_STEP][PASSED] - failedList.forEach({ java.lang.Object failedF -> ... }): null

13-11-2024T14:17:08 - [TEST_STEP][PASSED] - keySet().forEach({ java.lang.Object key -> ... }): null

13-11-2024T14:17:08 - [TEST_STEP][PASSED] - hashMapFEx1 = new java.util.HashMap(): null

13-11-2024T14:17:08 - [TEST_STEP][PASSED] - hashMapFEx2 = new java.util.HashMap(): null

13-11-2024T14:17:08 - [TEST_STEP][PASSED] - failedList.forEach({ java.lang.Object failedF -> ... }): null

13-11-2024T14:17:08 - [TEST_STEP][PASSED] - keySet().forEach({ java.lang.Object key -> ... }): null

13-11-2024T14:17:08 - [TEST_STEP][PASSED] - missingList = getTestCaseVariables().get("missingList"): null

13-11-2024T14:17:08 - [TEST_STEP][FAILED] - markFailed("missingList.size() " + missingList.size()): missingList.size() 0

13-11-2024T14:17:08 - [MESSAGE][FAILED] - missingList.size() 0

13-11-2024T14:17:08 - [TEST_STEP][PASSED] - hashMapM = new java.util.HashMap(): null

13-11-2024T14:17:08 - [TEST_STEP][PASSED] - missingAll = new java.util.LinkedHashMap(): null

13-11-2024T14:17:08 - [TEST_STEP][PASSED] - c = 0: null

13-11-2024T14:17:08 - [TEST_STEP][PASSED] - if (missingList.size() > 0): null

13-11-2024T14:17:08 - [TEST_STEP][FAILED] - markFailed("Missing from QAMIG size -> " + hashMapM.size()): Missing from QAMIG size -> 0

13-11-2024T14:17:08 - [MESSAGE][FAILED] - Missing from QAMIG size -> 0

13-11-2024T14:17:08 - [TEST_STEP][FAILED] - markFailed("Missing from QAMIG -> " + hashMapM): Missing from QAMIG -> [:]

13-11-2024T14:17:08 - [MESSAGE][FAILED] - Missing from QAMIG -> [:]

13-11-2024T14:17:08 - [TEST_STEP][PASSED] - if (hashMapM.size() > 0): null

13-11-2024T14:17:08 - [TEST_STEP][PASSED] - unexpectedList = getTestCaseVariables().get("unexpectedList"): null

13-11-2024T14:17:08 - [TEST_STEP][FAILED] - markFailed("unexpectedList.size() " + unexpectedList.size()): unexpectedList.size() 0

13-11-2024T14:17:08 - [MESSAGE][FAILED] - unexpectedList.size() 0

13-11-2024T14:17:08 - [TEST_STEP][PASSED] - hashMapU = new java.util.HashMap(): null

13-11-2024T14:17:08 - [TEST_STEP][PASSED] - if (unexpectedList.size() > 0): null

13-11-2024T14:17:08 - [TEST_STEP][FAILED] - markFailed("Missing from QA size -> " + hashMapU.size()): Missing from QA size -> 0

13-11-2024T14:17:08 - [MESSAGE][FAILED] - Missing from QA size -> 0

13-11-2024T14:17:08 - [TEST_STEP][FAILED] - markFailed("Missing from QA -> " + hashMapU): Missing from QA -> [:]

13-11-2024T14:17:08 - [MESSAGE][FAILED] - Missing from QA -> [:]

13-11-2024T14:17:08 - [TEST_STEP][PASSED] - missing_IDs = getTestCaseVariables().get("missing_IDs"): null

13-11-2024T14:17:08 - [TEST_STEP][PASSED] - if (missing_IDs.size() > 0): null

13-11-2024T14:17:08 - [TEST_STEP][PASSED] - reporting.ExtentReporting.testStatus("FAIL", testCaseContext.getMessage()): reporting.ExtentReporting.testStatus is PASSED

13-11-2024T14:17:08 - [MESSAGE][PASSED] - reporting.ExtentReporting.testStatus is PASSED

13-11-2024T14:17:08 - [TEST_STEP][PASSED] - if (extentFlag.equals("y")): Invoke 'com.kms.katalon.core.annotation.AfterTestCase' method: 'TestListener.afterTestCase(...)' completed.

13-11-2024T14:17:08 - [TEST_STEP][PASSED] - reporting.ExtentReporting.endTest(): Invoke 'com.kms.katalon.core.annotation.AfterTestCase' method: 'TestListener.afterTestCase(...)' completed.

13-11-2024T14:17:09 - [MESSAGE][PASSED] - reporting.ExtentReporting.endTest is PASSED

13-11-2024T14:17:09 - [MESSAGE][INFO] - Invoke 'com.kms.katalon.core.annotation.AfterTestCase' method: 'TestListener.afterTestCase(...)' completed.]]></system-out>
         <system-err><![CDATA[13-11-2024T14:17:07 - [TEST_CASE][FAILED] - Test Cases/Variable_Remittance/airline-configuration--variable-remittance/FCA_12965_DescriptorsAirlineConfigurationVariableRemittanceSpanish: Test Cases/Variable_Remittance/airline-configuration--variable-remittance/FCA_12965_DescriptorsAirlineConfigurationVariableRemittanceSpanish FAILED.
Reason:
com.kms.katalon.core.exception.StepFailedException: Expected status code is '200' but actual status code is '401'
	at com.kms.katalon.core.keyword.internal.KeywordMain.stepFailed(KeywordMain.groovy:51)
	at com.kms.katalon.core.webservice.keyword.builtin.VerifyResponseStatusCodeKeyword.verifyStatusCode(VerifyResponseStatusCodeKeyword.groovy:52)
	at com.kms.katalon.core.webservice.keyword.builtin.VerifyResponseStatusCodeKeyword.access$0(VerifyResponseStatusCodeKeyword.groovy)
	at com.kms.katalon.core.webservice.keyword.builtin.VerifyResponseStatusCodeKeyword$_verifyResponseStatusCode_closure1.doCall(VerifyResponseStatusCodeKeyword.groovy:42)
	at com.kms.katalon.core.webservice.keyword.builtin.VerifyResponseStatusCodeKeyword$_verifyResponseStatusCode_closure1.call(VerifyResponseStatusCodeKeyword.groovy)
	at com.kms.katalon.core.keyword.internal.KeywordMain.runKeyword(KeywordMain.groovy:75)
	at com.kms.katalon.core.webservice.keyword.builtin.VerifyResponseStatusCodeKeyword.verifyResponseStatusCode(VerifyResponseStatusCodeKeyword.groovy:37)
	at com.kms.katalon.core.webservice.keyword.builtin.VerifyResponseStatusCodeKeyword.execute(VerifyResponseStatusCodeKeyword.groovy:32)
	at com.kms.katalon.core.keyword.internal.KeywordExecutor.executeKeywordForPlatform(KeywordExecutor.groovy:74)
	at com.kms.katalon.core.webservice.keyword.WSBuiltInKeywords.verifyResponseStatusCode(WSBuiltInKeywords.groovy:345)
	at FCA_12965_DescriptorsAirlineConfigurationVariableRemittanceSpanish.run(FCA_12965_DescriptorsAirlineConfigurationVariableRemittanceSpanish:59)
	at com.kms.katalon.core.main.ScriptEngine.run(ScriptEngine.java:194)
	at com.kms.katalon.core.main.ScriptEngine.runScriptAsRawText(ScriptEngine.java:119)
	at com.kms.katalon.core.main.TestCaseExecutor.runScript(TestCaseExecutor.java:448)
	at com.kms.katalon.core.main.TestCaseExecutor.doExecute(TestCaseExecutor.java:439)
	at com.kms.katalon.core.main.TestCaseExecutor.processExecutionPhase(TestCaseExecutor.java:418)
	at com.kms.katalon.core.main.TestCaseExecutor.accessMainPhase(TestCaseExecutor.java:410)
	at com.kms.katalon.core.main.TestCaseExecutor.execute(TestCaseExecutor.java:285)
	at com.kms.katalon.core.common.CommonExecutor.accessTestCaseMainPhase(CommonExecutor.java:65)
	at com.kms.katalon.core.main.TestSuiteExecutor.accessTestSuiteMainPhase(TestSuiteExecutor.java:150)
	at com.kms.katalon.core.main.TestSuiteExecutor.execute(TestSuiteExecutor.java:106)
	at com.kms.katalon.core.main.TestCaseMain.startTestSuite(TestCaseMain.java:180)
	at TempTestSuite1731487603319.run(TempTestSuite1731487603319.groovy:35)
	at java.base/jdk.internal.reflect.NativeMethodAccessorImpl.invoke0(Native Method)
	at java.base/jdk.internal.reflect.NativeMethodAccessorImpl.invoke(NativeMethodAccessorImpl.java:77)
	at java.base/jdk.internal.reflect.DelegatingMethodAccessorImpl.invoke(DelegatingMethodAccessorImpl.java:43)]]></system-err>
      </testcase>
      <system-out><![CDATA[13-11-2024T14:16:51 - [TEST_SUITE][FAILED] - airline-configuration-variable-remittance: Test Cases/Variable_Remittance/airline-configuration--variable-remittance/FCA_12935_ReadDescriptorsAirlineConfigurationVariableRemittance FAILED.
Reason:
com.kms.katalon.core.exception.StepFailedException: Expected status code is '200' but actual status code is '401'
	at com.kms.katalon.core.keyword.internal.KeywordMain.stepFailed(KeywordMain.groovy:51)
	at com.kms.katalon.core.webservice.keyword.builtin.VerifyResponseStatusCodeKeyword.verifyStatusCode(VerifyResponseStatusCodeKeyword.groovy:52)
	at com.kms.katalon.core.webservice.keyword.builtin.VerifyResponseStatusCodeKeyword.access$0(VerifyResponseStatusCodeKeyword.groovy)
	at com.kms.katalon.core.webservice.keyword.builtin.VerifyResponseStatusCodeKeyword$_verifyResponseStatusCode_closure1.doCall(VerifyResponseStatusCodeKeyword.groovy:42)
	at com.kms.katalon.core.webservice.keyword.builtin.VerifyResponseStatusCodeKeyword$_verifyResponseStatusCode_closure1.call(VerifyResponseStatusCodeKeyword.groovy)
	at com.kms.katalon.core.keyword.internal.KeywordMain.runKeyword(KeywordMain.groovy:75)
	at com.kms.katalon.core.webservice.keyword.builtin.VerifyResponseStatusCodeKeyword.verifyResponseStatusCode(VerifyResponseStatusCodeKeyword.groovy:37)
	at com.kms.katalon.core.webservice.keyword.builtin.VerifyResponseStatusCodeKeyword.execute(VerifyResponseStatusCodeKeyword.groovy:32)
	at com.kms.katalon.core.keyword.internal.KeywordExecutor.executeKeywordForPlatform(KeywordExecutor.groovy:74)
	at com.kms.katalon.core.webservice.keyword.WSBuiltInKeywords.verifyResponseStatusCode(WSBuiltInKeywords.groovy:345)
	at FCA_12935_ReadDescriptorsAirlineConfigurationVariableRemittance.run(FCA_12935_ReadDescriptorsAirlineConfigurationVariableRemittance:59)
	at com.kms.katalon.core.main.ScriptEngine.run(ScriptEngine.java:194)
	at com.kms.katalon.core.main.ScriptEngine.runScriptAsRawText(ScriptEngine.java:119)
	at com.kms.katalon.core.main.TestCaseExecutor.runScript(TestCaseExecutor.java:448)
	at com.kms.katalon.core.main.TestCaseExecutor.doExecute(TestCaseExecutor.java:439)
	at com.kms.katalon.core.main.TestCaseExecutor.processExecutionPhase(TestCaseExecutor.java:418)
	at com.kms.katalon.core.main.TestCaseExecutor.accessMainPhase(TestCaseExecutor.java:410)
	at com.kms.katalon.core.main.TestCaseExecutor.execute(TestCaseExecutor.java:285)
	at com.kms.katalon.core.common.CommonExecutor.accessTestCaseMainPhase(CommonExecutor.java:65)
	at com.kms.katalon.core.main.TestSuiteExecutor.accessTestSuiteMainPhase(TestSuiteExecutor.java:150)
	at com.kms.katalon.core.main.TestSuiteExecutor.execute(TestSuiteExecutor.java:106)
	at com.kms.katalon.core.main.TestCaseMain.startTestSuite(TestCaseMain.java:180)
	at TempTestSuite1731487603319.run(TempTestSuite1731487603319.groovy:35)
	at java.base/jdk.internal.reflect.NativeMethodAccessorImpl.invoke0(Native Method)
	at java.base/jdk.internal.reflect.NativeMethodAccessorImpl.invoke(NativeMethodAccessorImpl.java:77)
	at java.base/jdk.internal.reflect.DelegatingMethodAccessorImpl.invoke(DelegatingMethodAccessorImpl.java:43)]]></system-out>
      <system-err><![CDATA[13-11-2024T14:16:51 - [TEST_SUITE][FAILED] - airline-configuration-variable-remittance: Test Cases/Variable_Remittance/airline-configuration--variable-remittance/FCA_12935_ReadDescriptorsAirlineConfigurationVariableRemittance FAILED.
Reason:
com.kms.katalon.core.exception.StepFailedException: Expected status code is '200' but actual status code is '401'
	at com.kms.katalon.core.keyword.internal.KeywordMain.stepFailed(KeywordMain.groovy:51)
	at com.kms.katalon.core.webservice.keyword.builtin.VerifyResponseStatusCodeKeyword.verifyStatusCode(VerifyResponseStatusCodeKeyword.groovy:52)
	at com.kms.katalon.core.webservice.keyword.builtin.VerifyResponseStatusCodeKeyword.access$0(VerifyResponseStatusCodeKeyword.groovy)
	at com.kms.katalon.core.webservice.keyword.builtin.VerifyResponseStatusCodeKeyword$_verifyResponseStatusCode_closure1.doCall(VerifyResponseStatusCodeKeyword.groovy:42)
	at com.kms.katalon.core.webservice.keyword.builtin.VerifyResponseStatusCodeKeyword$_verifyResponseStatusCode_closure1.call(VerifyResponseStatusCodeKeyword.groovy)
	at com.kms.katalon.core.keyword.internal.KeywordMain.runKeyword(KeywordMain.groovy:75)
	at com.kms.katalon.core.webservice.keyword.builtin.VerifyResponseStatusCodeKeyword.verifyResponseStatusCode(VerifyResponseStatusCodeKeyword.groovy:37)
	at com.kms.katalon.core.webservice.keyword.builtin.VerifyResponseStatusCodeKeyword.execute(VerifyResponseStatusCodeKeyword.groovy:32)
	at com.kms.katalon.core.keyword.internal.KeywordExecutor.executeKeywordForPlatform(KeywordExecutor.groovy:74)
	at com.kms.katalon.core.webservice.keyword.WSBuiltInKeywords.verifyResponseStatusCode(WSBuiltInKeywords.groovy:345)
	at FCA_12935_ReadDescriptorsAirlineConfigurationVariableRemittance.run(FCA_12935_ReadDescriptorsAirlineConfigurationVariableRemittance:59)
	at com.kms.katalon.core.main.ScriptEngine.run(ScriptEngine.java:194)
	at com.kms.katalon.core.main.ScriptEngine.runScriptAsRawText(ScriptEngine.java:119)
	at com.kms.katalon.core.main.TestCaseExecutor.runScript(TestCaseExecutor.java:448)
	at com.kms.katalon.core.main.TestCaseExecutor.doExecute(TestCaseExecutor.java:439)
	at com.kms.katalon.core.main.TestCaseExecutor.processExecutionPhase(TestCaseExecutor.java:418)
	at com.kms.katalon.core.main.TestCaseExecutor.accessMainPhase(TestCaseExecutor.java:410)
	at com.kms.katalon.core.main.TestCaseExecutor.execute(TestCaseExecutor.java:285)
	at com.kms.katalon.core.common.CommonExecutor.accessTestCaseMainPhase(CommonExecutor.java:65)
	at com.kms.katalon.core.main.TestSuiteExecutor.accessTestSuiteMainPhase(TestSuiteExecutor.java:150)
	at com.kms.katalon.core.main.TestSuiteExecutor.execute(TestSuiteExecutor.java:106)
	at com.kms.katalon.core.main.TestCaseMain.startTestSuite(TestCaseMain.java:180)
	at TempTestSuite1731487603319.run(TempTestSuite1731487603319.groovy:35)
	at java.base/jdk.internal.reflect.NativeMethodAccessorImpl.invoke0(Native Method)
	at java.base/jdk.internal.reflect.NativeMethodAccessorImpl.invoke(NativeMethodAccessorImpl.java:77)
	at java.base/jdk.internal.reflect.DelegatingMethodAccessorImpl.invoke(DelegatingMethodAccessorImpl.java:43)]]></system-err>
   </testsuite>
</testsuites>
