<?xml version="1.0" encoding="UTF-8"?>
<testsuites name="refund-applications" time="9.181" tests="1" failures="1" errors="0">
   <testsuite name="refund-applications" tests="1" failures="1" errors="0" time="9.181" skipped="0" timestamp="10-12-2024T12:36:13" hostname="Mayuresh.Sonar - CCE1019.accelya.local" id="Test Suites/RefundManagement/refund-applications">
      <properties>
         <property name="deviceName" value=""/>
         <property name="devicePlatform" value=""/>
         <property name="logFolder" value="C:\\Users\\mayuresh.sonar\\KatalonStudio\\DataMigration\\NFE-API-automationK\\Reports\\20241210_123607\\RefundManagement\\refund-applications\\20241210_123607"/>
         <property name="logFiles" value="C:\\Users\\mayuresh.sonar\\KatalonStudio\\DataMigration\\NFE-API-automationK\\Reports\\20241210_123607\\RefundManagement\\refund-applications\\20241210_123607\\execution0.log"/>
         <property name="attachments" value=""/>
         <property name="hostName" value="Mayuresh.Sonar - CCE1019.accelya.local"/>
         <property name="hostAddress" value="192.168.3.245"/>
         <property name="os" value="Windows 11 64bit"/>
         <property name="katalonVersion" value="9.4.4.212"/>
      </properties>
      <testcase name="Test Cases/Refund Management/refund-applications/refund-applications statistics/FCA-67592_RA_Statistics_are_only_for_IATA" time="8.642" classname="Test Cases/Refund Management/refund-applications/refund-applications statistics/FCA-67592_RA_Statistics_are_only_for_IATA" status="FAILED">
         <failure type="FAILED" message="Test Cases/Refund Management/refund-applications/refund-applications statistics/FCA-67592_RA_Statistics_are_only_for_IATA FAILED.&#xa;Reason:&#xa;com.kms.katalon.core.exception.StepFailedException: Expected status code is '200' but actual status code is '403'&#xa;	at com.kms.katalon.core.keyword.internal.KeywordMain.stepFailed(KeywordMain.groovy:51)&#xa;	at com.kms.katalon.core.webservice.keyword.builtin.VerifyResponseStatusCodeKeyword.verifyStatusCode(VerifyResponseStatusCodeKeyword.groovy:52)&#xa;	at com.kms.katalon.core.webservice.keyword.builtin.VerifyResponseStatusCodeKeyword.access$0(VerifyResponseStatusCodeKeyword.groovy)&#xa;	at com.kms.katalon.core.webservice.keyword.builtin.VerifyResponseStatusCodeKeyword$_verifyResponseStatusCode_closure1.doCall(VerifyResponseStatusCodeKeyword.groovy:42)&#xa;	at com.kms.katalon.core.webservice.keyword.builtin.VerifyResponseStatusCodeKeyword$_verifyResponseStatusCode_closure1.call(VerifyResponseStatusCodeKeyword.groovy)&#xa;	at com.kms.katalon.core.keyword.internal.KeywordMain.runKeyword(KeywordMain.groovy:75)&#xa;	at com.kms.katalon.core.webservice.keyword.builtin.VerifyResponseStatusCodeKeyword.verifyResponseStatusCode(VerifyResponseStatusCodeKeyword.groovy:37)&#xa;	at com.kms.katalon.core.webservice.keyword.builtin.VerifyResponseStatusCodeKeyword.execute(VerifyResponseStatusCodeKeyword.groovy:32)&#xa;	at com.kms.katalon.core.keyword.internal.KeywordExecutor.executeKeywordForPlatform(KeywordExecutor.groovy:74)&#xa;	at com.kms.katalon.core.webservice.keyword.WSBuiltInKeywords.verifyResponseStatusCode(WSBuiltInKeywords.groovy:345)&#xa;	at FCA-67592_RA_Statistics_are_only_for_IATA.run(FCA-67592_RA_Statistics_are_only_for_IATA:59)&#xa;	at com.kms.katalon.core.main.ScriptEngine.run(ScriptEngine.java:194)&#xa;	at com.kms.katalon.core.main.ScriptEngine.runScriptAsRawText(ScriptEngine.java:119)&#xa;	at com.kms.katalon.core.main.TestCaseExecutor.runScript(TestCaseExecutor.java:448)&#xa;	at com.kms.katalon.core.main.TestCaseExecutor.doExecute(TestCaseExecutor.java:439)&#xa;	at com.kms.katalon.core.main.TestCaseExecutor.processExecutionPhase(TestCaseExecutor.java:418)&#xa;	at com.kms.katalon.core.main.TestCaseExecutor.accessMainPhase(TestCaseExecutor.java:410)&#xa;	at com.kms.katalon.core.main.TestCaseExecutor.execute(TestCaseExecutor.java:285)&#xa;	at com.kms.katalon.core.common.CommonExecutor.accessTestCaseMainPhase(CommonExecutor.java:65)&#xa;	at com.kms.katalon.core.main.TestSuiteExecutor.accessTestSuiteMainPhase(TestSuiteExecutor.java:150)&#xa;	at com.kms.katalon.core.main.TestSuiteExecutor.execute(TestSuiteExecutor.java:106)&#xa;	at com.kms.katalon.core.main.TestCaseMain.startTestSuite(TestCaseMain.java:180)&#xa;	at TempTestSuite1733814367793.run(TempTestSuite1733814367793.groovy:35)&#xa;	at java.base/jdk.internal.reflect.NativeMethodAccessorImpl.invoke0(Native Method)&#xa;	at java.base/jdk.internal.reflect.NativeMethodAccessorImpl.invoke(NativeMethodAccessorImpl.java:77)&#xa;	at java.base/jdk.internal.reflect.DelegatingMethodAccessorImpl.invoke(DelegatingMethodAccessorImpl.java:43)&#xa;"/>
         <system-out><![CDATA[10-12-2024T12:36:13 - [TEST_CASE][FAILED] - Test Cases/Refund Management/refund-applications/refund-applications statistics/FCA-67592_RA_Statistics_are_only_for_IATA: Test Cases/Refund Management/refund-applications/refund-applications statistics/FCA-67592_RA_Statistics_are_only_for_IATA FAILED.
Reason:
com.kms.katalon.core.exception.StepFailedException: Expected status code is '200' but actual status code is '403'
	at com.kms.katalon.core.keyword.internal.KeywordMain.stepFailed(KeywordMain.groovy:51)
	at com.kms.katalon.core.webservice.keyword.builtin.VerifyResponseStatusCodeKeyword.verifyStatusCode(VerifyResponseStatusCodeKeyword.groovy:52)
	at com.kms.katalon.core.webservice.keyword.builtin.VerifyResponseStatusCodeKeyword.access$0(VerifyResponseStatusCodeKeyword.groovy)
	at com.kms.katalon.core.webservice.keyword.builtin.VerifyResponseStatusCodeKeyword$_verifyResponseStatusCode_closure1.doCall(VerifyResponseStatusCodeKeyword.groovy:42)
	at com.kms.katalon.core.webservice.keyword.builtin.VerifyResponseStatusCodeKeyword$_verifyResponseStatusCode_closure1.call(VerifyResponseStatusCodeKeyword.groovy)
	at com.kms.katalon.core.keyword.internal.KeywordMain.runKeyword(KeywordMain.groovy:75)
	at com.kms.katalon.core.webservice.keyword.builtin.VerifyResponseStatusCodeKeyword.verifyResponseStatusCode(VerifyResponseStatusCodeKeyword.groovy:37)
	at com.kms.katalon.core.webservice.keyword.builtin.VerifyResponseStatusCodeKeyword.execute(VerifyResponseStatusCodeKeyword.groovy:32)
	at com.kms.katalon.core.keyword.internal.KeywordExecutor.executeKeywordForPlatform(KeywordExecutor.groovy:74)
	at com.kms.katalon.core.webservice.keyword.WSBuiltInKeywords.verifyResponseStatusCode(WSBuiltInKeywords.groovy:345)
	at FCA-67592_RA_Statistics_are_only_for_IATA.run(FCA-67592_RA_Statistics_are_only_for_IATA:59)
	at com.kms.katalon.core.main.ScriptEngine.run(ScriptEngine.java:194)
	at com.kms.katalon.core.main.ScriptEngine.runScriptAsRawText(ScriptEngine.java:119)
	at com.kms.katalon.core.main.TestCaseExecutor.runScript(TestCaseExecutor.java:448)
	at com.kms.katalon.core.main.TestCaseExecutor.doExecute(TestCaseExecutor.java:439)
	at com.kms.katalon.core.main.TestCaseExecutor.processExecutionPhase(TestCaseExecutor.java:418)
	at com.kms.katalon.core.main.TestCaseExecutor.accessMainPhase(TestCaseExecutor.java:410)
	at com.kms.katalon.core.main.TestCaseExecutor.execute(TestCaseExecutor.java:285)
	at com.kms.katalon.core.common.CommonExecutor.accessTestCaseMainPhase(CommonExecutor.java:65)
	at com.kms.katalon.core.main.TestSuiteExecutor.accessTestSuiteMainPhase(TestSuiteExecutor.java:150)
	at com.kms.katalon.core.main.TestSuiteExecutor.execute(TestSuiteExecutor.java:106)
	at com.kms.katalon.core.main.TestCaseMain.startTestSuite(TestCaseMain.java:180)
	at TempTestSuite1733814367793.run(TempTestSuite1733814367793.groovy:35)
	at java.base/jdk.internal.reflect.NativeMethodAccessorImpl.invoke0(Native Method)
	at java.base/jdk.internal.reflect.NativeMethodAccessorImpl.invoke(NativeMethodAccessorImpl.java:77)
	at java.base/jdk.internal.reflect.DelegatingMethodAccessorImpl.invoke(DelegatingMethodAccessorImpl.java:43)


10-12-2024T12:36:15 - [TEST_STEP][PASSED] - Start listener action : Before: Invoke 'com.kms.katalon.core.annotation.BeforeTestCase' method: 'TestListener.Before(...)' completed.

10-12-2024T12:36:15 - [MESSAGE][INFO] - Starting invoke 'com.kms.katalon.core.annotation.BeforeTestCase' method: 'TestListener.Before(...)'

10-12-2024T12:36:15 - [TEST_STEP][PASSED] - tc_description = testCaseContext.getMessage(): null

10-12-2024T12:36:15 - [TEST_STEP][PASSED] - tcName = testCaseId: null

10-12-2024T12:36:15 - [TEST_STEP][PASSED] - println(tcName): null

10-12-2024T12:36:15 - [TEST_STEP][PASSED] - reporting.ExtentReporting.startTest(reportPath, testSuiteName, tcName, tc_description, author, "Extent Test", reportFile): Invoke 'com.kms.katalon.core.annotation.BeforeTestCase' method: 'TestListener.Before(...)' completed.

10-12-2024T12:36:15 - [MESSAGE][INFO] - Checking test data id

10-12-2024T12:36:15 - [MESSAGE][INFO] - Finding test data with id 'Data Files/Common/Users'

10-12-2024T12:36:15 - [MESSAGE][INFO] - Test data is excel file, reading excel file

10-12-2024T12:36:15 - [MESSAGE][INFO] - Reading excel file with source file 'C:\Users\mayuresh.sonar\KatalonStudio\DataMigration\NFE-API-automationK\Data Files\TestData.xlsx' and sheet name 'users'

10-12-2024T12:36:15 - [MESSAGE][INFO] - Checking test data id

10-12-2024T12:36:15 - [MESSAGE][INFO] - Finding test data with id 'Data Files/Common/Users'

10-12-2024T12:36:15 - [MESSAGE][INFO] - Test data is excel file, reading excel file

10-12-2024T12:36:15 - [MESSAGE][INFO] - Reading excel file with source file 'C:\Users\mayuresh.sonar\KatalonStudio\DataMigration\NFE-API-automationK\Data Files\TestData.xlsx' and sheet name 'users'

10-12-2024T12:36:15 - [MESSAGE][INFO] - Checking test data id

10-12-2024T12:36:15 - [MESSAGE][INFO] - Finding test data with id 'Data Files/Common/Users'

10-12-2024T12:36:15 - [MESSAGE][INFO] - Test data is excel file, reading excel file

10-12-2024T12:36:15 - [MESSAGE][INFO] - Reading excel file with source file 'C:\Users\mayuresh.sonar\KatalonStudio\DataMigration\NFE-API-automationK\Data Files\TestData.xlsx' and sheet name 'users'

10-12-2024T12:36:15 - [MESSAGE][INFO] - Checking test data id

10-12-2024T12:36:15 - [MESSAGE][INFO] - Finding test data with id 'Data Files/Common/Users'

10-12-2024T12:36:15 - [MESSAGE][INFO] - Test data is excel file, reading excel file

10-12-2024T12:36:15 - [MESSAGE][INFO] - Reading excel file with source file 'C:\Users\mayuresh.sonar\KatalonStudio\DataMigration\NFE-API-automationK\Data Files\TestData.xlsx' and sheet name 'users'

10-12-2024T12:36:15 - [MESSAGE][INFO] - Checking test data id

10-12-2024T12:36:15 - [MESSAGE][INFO] - Finding test data with id 'Data Files/Common/Users'

10-12-2024T12:36:15 - [MESSAGE][INFO] - Test data is excel file, reading excel file

10-12-2024T12:36:15 - [MESSAGE][INFO] - Reading excel file with source file 'C:\Users\mayuresh.sonar\KatalonStudio\DataMigration\NFE-API-automationK\Data Files\TestData.xlsx' and sheet name 'users'

10-12-2024T12:36:15 - [MESSAGE][INFO] - Checking test data id

10-12-2024T12:36:15 - [MESSAGE][INFO] - Finding test data with id 'Data Files/Common/Users'

10-12-2024T12:36:15 - [MESSAGE][INFO] - Test data is excel file, reading excel file

10-12-2024T12:36:15 - [MESSAGE][INFO] - Reading excel file with source file 'C:\Users\mayuresh.sonar\KatalonStudio\DataMigration\NFE-API-automationK\Data Files\TestData.xlsx' and sheet name 'users'

10-12-2024T12:36:16 - [MESSAGE][INFO] - Checking test data id

10-12-2024T12:36:16 - [MESSAGE][INFO] - Finding test data with id 'Data Files/Common/Users'

10-12-2024T12:36:16 - [MESSAGE][INFO] - Test data is excel file, reading excel file

10-12-2024T12:36:16 - [MESSAGE][INFO] - Reading excel file with source file 'C:\Users\mayuresh.sonar\KatalonStudio\DataMigration\NFE-API-automationK\Data Files\TestData.xlsx' and sheet name 'users'

10-12-2024T12:36:16 - [MESSAGE][INFO] - Checking test data id

10-12-2024T12:36:16 - [MESSAGE][INFO] - Finding test data with id 'Data Files/Common/Users'

10-12-2024T12:36:16 - [MESSAGE][INFO] - Test data is excel file, reading excel file

10-12-2024T12:36:16 - [MESSAGE][INFO] - Reading excel file with source file 'C:\Users\mayuresh.sonar\KatalonStudio\DataMigration\NFE-API-automationK\Data Files\TestData.xlsx' and sheet name 'users'

10-12-2024T12:36:16 - [MESSAGE][INFO] - Checking test data id

10-12-2024T12:36:16 - [MESSAGE][INFO] - Finding test data with id 'Data Files/Common/Users'

10-12-2024T12:36:16 - [MESSAGE][INFO] - Test data is excel file, reading excel file

10-12-2024T12:36:16 - [MESSAGE][INFO] - Reading excel file with source file 'C:\Users\mayuresh.sonar\KatalonStudio\DataMigration\NFE-API-automationK\Data Files\TestData.xlsx' and sheet name 'users'

10-12-2024T12:36:16 - [MESSAGE][INFO] - Checking test data id

10-12-2024T12:36:16 - [MESSAGE][INFO] - Finding test data with id 'Data Files/Common/Users'

10-12-2024T12:36:16 - [MESSAGE][INFO] - Test data is excel file, reading excel file

10-12-2024T12:36:16 - [MESSAGE][INFO] - Reading excel file with source file 'C:\Users\mayuresh.sonar\KatalonStudio\DataMigration\NFE-API-automationK\Data Files\TestData.xlsx' and sheet name 'users'

10-12-2024T12:36:16 - [MESSAGE][INFO] - Checking test data id

10-12-2024T12:36:16 - [MESSAGE][INFO] - Finding test data with id 'Data Files/Common/Users'

10-12-2024T12:36:16 - [MESSAGE][INFO] - Test data is excel file, reading excel file

10-12-2024T12:36:16 - [MESSAGE][INFO] - Reading excel file with source file 'C:\Users\mayuresh.sonar\KatalonStudio\DataMigration\NFE-API-automationK\Data Files\TestData.xlsx' and sheet name 'users'

10-12-2024T12:36:16 - [MESSAGE][INFO] - Checking test data id

10-12-2024T12:36:16 - [MESSAGE][INFO] - Finding test data with id 'Data Files/Common/Users'

10-12-2024T12:36:16 - [MESSAGE][INFO] - Test data is excel file, reading excel file

10-12-2024T12:36:16 - [MESSAGE][INFO] - Reading excel file with source file 'C:\Users\mayuresh.sonar\KatalonStudio\DataMigration\NFE-API-automationK\Data Files\TestData.xlsx' and sheet name 'users'

10-12-2024T12:36:16 - [MESSAGE][INFO] - Checking test data id

10-12-2024T12:36:16 - [MESSAGE][INFO] - Finding test data with id 'Data Files/Common/Users'

10-12-2024T12:36:16 - [MESSAGE][INFO] - Test data is excel file, reading excel file

10-12-2024T12:36:16 - [MESSAGE][INFO] - Reading excel file with source file 'C:\Users\mayuresh.sonar\KatalonStudio\DataMigration\NFE-API-automationK\Data Files\TestData.xlsx' and sheet name 'users'

10-12-2024T12:36:16 - [MESSAGE][INFO] - Checking test data id

10-12-2024T12:36:16 - [MESSAGE][INFO] - Finding test data with id 'Data Files/Common/Users'

10-12-2024T12:36:16 - [MESSAGE][INFO] - Test data is excel file, reading excel file

10-12-2024T12:36:16 - [MESSAGE][INFO] - Reading excel file with source file 'C:\Users\mayuresh.sonar\KatalonStudio\DataMigration\NFE-API-automationK\Data Files\TestData.xlsx' and sheet name 'users'

10-12-2024T12:36:16 - [MESSAGE][INFO] - Checking test data id

10-12-2024T12:36:16 - [MESSAGE][INFO] - Finding test data with id 'Data Files/Common/Users'

10-12-2024T12:36:16 - [MESSAGE][INFO] - Test data is excel file, reading excel file

10-12-2024T12:36:16 - [MESSAGE][INFO] - Reading excel file with source file 'C:\Users\mayuresh.sonar\KatalonStudio\DataMigration\NFE-API-automationK\Data Files\TestData.xlsx' and sheet name 'users'

10-12-2024T12:36:16 - [MESSAGE][INFO] - Checking test data id

10-12-2024T12:36:16 - [MESSAGE][INFO] - Finding test data with id 'Data Files/Common/Users'

10-12-2024T12:36:16 - [MESSAGE][INFO] - Test data is excel file, reading excel file

10-12-2024T12:36:16 - [MESSAGE][INFO] - Reading excel file with source file 'C:\Users\mayuresh.sonar\KatalonStudio\DataMigration\NFE-API-automationK\Data Files\TestData.xlsx' and sheet name 'users'

10-12-2024T12:36:16 - [MESSAGE][INFO] - Checking test data id

10-12-2024T12:36:16 - [MESSAGE][INFO] - Finding test data with id 'Data Files/Common/Users'

10-12-2024T12:36:16 - [MESSAGE][INFO] - Test data is excel file, reading excel file

10-12-2024T12:36:16 - [MESSAGE][INFO] - Reading excel file with source file 'C:\Users\mayuresh.sonar\KatalonStudio\DataMigration\NFE-API-automationK\Data Files\TestData.xlsx' and sheet name 'users'

10-12-2024T12:36:16 - [MESSAGE][INFO] - Checking test data id

10-12-2024T12:36:16 - [MESSAGE][INFO] - Finding test data with id 'Data Files/Common/Users'

10-12-2024T12:36:16 - [MESSAGE][INFO] - Test data is excel file, reading excel file

10-12-2024T12:36:16 - [MESSAGE][INFO] - Reading excel file with source file 'C:\Users\mayuresh.sonar\KatalonStudio\DataMigration\NFE-API-automationK\Data Files\TestData.xlsx' and sheet name 'users'

10-12-2024T12:36:16 - [MESSAGE][INFO] - Checking test data id

10-12-2024T12:36:16 - [MESSAGE][INFO] - Finding test data with id 'Data Files/Common/Users'

10-12-2024T12:36:16 - [MESSAGE][INFO] - Test data is excel file, reading excel file

10-12-2024T12:36:16 - [MESSAGE][INFO] - Reading excel file with source file 'C:\Users\mayuresh.sonar\KatalonStudio\DataMigration\NFE-API-automationK\Data Files\TestData.xlsx' and sheet name 'users'

10-12-2024T12:36:16 - [MESSAGE][INFO] - Checking test data id

10-12-2024T12:36:16 - [MESSAGE][INFO] - Finding test data with id 'Data Files/Common/Users'

10-12-2024T12:36:16 - [MESSAGE][INFO] - Test data is excel file, reading excel file

10-12-2024T12:36:16 - [MESSAGE][INFO] - Reading excel file with source file 'C:\Users\mayuresh.sonar\KatalonStudio\DataMigration\NFE-API-automationK\Data Files\TestData.xlsx' and sheet name 'users'

10-12-2024T12:36:16 - [MESSAGE][INFO] - Checking test data id

10-12-2024T12:36:16 - [MESSAGE][INFO] - Finding test data with id 'Data Files/Common/Users'

10-12-2024T12:36:16 - [MESSAGE][INFO] - Test data is excel file, reading excel file

10-12-2024T12:36:16 - [MESSAGE][INFO] - Reading excel file with source file 'C:\Users\mayuresh.sonar\KatalonStudio\DataMigration\NFE-API-automationK\Data Files\TestData.xlsx' and sheet name 'users'

10-12-2024T12:36:16 - [MESSAGE][INFO] - Checking test data id

10-12-2024T12:36:16 - [MESSAGE][INFO] - Finding test data with id 'Data Files/Common/Users'

10-12-2024T12:36:16 - [MESSAGE][INFO] - Test data is excel file, reading excel file

10-12-2024T12:36:16 - [MESSAGE][INFO] - Reading excel file with source file 'C:\Users\mayuresh.sonar\KatalonStudio\DataMigration\NFE-API-automationK\Data Files\TestData.xlsx' and sheet name 'users'

10-12-2024T12:36:16 - [MESSAGE][INFO] - Checking test data id

10-12-2024T12:36:16 - [MESSAGE][INFO] - Finding test data with id 'Data Files/Common/Users'

10-12-2024T12:36:16 - [MESSAGE][INFO] - Test data is excel file, reading excel file

10-12-2024T12:36:16 - [MESSAGE][INFO] - Reading excel file with source file 'C:\Users\mayuresh.sonar\KatalonStudio\DataMigration\NFE-API-automationK\Data Files\TestData.xlsx' and sheet name 'users'

10-12-2024T12:36:16 - [MESSAGE][INFO] - Checking test data id

10-12-2024T12:36:16 - [MESSAGE][INFO] - Finding test data with id 'Data Files/Common/Users'

10-12-2024T12:36:16 - [MESSAGE][INFO] - Test data is excel file, reading excel file

10-12-2024T12:36:16 - [MESSAGE][INFO] - Reading excel file with source file 'C:\Users\mayuresh.sonar\KatalonStudio\DataMigration\NFE-API-automationK\Data Files\TestData.xlsx' and sheet name 'users'

10-12-2024T12:36:16 - [MESSAGE][INFO] - Checking test data id

10-12-2024T12:36:16 - [MESSAGE][INFO] - Finding test data with id 'Data Files/Common/Users'

10-12-2024T12:36:16 - [MESSAGE][INFO] - Test data is excel file, reading excel file

10-12-2024T12:36:16 - [MESSAGE][INFO] - Reading excel file with source file 'C:\Users\mayuresh.sonar\KatalonStudio\DataMigration\NFE-API-automationK\Data Files\TestData.xlsx' and sheet name 'users'

10-12-2024T12:36:16 - [MESSAGE][INFO] - Checking test data id

10-12-2024T12:36:16 - [MESSAGE][INFO] - Finding test data with id 'Data Files/Common/Users'

10-12-2024T12:36:16 - [MESSAGE][INFO] - Test data is excel file, reading excel file

10-12-2024T12:36:16 - [MESSAGE][INFO] - Reading excel file with source file 'C:\Users\mayuresh.sonar\KatalonStudio\DataMigration\NFE-API-automationK\Data Files\TestData.xlsx' and sheet name 'users'

10-12-2024T12:36:16 - [MESSAGE][INFO] - Checking test data id

10-12-2024T12:36:16 - [MESSAGE][INFO] - Finding test data with id 'Data Files/Common/Users'

10-12-2024T12:36:16 - [MESSAGE][INFO] - Test data is excel file, reading excel file

10-12-2024T12:36:16 - [MESSAGE][INFO] - Reading excel file with source file 'C:\Users\mayuresh.sonar\KatalonStudio\DataMigration\NFE-API-automationK\Data Files\TestData.xlsx' and sheet name 'users'

10-12-2024T12:36:16 - [MESSAGE][INFO] - Checking test data id

10-12-2024T12:36:16 - [MESSAGE][INFO] - Finding test data with id 'Data Files/Common/Users'

10-12-2024T12:36:16 - [MESSAGE][INFO] - Test data is excel file, reading excel file

10-12-2024T12:36:16 - [MESSAGE][INFO] - Reading excel file with source file 'C:\Users\mayuresh.sonar\KatalonStudio\DataMigration\NFE-API-automationK\Data Files\TestData.xlsx' and sheet name 'users'

10-12-2024T12:36:16 - [MESSAGE][INFO] - Checking test data id

10-12-2024T12:36:16 - [MESSAGE][INFO] - Finding test data with id 'Data Files/Common/Users'

10-12-2024T12:36:16 - [MESSAGE][INFO] - Test data is excel file, reading excel file

10-12-2024T12:36:16 - [MESSAGE][INFO] - Reading excel file with source file 'C:\Users\mayuresh.sonar\KatalonStudio\DataMigration\NFE-API-automationK\Data Files\TestData.xlsx' and sheet name 'users'

10-12-2024T12:36:17 - [MESSAGE][INFO] - Checking test data id

10-12-2024T12:36:17 - [MESSAGE][INFO] - Finding test data with id 'Data Files/Common/Users'

10-12-2024T12:36:17 - [MESSAGE][INFO] - Test data is excel file, reading excel file

10-12-2024T12:36:17 - [MESSAGE][INFO] - Reading excel file with source file 'C:\Users\mayuresh.sonar\KatalonStudio\DataMigration\NFE-API-automationK\Data Files\TestData.xlsx' and sheet name 'users'

10-12-2024T12:36:18 - [MESSAGE][PASSED] - reporting.ExtentReporting.startTest is PASSED

10-12-2024T12:36:18 - [MESSAGE][INFO] - Invoke 'com.kms.katalon.core.annotation.BeforeTestCase' method: 'TestListener.Before(...)' completed.

10-12-2024T12:36:19 - [TEST_STEP][FAILED] - if (flag == "Y"): Unable to verify response status code (Root cause: com.kms.katalon.core.exception.StepFailedException: Expected status code is '200' but actual status code is '403'
	at com.kms.katalon.core.keyword.internal.KeywordMain.stepFailed(KeywordMain.groovy:51)
	at com.kms.katalon.core.webservice.keyword.builtin.VerifyResponseStatusCodeKeyword.verifyStatusCode(VerifyResponseStatusCodeKeyword.groovy:52)
	at com.kms.katalon.core.webservice.keyword.builtin.VerifyResponseStatusCodeKeyword.access$0(VerifyResponseStatusCodeKeyword.groovy)
	at com.kms.katalon.core.webservice.keyword.builtin.VerifyResponseStatusCodeKeyword$_verifyResponseStatusCode_closure1.doCall(VerifyResponseStatusCodeKeyword.groovy:42)
	at com.kms.katalon.core.webservice.keyword.builtin.VerifyResponseStatusCodeKeyword$_verifyResponseStatusCode_closure1.call(VerifyResponseStatusCodeKeyword.groovy)
	at com.kms.katalon.core.keyword.internal.KeywordMain.runKeyword(KeywordMain.groovy:75)
	at com.kms.katalon.core.webservice.keyword.builtin.VerifyResponseStatusCodeKeyword.verifyResponseStatusCode(VerifyResponseStatusCodeKeyword.groovy:37)
	at com.kms.katalon.core.webservice.keyword.builtin.VerifyResponseStatusCodeKeyword.execute(VerifyResponseStatusCodeKeyword.groovy:32)
	at com.kms.katalon.core.keyword.internal.KeywordExecutor.executeKeywordForPlatform(KeywordExecutor.groovy:74)
	at com.kms.katalon.core.webservice.keyword.WSBuiltInKeywords.verifyResponseStatusCode(WSBuiltInKeywords.groovy:345)
	at FCA-67592_RA_Statistics_are_only_for_IATA.run(FCA-67592_RA_Statistics_are_only_for_IATA:59)
	at com.kms.katalon.core.main.ScriptEngine.run(ScriptEngine.java:194)
	at com.kms.katalon.core.main.ScriptEngine.runScriptAsRawText(ScriptEngine.java:119)
	at com.kms.katalon.core.main.TestCaseExecutor.runScript(TestCaseExecutor.java:448)
	at com.kms.katalon.core.main.TestCaseExecutor.doExecute(TestCaseExecutor.java:439)
	at com.kms.katalon.core.main.TestCaseExecutor.processExecutionPhase(TestCaseExecutor.java:418)
	at com.kms.katalon.core.main.TestCaseExecutor.accessMainPhase(TestCaseExecutor.java:410)
	at com.kms.katalon.core.main.TestCaseExecutor.execute(TestCaseExecutor.java:285)
	at com.kms.katalon.core.common.CommonExecutor.accessTestCaseMainPhase(CommonExecutor.java:65)
	at com.kms.katalon.core.main.TestSuiteExecutor.accessTestSuiteMainPhase(TestSuiteExecutor.java:150)
	at com.kms.katalon.core.main.TestSuiteExecutor.execute(TestSuiteExecutor.java:106)
	at com.kms.katalon.core.main.TestCaseMain.startTestSuite(TestCaseMain.java:180)
	at TempTestSuite1733814367793.run(TempTestSuite1733814367793.groovy:35)
	at java.base/jdk.internal.reflect.NativeMethodAccessorImpl.invoke0(Native Method)
	at java.base/jdk.internal.reflect.NativeMethodAccessorImpl.invoke(NativeMethodAccessorImpl.java:77)
	at java.base/jdk.internal.reflect.DelegatingMethodAccessorImpl.invoke(DelegatingMethodAccessorImpl.java:43)
)

10-12-2024T12:36:19 - [TEST_STEP][PASSED] - path = endPoint: null

10-12-2024T12:36:19 - [TEST_STEP][PASSED] - URL_QA = baseURL_QA + "/" + basePathAPI + "/" + path: null

10-12-2024T12:36:19 - [TEST_STEP][PASSED] - queryResponseQA = sendRequest(findTestObject("CommonRequest/GET_Method_QA", ["token":iataTokenQA, "endPoint":path])): Send request successfully

10-12-2024T12:36:19 - [MESSAGE][INFO] - Finding Test Object 'Object Repository/CommonRequest/GET_Method_QA'

10-12-2024T12:36:19 - [MESSAGE][INFO] - Checking request object

10-12-2024T12:36:21 - [MESSAGE][INFO] - HAR: C:\Users\mayuresh.sonar\KatalonStudio\DataMigration\NFE-API-automationK\Reports\20241210_123607\RefundManagement\refund-applications\20241210_123607\requests\main\0.har

10-12-2024T12:36:21 - [MESSAGE][PASSED] - Send request successfully

10-12-2024T12:36:21 - [TEST_STEP][FAILED] - verifyResponseStatusCode(queryResponseQA, 200): Unable to verify response status code (Root cause: com.kms.katalon.core.exception.StepFailedException: Expected status code is '200' but actual status code is '403'
	at com.kms.katalon.core.keyword.internal.KeywordMain.stepFailed(KeywordMain.groovy:51)
	at com.kms.katalon.core.webservice.keyword.builtin.VerifyResponseStatusCodeKeyword.verifyStatusCode(VerifyResponseStatusCodeKeyword.groovy:52)
	at com.kms.katalon.core.webservice.keyword.builtin.VerifyResponseStatusCodeKeyword.access$0(VerifyResponseStatusCodeKeyword.groovy)
	at com.kms.katalon.core.webservice.keyword.builtin.VerifyResponseStatusCodeKeyword$_verifyResponseStatusCode_closure1.doCall(VerifyResponseStatusCodeKeyword.groovy:42)
	at com.kms.katalon.core.webservice.keyword.builtin.VerifyResponseStatusCodeKeyword$_verifyResponseStatusCode_closure1.call(VerifyResponseStatusCodeKeyword.groovy)
	at com.kms.katalon.core.keyword.internal.KeywordMain.runKeyword(KeywordMain.groovy:75)
	at com.kms.katalon.core.webservice.keyword.builtin.VerifyResponseStatusCodeKeyword.verifyResponseStatusCode(VerifyResponseStatusCodeKeyword.groovy:37)
	at com.kms.katalon.core.webservice.keyword.builtin.VerifyResponseStatusCodeKeyword.execute(VerifyResponseStatusCodeKeyword.groovy:32)
	at com.kms.katalon.core.keyword.internal.KeywordExecutor.executeKeywordForPlatform(KeywordExecutor.groovy:74)
	at com.kms.katalon.core.webservice.keyword.WSBuiltInKeywords.verifyResponseStatusCode(WSBuiltInKeywords.groovy:345)
	at FCA-67592_RA_Statistics_are_only_for_IATA.run(FCA-67592_RA_Statistics_are_only_for_IATA:59)
	at com.kms.katalon.core.main.ScriptEngine.run(ScriptEngine.java:194)
	at com.kms.katalon.core.main.ScriptEngine.runScriptAsRawText(ScriptEngine.java:119)
	at com.kms.katalon.core.main.TestCaseExecutor.runScript(TestCaseExecutor.java:448)
	at com.kms.katalon.core.main.TestCaseExecutor.doExecute(TestCaseExecutor.java:439)
	at com.kms.katalon.core.main.TestCaseExecutor.processExecutionPhase(TestCaseExecutor.java:418)
	at com.kms.katalon.core.main.TestCaseExecutor.accessMainPhase(TestCaseExecutor.java:410)
	at com.kms.katalon.core.main.TestCaseExecutor.execute(TestCaseExecutor.java:285)
	at com.kms.katalon.core.common.CommonExecutor.accessTestCaseMainPhase(CommonExecutor.java:65)
	at com.kms.katalon.core.main.TestSuiteExecutor.accessTestSuiteMainPhase(TestSuiteExecutor.java:150)
	at com.kms.katalon.core.main.TestSuiteExecutor.execute(TestSuiteExecutor.java:106)
	at com.kms.katalon.core.main.TestCaseMain.startTestSuite(TestCaseMain.java:180)
	at TempTestSuite1733814367793.run(TempTestSuite1733814367793.groovy:35)
	at java.base/jdk.internal.reflect.NativeMethodAccessorImpl.invoke0(Native Method)
	at java.base/jdk.internal.reflect.NativeMethodAccessorImpl.invoke(NativeMethodAccessorImpl.java:77)
	at java.base/jdk.internal.reflect.DelegatingMethodAccessorImpl.invoke(DelegatingMethodAccessorImpl.java:43)
)

10-12-2024T12:36:21 - [MESSAGE][INFO] - Checking response object

10-12-2024T12:36:21 - [MESSAGE][FAILED] - Expected status code is '200' but actual status code is '403'

10-12-2024T12:36:21 - [MESSAGE][FAILED] - Unable to verify response status code (Root cause: com.kms.katalon.core.exception.StepFailedException: Expected status code is '200' but actual status code is '403'
	at com.kms.katalon.core.keyword.internal.KeywordMain.stepFailed(KeywordMain.groovy:51)
	at com.kms.katalon.core.webservice.keyword.builtin.VerifyResponseStatusCodeKeyword.verifyStatusCode(VerifyResponseStatusCodeKeyword.groovy:52)
	at com.kms.katalon.core.webservice.keyword.builtin.VerifyResponseStatusCodeKeyword.access$0(VerifyResponseStatusCodeKeyword.groovy)
	at com.kms.katalon.core.webservice.keyword.builtin.VerifyResponseStatusCodeKeyword$_verifyResponseStatusCode_closure1.doCall(VerifyResponseStatusCodeKeyword.groovy:42)
	at com.kms.katalon.core.webservice.keyword.builtin.VerifyResponseStatusCodeKeyword$_verifyResponseStatusCode_closure1.call(VerifyResponseStatusCodeKeyword.groovy)
	at com.kms.katalon.core.keyword.internal.KeywordMain.runKeyword(KeywordMain.groovy:75)
	at com.kms.katalon.core.webservice.keyword.builtin.VerifyResponseStatusCodeKeyword.verifyResponseStatusCode(VerifyResponseStatusCodeKeyword.groovy:37)
	at com.kms.katalon.core.webservice.keyword.builtin.VerifyResponseStatusCodeKeyword.execute(VerifyResponseStatusCodeKeyword.groovy:32)
	at com.kms.katalon.core.keyword.internal.KeywordExecutor.executeKeywordForPlatform(KeywordExecutor.groovy:74)
	at com.kms.katalon.core.webservice.keyword.WSBuiltInKeywords.verifyResponseStatusCode(WSBuiltInKeywords.groovy:345)
	at FCA-67592_RA_Statistics_are_only_for_IATA.run(FCA-67592_RA_Statistics_are_only_for_IATA:59)
	at com.kms.katalon.core.main.ScriptEngine.run(ScriptEngine.java:194)
	at com.kms.katalon.core.main.ScriptEngine.runScriptAsRawText(ScriptEngine.java:119)
	at com.kms.katalon.core.main.TestCaseExecutor.runScript(TestCaseExecutor.java:448)
	at com.kms.katalon.core.main.TestCaseExecutor.doExecute(TestCaseExecutor.java:439)
	at com.kms.katalon.core.main.TestCaseExecutor.processExecutionPhase(TestCaseExecutor.java:418)
	at com.kms.katalon.core.main.TestCaseExecutor.accessMainPhase(TestCaseExecutor.java:410)
	at com.kms.katalon.core.main.TestCaseExecutor.execute(TestCaseExecutor.java:285)
	at com.kms.katalon.core.common.CommonExecutor.accessTestCaseMainPhase(CommonExecutor.java:65)
	at com.kms.katalon.core.main.TestSuiteExecutor.accessTestSuiteMainPhase(TestSuiteExecutor.java:150)
	at com.kms.katalon.core.main.TestSuiteExecutor.execute(TestSuiteExecutor.java:106)
	at com.kms.katalon.core.main.TestCaseMain.startTestSuite(TestCaseMain.java:180)
	at TempTestSuite1733814367793.run(TempTestSuite1733814367793.groovy:35)
	at java.base/jdk.internal.reflect.NativeMethodAccessorImpl.invoke0(Native Method)
	at java.base/jdk.internal.reflect.NativeMethodAccessorImpl.invoke(NativeMethodAccessorImpl.java:77)
	at java.base/jdk.internal.reflect.DelegatingMethodAccessorImpl.invoke(DelegatingMethodAccessorImpl.java:43)
)

10-12-2024T12:36:21 - [TEST_STEP][FAILED] - Start listener action : afterTestCase: null

10-12-2024T12:36:21 - [MESSAGE][INFO] - Starting invoke 'com.kms.katalon.core.annotation.AfterTestCase' method: 'TestListener.afterTestCase(...)'

10-12-2024T12:36:21 - [TEST_STEP][PASSED] - logInfo(testCaseContext.getTestCaseId()): Test Cases/Refund Management/refund-applications/refund-applications statistics/FCA-67592_RA_Statistics_are_only_for_IATA

10-12-2024T12:36:21 - [MESSAGE][INFO] - Test Cases/Refund Management/refund-applications/refund-applications statistics/FCA-67592_RA_Statistics_are_only_for_IATA

10-12-2024T12:36:21 - [TEST_STEP][PASSED] - logInfo(testCaseContext.getTestCaseStatus()): FAILED

10-12-2024T12:36:21 - [MESSAGE][INFO] - FAILED

10-12-2024T12:36:21 - [TEST_STEP][PASSED] - responseQA = getTestCaseVariables().get("responseQA"): null

10-12-2024T12:36:21 - [TEST_STEP][PASSED] - responseQAMIG = getTestCaseVariables().get("responseQAMIG"): null

10-12-2024T12:36:21 - [TEST_STEP][PASSED] - sortedQA = getTestCaseVariables().get("sortedRecordsQA"): null

10-12-2024T12:36:21 - [TEST_STEP][PASSED] - sortedQAMIG = getTestCaseVariables().get("sortedRecordsQAMIG"): null

10-12-2024T12:36:21 - [TEST_STEP][PASSED] - reporting.ExtentReporting.logStringData("URL_QA", getTestCaseVariables().get("URL_QA")): reporting.ExtentReporting.logStringData is PASSED

10-12-2024T12:36:21 - [MESSAGE][PASSED] - reporting.ExtentReporting.logStringData is PASSED

10-12-2024T12:36:21 - [TEST_STEP][PASSED] - reporting.ExtentReporting.logStringData("URL_QAMIG", getTestCaseVariables().get("URL_QAMIG")): reporting.ExtentReporting.logStringData is PASSED

10-12-2024T12:36:21 - [MESSAGE][PASSED] - reporting.ExtentReporting.logStringData is PASSED

10-12-2024T12:36:21 - [TEST_STEP][PASSED] - reporting.ExtentReporting.logJSONData("QA Response", responseQA): reporting.ExtentReporting.logJSONData is PASSED

10-12-2024T12:36:21 - [MESSAGE][PASSED] - reporting.ExtentReporting.logJSONData is PASSED

10-12-2024T12:36:21 - [TEST_STEP][PASSED] - reporting.ExtentReporting.logJSONData("QAMIG Response", responseQAMIG): reporting.ExtentReporting.logJSONData is PASSED

10-12-2024T12:36:21 - [MESSAGE][PASSED] - reporting.ExtentReporting.logJSONData is PASSED

10-12-2024T12:36:21 - [TEST_STEP][FAILED] - if (getTestCaseStatus().equals("FAILED")): null

10-12-2024T12:36:21 - [TEST_STEP][PASSED] - responseQAValue = getTestCaseVariables().get("responseQA"): null

10-12-2024T12:36:21 - [TEST_STEP][FAILED] - markFailed(getTestCaseVariables().get("URL_QA")): https://gateway-gateway.apps.qa.okd4.nfe.projects.nonprod.itd.farelogix.com/api/refund-management/refund-applications/statistics?bspId=6869

10-12-2024T12:36:21 - [MESSAGE][FAILED] - https://gateway-gateway.apps.qa.okd4.nfe.projects.nonprod.itd.farelogix.com/api/refund-management/refund-applications/statistics?bspId=6869

10-12-2024T12:36:21 - [TEST_STEP][FAILED] - markFailed(responseQAValue): 

10-12-2024T12:36:21 - [MESSAGE][FAILED] - 

10-12-2024T12:36:21 - [TEST_STEP][PASSED] - responseQAMIGValue = getTestCaseVariables().get("responseQAMIG"): null

10-12-2024T12:36:21 - [TEST_STEP][FAILED] - markFailed(getTestCaseVariables().get("URL_QAMIG")): 

10-12-2024T12:36:21 - [MESSAGE][FAILED] - 

10-12-2024T12:36:21 - [TEST_STEP][FAILED] - markFailed(responseQAMIGValue): 

10-12-2024T12:36:21 - [MESSAGE][FAILED] - 

10-12-2024T12:36:21 - [TEST_STEP][PASSED] - recordsQA = getTestCaseVariables().get("sortedRecordsQA"): null

10-12-2024T12:36:21 - [TEST_STEP][FAILED] - markFailed(recordsQA): 

10-12-2024T12:36:21 - [MESSAGE][FAILED] - 

10-12-2024T12:36:21 - [TEST_STEP][PASSED] - recordsQAMIG = getTestCaseVariables().get("sortedRecordsQAMIG"): null

10-12-2024T12:36:21 - [TEST_STEP][FAILED] - markFailed(recordsQAMIG): 

10-12-2024T12:36:21 - [MESSAGE][FAILED] - 

10-12-2024T12:36:21 - [TEST_STEP][PASSED] - missingIDsList = getTestCaseVariables().get("missing_IDs"): null

10-12-2024T12:36:21 - [TEST_STEP][PASSED] - missingIDsList.each({ java.lang.Object id -> ... }): null

10-12-2024T12:36:21 - [TEST_STEP][PASSED] - fieldsToBeIgnoredList = getTestCaseVariables().get("fieldsToBeIgnoredList"): null

10-12-2024T12:36:21 - [TEST_STEP][PASSED] - fieldsToBeIgnoredList.each({ java.lang.Object fieldName -> ... }): null

10-12-2024T12:36:21 - [TEST_STEP][PASSED] - uniqueKey = getTestCaseVariables().get("keyToSort"): null

10-12-2024T12:36:21 - [TEST_STEP][PASSED] - failedList = getTestCaseVariables().get("failedList"): null

10-12-2024T12:36:21 - [TEST_STEP][FAILED] - markFailed("failedList.size() " + failedList.size()): failedList.size() 0

10-12-2024T12:36:21 - [MESSAGE][FAILED] - failedList.size() 0

10-12-2024T12:36:21 - [TEST_STEP][PASSED] - hashMapF1 = new java.util.HashMap(): null

10-12-2024T12:36:21 - [TEST_STEP][PASSED] - hashMapF2 = new java.util.HashMap(): null

10-12-2024T12:36:21 - [TEST_STEP][PASSED] - failedList.forEach({ java.lang.Object failedF -> ... }): null

10-12-2024T12:36:21 - [TEST_STEP][PASSED] - keySet().forEach({ java.lang.Object key -> ... }): null

10-12-2024T12:36:21 - [TEST_STEP][PASSED] - hashMapFEx1 = new java.util.HashMap(): null

10-12-2024T12:36:21 - [TEST_STEP][PASSED] - hashMapFEx2 = new java.util.HashMap(): null

10-12-2024T12:36:21 - [TEST_STEP][PASSED] - failedList.forEach({ java.lang.Object failedF -> ... }): null

10-12-2024T12:36:21 - [TEST_STEP][PASSED] - keySet().forEach({ java.lang.Object key -> ... }): null

10-12-2024T12:36:21 - [TEST_STEP][PASSED] - missingList = getTestCaseVariables().get("missingList"): null

10-12-2024T12:36:21 - [TEST_STEP][FAILED] - markFailed("missingList.size() " + missingList.size()): missingList.size() 0

10-12-2024T12:36:21 - [MESSAGE][FAILED] - missingList.size() 0

10-12-2024T12:36:21 - [TEST_STEP][PASSED] - hashMapM = new java.util.HashMap(): null

10-12-2024T12:36:21 - [TEST_STEP][PASSED] - missingAll = new java.util.LinkedHashMap(): null

10-12-2024T12:36:21 - [TEST_STEP][PASSED] - c = 0: null

10-12-2024T12:36:21 - [TEST_STEP][PASSED] - if (missingList.size() > 0): null

10-12-2024T12:36:21 - [TEST_STEP][FAILED] - markFailed("Missing from QAMIG size -> " + hashMapM.size()): Missing from QAMIG size -> 0

10-12-2024T12:36:21 - [MESSAGE][FAILED] - Missing from QAMIG size -> 0

10-12-2024T12:36:21 - [TEST_STEP][FAILED] - markFailed("Missing from QAMIG -> " + hashMapM): Missing from QAMIG -> [:]

10-12-2024T12:36:21 - [MESSAGE][FAILED] - Missing from QAMIG -> [:]

10-12-2024T12:36:21 - [TEST_STEP][PASSED] - if (hashMapM.size() > 0): null

10-12-2024T12:36:21 - [TEST_STEP][PASSED] - unexpectedList = getTestCaseVariables().get("unexpectedList"): null

10-12-2024T12:36:21 - [TEST_STEP][FAILED] - markFailed("unexpectedList.size() " + unexpectedList.size()): unexpectedList.size() 0

10-12-2024T12:36:21 - [MESSAGE][FAILED] - unexpectedList.size() 0

10-12-2024T12:36:21 - [TEST_STEP][PASSED] - hashMapU = new java.util.HashMap(): null

10-12-2024T12:36:21 - [TEST_STEP][PASSED] - if (unexpectedList.size() > 0): null

10-12-2024T12:36:21 - [TEST_STEP][FAILED] - markFailed("Missing from QA size -> " + hashMapU.size()): Missing from QA size -> 0

10-12-2024T12:36:21 - [MESSAGE][FAILED] - Missing from QA size -> 0

10-12-2024T12:36:21 - [TEST_STEP][FAILED] - markFailed("Missing from QA -> " + hashMapU): Missing from QA -> [:]

10-12-2024T12:36:21 - [MESSAGE][FAILED] - Missing from QA -> [:]

10-12-2024T12:36:21 - [TEST_STEP][PASSED] - missing_IDs = getTestCaseVariables().get("missing_IDs"): null

10-12-2024T12:36:21 - [TEST_STEP][PASSED] - if (missing_IDs.size() > 0): null

10-12-2024T12:36:21 - [TEST_STEP][PASSED] - reporting.ExtentReporting.testStatus("FAIL", testCaseContext.getMessage()): reporting.ExtentReporting.testStatus is PASSED

10-12-2024T12:36:21 - [MESSAGE][PASSED] - reporting.ExtentReporting.testStatus is PASSED

10-12-2024T12:36:21 - [TEST_STEP][PASSED] - if (extentFlag.equals("y")): Invoke 'com.kms.katalon.core.annotation.AfterTestCase' method: 'TestListener.afterTestCase(...)' completed.

10-12-2024T12:36:21 - [TEST_STEP][PASSED] - reporting.ExtentReporting.endTest(): Invoke 'com.kms.katalon.core.annotation.AfterTestCase' method: 'TestListener.afterTestCase(...)' completed.

10-12-2024T12:36:22 - [MESSAGE][PASSED] - reporting.ExtentReporting.endTest is PASSED

10-12-2024T12:36:22 - [MESSAGE][INFO] - Invoke 'com.kms.katalon.core.annotation.AfterTestCase' method: 'TestListener.afterTestCase(...)' completed.]]></system-out>
         <system-err><![CDATA[10-12-2024T12:36:13 - [TEST_CASE][FAILED] - Test Cases/Refund Management/refund-applications/refund-applications statistics/FCA-67592_RA_Statistics_are_only_for_IATA: Test Cases/Refund Management/refund-applications/refund-applications statistics/FCA-67592_RA_Statistics_are_only_for_IATA FAILED.
Reason:
com.kms.katalon.core.exception.StepFailedException: Expected status code is '200' but actual status code is '403'
	at com.kms.katalon.core.keyword.internal.KeywordMain.stepFailed(KeywordMain.groovy:51)
	at com.kms.katalon.core.webservice.keyword.builtin.VerifyResponseStatusCodeKeyword.verifyStatusCode(VerifyResponseStatusCodeKeyword.groovy:52)
	at com.kms.katalon.core.webservice.keyword.builtin.VerifyResponseStatusCodeKeyword.access$0(VerifyResponseStatusCodeKeyword.groovy)
	at com.kms.katalon.core.webservice.keyword.builtin.VerifyResponseStatusCodeKeyword$_verifyResponseStatusCode_closure1.doCall(VerifyResponseStatusCodeKeyword.groovy:42)
	at com.kms.katalon.core.webservice.keyword.builtin.VerifyResponseStatusCodeKeyword$_verifyResponseStatusCode_closure1.call(VerifyResponseStatusCodeKeyword.groovy)
	at com.kms.katalon.core.keyword.internal.KeywordMain.runKeyword(KeywordMain.groovy:75)
	at com.kms.katalon.core.webservice.keyword.builtin.VerifyResponseStatusCodeKeyword.verifyResponseStatusCode(VerifyResponseStatusCodeKeyword.groovy:37)
	at com.kms.katalon.core.webservice.keyword.builtin.VerifyResponseStatusCodeKeyword.execute(VerifyResponseStatusCodeKeyword.groovy:32)
	at com.kms.katalon.core.keyword.internal.KeywordExecutor.executeKeywordForPlatform(KeywordExecutor.groovy:74)
	at com.kms.katalon.core.webservice.keyword.WSBuiltInKeywords.verifyResponseStatusCode(WSBuiltInKeywords.groovy:345)
	at FCA-67592_RA_Statistics_are_only_for_IATA.run(FCA-67592_RA_Statistics_are_only_for_IATA:59)
	at com.kms.katalon.core.main.ScriptEngine.run(ScriptEngine.java:194)
	at com.kms.katalon.core.main.ScriptEngine.runScriptAsRawText(ScriptEngine.java:119)
	at com.kms.katalon.core.main.TestCaseExecutor.runScript(TestCaseExecutor.java:448)
	at com.kms.katalon.core.main.TestCaseExecutor.doExecute(TestCaseExecutor.java:439)
	at com.kms.katalon.core.main.TestCaseExecutor.processExecutionPhase(TestCaseExecutor.java:418)
	at com.kms.katalon.core.main.TestCaseExecutor.accessMainPhase(TestCaseExecutor.java:410)
	at com.kms.katalon.core.main.TestCaseExecutor.execute(TestCaseExecutor.java:285)
	at com.kms.katalon.core.common.CommonExecutor.accessTestCaseMainPhase(CommonExecutor.java:65)
	at com.kms.katalon.core.main.TestSuiteExecutor.accessTestSuiteMainPhase(TestSuiteExecutor.java:150)
	at com.kms.katalon.core.main.TestSuiteExecutor.execute(TestSuiteExecutor.java:106)
	at com.kms.katalon.core.main.TestCaseMain.startTestSuite(TestCaseMain.java:180)
	at TempTestSuite1733814367793.run(TempTestSuite1733814367793.groovy:35)
	at java.base/jdk.internal.reflect.NativeMethodAccessorImpl.invoke0(Native Method)
	at java.base/jdk.internal.reflect.NativeMethodAccessorImpl.invoke(NativeMethodAccessorImpl.java:77)
	at java.base/jdk.internal.reflect.DelegatingMethodAccessorImpl.invoke(DelegatingMethodAccessorImpl.java:43)]]></system-err>
      </testcase>
      <system-out><![CDATA[10-12-2024T12:36:13 - [TEST_SUITE][FAILED] - refund-applications: Test Cases/Refund Management/refund-applications/refund-applications statistics/FCA-67592_RA_Statistics_are_only_for_IATA FAILED.
Reason:
com.kms.katalon.core.exception.StepFailedException: Expected status code is '200' but actual status code is '403'
	at com.kms.katalon.core.keyword.internal.KeywordMain.stepFailed(KeywordMain.groovy:51)
	at com.kms.katalon.core.webservice.keyword.builtin.VerifyResponseStatusCodeKeyword.verifyStatusCode(VerifyResponseStatusCodeKeyword.groovy:52)
	at com.kms.katalon.core.webservice.keyword.builtin.VerifyResponseStatusCodeKeyword.access$0(VerifyResponseStatusCodeKeyword.groovy)
	at com.kms.katalon.core.webservice.keyword.builtin.VerifyResponseStatusCodeKeyword$_verifyResponseStatusCode_closure1.doCall(VerifyResponseStatusCodeKeyword.groovy:42)
	at com.kms.katalon.core.webservice.keyword.builtin.VerifyResponseStatusCodeKeyword$_verifyResponseStatusCode_closure1.call(VerifyResponseStatusCodeKeyword.groovy)
	at com.kms.katalon.core.keyword.internal.KeywordMain.runKeyword(KeywordMain.groovy:75)
	at com.kms.katalon.core.webservice.keyword.builtin.VerifyResponseStatusCodeKeyword.verifyResponseStatusCode(VerifyResponseStatusCodeKeyword.groovy:37)
	at com.kms.katalon.core.webservice.keyword.builtin.VerifyResponseStatusCodeKeyword.execute(VerifyResponseStatusCodeKeyword.groovy:32)
	at com.kms.katalon.core.keyword.internal.KeywordExecutor.executeKeywordForPlatform(KeywordExecutor.groovy:74)
	at com.kms.katalon.core.webservice.keyword.WSBuiltInKeywords.verifyResponseStatusCode(WSBuiltInKeywords.groovy:345)
	at FCA-67592_RA_Statistics_are_only_for_IATA.run(FCA-67592_RA_Statistics_are_only_for_IATA:59)
	at com.kms.katalon.core.main.ScriptEngine.run(ScriptEngine.java:194)
	at com.kms.katalon.core.main.ScriptEngine.runScriptAsRawText(ScriptEngine.java:119)
	at com.kms.katalon.core.main.TestCaseExecutor.runScript(TestCaseExecutor.java:448)
	at com.kms.katalon.core.main.TestCaseExecutor.doExecute(TestCaseExecutor.java:439)
	at com.kms.katalon.core.main.TestCaseExecutor.processExecutionPhase(TestCaseExecutor.java:418)
	at com.kms.katalon.core.main.TestCaseExecutor.accessMainPhase(TestCaseExecutor.java:410)
	at com.kms.katalon.core.main.TestCaseExecutor.execute(TestCaseExecutor.java:285)
	at com.kms.katalon.core.common.CommonExecutor.accessTestCaseMainPhase(CommonExecutor.java:65)
	at com.kms.katalon.core.main.TestSuiteExecutor.accessTestSuiteMainPhase(TestSuiteExecutor.java:150)
	at com.kms.katalon.core.main.TestSuiteExecutor.execute(TestSuiteExecutor.java:106)
	at com.kms.katalon.core.main.TestCaseMain.startTestSuite(TestCaseMain.java:180)
	at TempTestSuite1733814367793.run(TempTestSuite1733814367793.groovy:35)
	at java.base/jdk.internal.reflect.NativeMethodAccessorImpl.invoke0(Native Method)
	at java.base/jdk.internal.reflect.NativeMethodAccessorImpl.invoke(NativeMethodAccessorImpl.java:77)
	at java.base/jdk.internal.reflect.DelegatingMethodAccessorImpl.invoke(DelegatingMethodAccessorImpl.java:43)]]></system-out>
      <system-err><![CDATA[10-12-2024T12:36:13 - [TEST_SUITE][FAILED] - refund-applications: Test Cases/Refund Management/refund-applications/refund-applications statistics/FCA-67592_RA_Statistics_are_only_for_IATA FAILED.
Reason:
com.kms.katalon.core.exception.StepFailedException: Expected status code is '200' but actual status code is '403'
	at com.kms.katalon.core.keyword.internal.KeywordMain.stepFailed(KeywordMain.groovy:51)
	at com.kms.katalon.core.webservice.keyword.builtin.VerifyResponseStatusCodeKeyword.verifyStatusCode(VerifyResponseStatusCodeKeyword.groovy:52)
	at com.kms.katalon.core.webservice.keyword.builtin.VerifyResponseStatusCodeKeyword.access$0(VerifyResponseStatusCodeKeyword.groovy)
	at com.kms.katalon.core.webservice.keyword.builtin.VerifyResponseStatusCodeKeyword$_verifyResponseStatusCode_closure1.doCall(VerifyResponseStatusCodeKeyword.groovy:42)
	at com.kms.katalon.core.webservice.keyword.builtin.VerifyResponseStatusCodeKeyword$_verifyResponseStatusCode_closure1.call(VerifyResponseStatusCodeKeyword.groovy)
	at com.kms.katalon.core.keyword.internal.KeywordMain.runKeyword(KeywordMain.groovy:75)
	at com.kms.katalon.core.webservice.keyword.builtin.VerifyResponseStatusCodeKeyword.verifyResponseStatusCode(VerifyResponseStatusCodeKeyword.groovy:37)
	at com.kms.katalon.core.webservice.keyword.builtin.VerifyResponseStatusCodeKeyword.execute(VerifyResponseStatusCodeKeyword.groovy:32)
	at com.kms.katalon.core.keyword.internal.KeywordExecutor.executeKeywordForPlatform(KeywordExecutor.groovy:74)
	at com.kms.katalon.core.webservice.keyword.WSBuiltInKeywords.verifyResponseStatusCode(WSBuiltInKeywords.groovy:345)
	at FCA-67592_RA_Statistics_are_only_for_IATA.run(FCA-67592_RA_Statistics_are_only_for_IATA:59)
	at com.kms.katalon.core.main.ScriptEngine.run(ScriptEngine.java:194)
	at com.kms.katalon.core.main.ScriptEngine.runScriptAsRawText(ScriptEngine.java:119)
	at com.kms.katalon.core.main.TestCaseExecutor.runScript(TestCaseExecutor.java:448)
	at com.kms.katalon.core.main.TestCaseExecutor.doExecute(TestCaseExecutor.java:439)
	at com.kms.katalon.core.main.TestCaseExecutor.processExecutionPhase(TestCaseExecutor.java:418)
	at com.kms.katalon.core.main.TestCaseExecutor.accessMainPhase(TestCaseExecutor.java:410)
	at com.kms.katalon.core.main.TestCaseExecutor.execute(TestCaseExecutor.java:285)
	at com.kms.katalon.core.common.CommonExecutor.accessTestCaseMainPhase(CommonExecutor.java:65)
	at com.kms.katalon.core.main.TestSuiteExecutor.accessTestSuiteMainPhase(TestSuiteExecutor.java:150)
	at com.kms.katalon.core.main.TestSuiteExecutor.execute(TestSuiteExecutor.java:106)
	at com.kms.katalon.core.main.TestCaseMain.startTestSuite(TestCaseMain.java:180)
	at TempTestSuite1733814367793.run(TempTestSuite1733814367793.groovy:35)
	at java.base/jdk.internal.reflect.NativeMethodAccessorImpl.invoke0(Native Method)
	at java.base/jdk.internal.reflect.NativeMethodAccessorImpl.invoke(NativeMethodAccessorImpl.java:77)
	at java.base/jdk.internal.reflect.DelegatingMethodAccessorImpl.invoke(DelegatingMethodAccessorImpl.java:43)]]></system-err>
   </testsuite>
</testsuites>
