<?xml version="1.0" encoding="UTF-8"?>
<testsuites name="providers" time="15.202" tests="2" failures="2" errors="0">
   <testsuite name="providers" tests="2" failures="2" errors="0" time="15.202" skipped="0" timestamp="22-10-2024T09:06:21" hostname="Mayuresh.Sonar - CCE1019.accelya.local" id="Test Suites/TIP_Management/providers">
      <properties>
         <property name="deviceName" value=""/>
         <property name="devicePlatform" value=""/>
         <property name="logFolder" value="C:\\Users\\mayuresh.sonar\\KatalonStudio\\DataMigration\\NFE-API-automationK\\Reports\\20241022_090614\\TIP_Management\\providers\\20241022_090614"/>
         <property name="logFiles" value="C:\\Users\\mayuresh.sonar\\KatalonStudio\\DataMigration\\NFE-API-automationK\\Reports\\20241022_090614\\TIP_Management\\providers\\20241022_090614\\execution0.log"/>
         <property name="attachments" value=""/>
         <property name="hostName" value="Mayuresh.Sonar - CCE1019.accelya.local"/>
         <property name="hostAddress" value="10.85.24.166"/>
         <property name="os" value="Windows 11 64bit"/>
         <property name="katalonVersion" value="9.4.4.212"/>
      </properties>
      <testcase name="Test Cases/TIP_Management/provider/FCA-15702_TIP Management - GET TIP Providers" time="11.396" classname="Test Cases/TIP_Management/provider/FCA-15702_TIP Management - GET TIP Providers" status="FAILED">
         <failure type="FAILED" message="Test Cases/TIP_Management/provider/FCA-15702_TIP Management - GET TIP Providers FAILED.&#xa;Reason:&#xa;com.kms.katalon.core.exception.StepFailedException: Expected status code is '200' but actual status code is '403'&#xa;	at com.kms.katalon.core.keyword.internal.KeywordMain.stepFailed(KeywordMain.groovy:51)&#xa;	at com.kms.katalon.core.webservice.keyword.builtin.VerifyResponseStatusCodeKeyword.verifyStatusCode(VerifyResponseStatusCodeKeyword.groovy:52)&#xa;	at com.kms.katalon.core.webservice.keyword.builtin.VerifyResponseStatusCodeKeyword.access$0(VerifyResponseStatusCodeKeyword.groovy)&#xa;	at com.kms.katalon.core.webservice.keyword.builtin.VerifyResponseStatusCodeKeyword$_verifyResponseStatusCode_closure1.doCall(VerifyResponseStatusCodeKeyword.groovy:42)&#xa;	at com.kms.katalon.core.webservice.keyword.builtin.VerifyResponseStatusCodeKeyword$_verifyResponseStatusCode_closure1.call(VerifyResponseStatusCodeKeyword.groovy)&#xa;	at com.kms.katalon.core.keyword.internal.KeywordMain.runKeyword(KeywordMain.groovy:75)&#xa;	at com.kms.katalon.core.webservice.keyword.builtin.VerifyResponseStatusCodeKeyword.verifyResponseStatusCode(VerifyResponseStatusCodeKeyword.groovy:37)&#xa;	at com.kms.katalon.core.webservice.keyword.builtin.VerifyResponseStatusCodeKeyword.execute(VerifyResponseStatusCodeKeyword.groovy:32)&#xa;	at com.kms.katalon.core.keyword.internal.KeywordExecutor.executeKeywordForPlatform(KeywordExecutor.groovy:74)&#xa;	at com.kms.katalon.core.webservice.keyword.WSBuiltInKeywords.verifyResponseStatusCode(WSBuiltInKeywords.groovy:345)&#xa;	at FCA-15702_TIP Management - GET TIP Providers.run(FCA-15702_TIP Management - GET TIP Providers:59)&#xa;	at com.kms.katalon.core.main.ScriptEngine.run(ScriptEngine.java:194)&#xa;	at com.kms.katalon.core.main.ScriptEngine.runScriptAsRawText(ScriptEngine.java:119)&#xa;	at com.kms.katalon.core.main.TestCaseExecutor.runScript(TestCaseExecutor.java:448)&#xa;	at com.kms.katalon.core.main.TestCaseExecutor.doExecute(TestCaseExecutor.java:439)&#xa;	at com.kms.katalon.core.main.TestCaseExecutor.processExecutionPhase(TestCaseExecutor.java:418)&#xa;	at com.kms.katalon.core.main.TestCaseExecutor.accessMainPhase(TestCaseExecutor.java:410)&#xa;	at com.kms.katalon.core.main.TestCaseExecutor.execute(TestCaseExecutor.java:285)&#xa;	at com.kms.katalon.core.common.CommonExecutor.accessTestCaseMainPhase(CommonExecutor.java:65)&#xa;	at com.kms.katalon.core.main.TestSuiteExecutor.accessTestSuiteMainPhase(TestSuiteExecutor.java:150)&#xa;	at com.kms.katalon.core.main.TestSuiteExecutor.execute(TestSuiteExecutor.java:106)&#xa;	at com.kms.katalon.core.main.TestCaseMain.startTestSuite(TestCaseMain.java:180)&#xa;	at TempTestSuite1729568174753.run(TempTestSuite1729568174753.groovy:35)&#xa;	at java.base/jdk.internal.reflect.NativeMethodAccessorImpl.invoke0(Native Method)&#xa;	at java.base/jdk.internal.reflect.NativeMethodAccessorImpl.invoke(NativeMethodAccessorImpl.java:77)&#xa;	at java.base/jdk.internal.reflect.DelegatingMethodAccessorImpl.invoke(DelegatingMethodAccessorImpl.java:43)&#xa;"/>
         <system-out><![CDATA[22-10-2024T09:06:22 - [TEST_CASE][FAILED] - Test Cases/TIP_Management/provider/FCA-15702_TIP Management - GET TIP Providers: Test Cases/TIP_Management/provider/FCA-15702_TIP Management - GET TIP Providers FAILED.
Reason:
com.kms.katalon.core.exception.StepFailedException: Expected status code is '200' but actual status code is '403'
	at com.kms.katalon.core.keyword.internal.KeywordMain.stepFailed(KeywordMain.groovy:51)
	at com.kms.katalon.core.webservice.keyword.builtin.VerifyResponseStatusCodeKeyword.verifyStatusCode(VerifyResponseStatusCodeKeyword.groovy:52)
	at com.kms.katalon.core.webservice.keyword.builtin.VerifyResponseStatusCodeKeyword.access$0(VerifyResponseStatusCodeKeyword.groovy)
	at com.kms.katalon.core.webservice.keyword.builtin.VerifyResponseStatusCodeKeyword$_verifyResponseStatusCode_closure1.doCall(VerifyResponseStatusCodeKeyword.groovy:42)
	at com.kms.katalon.core.webservice.keyword.builtin.VerifyResponseStatusCodeKeyword$_verifyResponseStatusCode_closure1.call(VerifyResponseStatusCodeKeyword.groovy)
	at com.kms.katalon.core.keyword.internal.KeywordMain.runKeyword(KeywordMain.groovy:75)
	at com.kms.katalon.core.webservice.keyword.builtin.VerifyResponseStatusCodeKeyword.verifyResponseStatusCode(VerifyResponseStatusCodeKeyword.groovy:37)
	at com.kms.katalon.core.webservice.keyword.builtin.VerifyResponseStatusCodeKeyword.execute(VerifyResponseStatusCodeKeyword.groovy:32)
	at com.kms.katalon.core.keyword.internal.KeywordExecutor.executeKeywordForPlatform(KeywordExecutor.groovy:74)
	at com.kms.katalon.core.webservice.keyword.WSBuiltInKeywords.verifyResponseStatusCode(WSBuiltInKeywords.groovy:345)
	at FCA-15702_TIP Management - GET TIP Providers.run(FCA-15702_TIP Management - GET TIP Providers:59)
	at com.kms.katalon.core.main.ScriptEngine.run(ScriptEngine.java:194)
	at com.kms.katalon.core.main.ScriptEngine.runScriptAsRawText(ScriptEngine.java:119)
	at com.kms.katalon.core.main.TestCaseExecutor.runScript(TestCaseExecutor.java:448)
	at com.kms.katalon.core.main.TestCaseExecutor.doExecute(TestCaseExecutor.java:439)
	at com.kms.katalon.core.main.TestCaseExecutor.processExecutionPhase(TestCaseExecutor.java:418)
	at com.kms.katalon.core.main.TestCaseExecutor.accessMainPhase(TestCaseExecutor.java:410)
	at com.kms.katalon.core.main.TestCaseExecutor.execute(TestCaseExecutor.java:285)
	at com.kms.katalon.core.common.CommonExecutor.accessTestCaseMainPhase(CommonExecutor.java:65)
	at com.kms.katalon.core.main.TestSuiteExecutor.accessTestSuiteMainPhase(TestSuiteExecutor.java:150)
	at com.kms.katalon.core.main.TestSuiteExecutor.execute(TestSuiteExecutor.java:106)
	at com.kms.katalon.core.main.TestCaseMain.startTestSuite(TestCaseMain.java:180)
	at TempTestSuite1729568174753.run(TempTestSuite1729568174753.groovy:35)
	at java.base/jdk.internal.reflect.NativeMethodAccessorImpl.invoke0(Native Method)
	at java.base/jdk.internal.reflect.NativeMethodAccessorImpl.invoke(NativeMethodAccessorImpl.java:77)
	at java.base/jdk.internal.reflect.DelegatingMethodAccessorImpl.invoke(DelegatingMethodAccessorImpl.java:43)


22-10-2024T09:06:24 - [TEST_STEP][PASSED] - Start listener action : Before: Invoke 'com.kms.katalon.core.annotation.BeforeTestCase' method: 'TestListener.Before(...)' completed.

22-10-2024T09:06:24 - [MESSAGE][INFO] - Starting invoke 'com.kms.katalon.core.annotation.BeforeTestCase' method: 'TestListener.Before(...)'

22-10-2024T09:06:24 - [TEST_STEP][PASSED] - tc_description = testCaseContext.getMessage(): null

22-10-2024T09:06:24 - [TEST_STEP][PASSED] - tcName = testCaseId: null

22-10-2024T09:06:24 - [TEST_STEP][PASSED] - println(tcName): null

22-10-2024T09:06:24 - [TEST_STEP][PASSED] - reporting.ExtentReporting.startTest(reportPath, testSuiteName, tcName, tc_description, author, "Extent Test", reportFile): Invoke 'com.kms.katalon.core.annotation.BeforeTestCase' method: 'TestListener.Before(...)' completed.

22-10-2024T09:06:24 - [MESSAGE][INFO] - Checking test data id

22-10-2024T09:06:24 - [MESSAGE][INFO] - Finding test data with id 'Data Files/Common/Users'

22-10-2024T09:06:24 - [MESSAGE][INFO] - Test data is excel file, reading excel file

22-10-2024T09:06:24 - [MESSAGE][INFO] - Reading excel file with source file 'C:\Users\mayuresh.sonar\KatalonStudio\DataMigration\NFE-API-automationK\Data Files\TestData.xlsx' and sheet name 'users'

22-10-2024T09:06:24 - [MESSAGE][INFO] - Checking test data id

22-10-2024T09:06:24 - [MESSAGE][INFO] - Finding test data with id 'Data Files/Common/Users'

22-10-2024T09:06:24 - [MESSAGE][INFO] - Test data is excel file, reading excel file

22-10-2024T09:06:24 - [MESSAGE][INFO] - Reading excel file with source file 'C:\Users\mayuresh.sonar\KatalonStudio\DataMigration\NFE-API-automationK\Data Files\TestData.xlsx' and sheet name 'users'

22-10-2024T09:06:24 - [MESSAGE][INFO] - Checking test data id

22-10-2024T09:06:24 - [MESSAGE][INFO] - Finding test data with id 'Data Files/Common/Users'

22-10-2024T09:06:24 - [MESSAGE][INFO] - Test data is excel file, reading excel file

22-10-2024T09:06:25 - [MESSAGE][INFO] - Reading excel file with source file 'C:\Users\mayuresh.sonar\KatalonStudio\DataMigration\NFE-API-automationK\Data Files\TestData.xlsx' and sheet name 'users'

22-10-2024T09:06:25 - [MESSAGE][INFO] - Checking test data id

22-10-2024T09:06:25 - [MESSAGE][INFO] - Finding test data with id 'Data Files/Common/Users'

22-10-2024T09:06:25 - [MESSAGE][INFO] - Test data is excel file, reading excel file

22-10-2024T09:06:25 - [MESSAGE][INFO] - Reading excel file with source file 'C:\Users\mayuresh.sonar\KatalonStudio\DataMigration\NFE-API-automationK\Data Files\TestData.xlsx' and sheet name 'users'

22-10-2024T09:06:25 - [MESSAGE][INFO] - Checking test data id

22-10-2024T09:06:25 - [MESSAGE][INFO] - Finding test data with id 'Data Files/Common/Users'

22-10-2024T09:06:25 - [MESSAGE][INFO] - Test data is excel file, reading excel file

22-10-2024T09:06:25 - [MESSAGE][INFO] - Reading excel file with source file 'C:\Users\mayuresh.sonar\KatalonStudio\DataMigration\NFE-API-automationK\Data Files\TestData.xlsx' and sheet name 'users'

22-10-2024T09:06:25 - [MESSAGE][INFO] - Checking test data id

22-10-2024T09:06:25 - [MESSAGE][INFO] - Finding test data with id 'Data Files/Common/Users'

22-10-2024T09:06:25 - [MESSAGE][INFO] - Test data is excel file, reading excel file

22-10-2024T09:06:25 - [MESSAGE][INFO] - Reading excel file with source file 'C:\Users\mayuresh.sonar\KatalonStudio\DataMigration\NFE-API-automationK\Data Files\TestData.xlsx' and sheet name 'users'

22-10-2024T09:06:25 - [MESSAGE][INFO] - Checking test data id

22-10-2024T09:06:25 - [MESSAGE][INFO] - Finding test data with id 'Data Files/Common/Users'

22-10-2024T09:06:25 - [MESSAGE][INFO] - Test data is excel file, reading excel file

22-10-2024T09:06:25 - [MESSAGE][INFO] - Reading excel file with source file 'C:\Users\mayuresh.sonar\KatalonStudio\DataMigration\NFE-API-automationK\Data Files\TestData.xlsx' and sheet name 'users'

22-10-2024T09:06:25 - [MESSAGE][INFO] - Checking test data id

22-10-2024T09:06:25 - [MESSAGE][INFO] - Finding test data with id 'Data Files/Common/Users'

22-10-2024T09:06:25 - [MESSAGE][INFO] - Test data is excel file, reading excel file

22-10-2024T09:06:25 - [MESSAGE][INFO] - Reading excel file with source file 'C:\Users\mayuresh.sonar\KatalonStudio\DataMigration\NFE-API-automationK\Data Files\TestData.xlsx' and sheet name 'users'

22-10-2024T09:06:25 - [MESSAGE][INFO] - Checking test data id

22-10-2024T09:06:25 - [MESSAGE][INFO] - Finding test data with id 'Data Files/Common/Users'

22-10-2024T09:06:25 - [MESSAGE][INFO] - Test data is excel file, reading excel file

22-10-2024T09:06:25 - [MESSAGE][INFO] - Reading excel file with source file 'C:\Users\mayuresh.sonar\KatalonStudio\DataMigration\NFE-API-automationK\Data Files\TestData.xlsx' and sheet name 'users'

22-10-2024T09:06:25 - [MESSAGE][INFO] - Checking test data id

22-10-2024T09:06:25 - [MESSAGE][INFO] - Finding test data with id 'Data Files/Common/Users'

22-10-2024T09:06:25 - [MESSAGE][INFO] - Test data is excel file, reading excel file

22-10-2024T09:06:25 - [MESSAGE][INFO] - Reading excel file with source file 'C:\Users\mayuresh.sonar\KatalonStudio\DataMigration\NFE-API-automationK\Data Files\TestData.xlsx' and sheet name 'users'

22-10-2024T09:06:25 - [MESSAGE][INFO] - Checking test data id

22-10-2024T09:06:25 - [MESSAGE][INFO] - Finding test data with id 'Data Files/Common/Users'

22-10-2024T09:06:25 - [MESSAGE][INFO] - Test data is excel file, reading excel file

22-10-2024T09:06:25 - [MESSAGE][INFO] - Reading excel file with source file 'C:\Users\mayuresh.sonar\KatalonStudio\DataMigration\NFE-API-automationK\Data Files\TestData.xlsx' and sheet name 'users'

22-10-2024T09:06:25 - [MESSAGE][INFO] - Checking test data id

22-10-2024T09:06:25 - [MESSAGE][INFO] - Finding test data with id 'Data Files/Common/Users'

22-10-2024T09:06:25 - [MESSAGE][INFO] - Test data is excel file, reading excel file

22-10-2024T09:06:25 - [MESSAGE][INFO] - Reading excel file with source file 'C:\Users\mayuresh.sonar\KatalonStudio\DataMigration\NFE-API-automationK\Data Files\TestData.xlsx' and sheet name 'users'

22-10-2024T09:06:25 - [MESSAGE][INFO] - Checking test data id

22-10-2024T09:06:25 - [MESSAGE][INFO] - Finding test data with id 'Data Files/Common/Users'

22-10-2024T09:06:25 - [MESSAGE][INFO] - Test data is excel file, reading excel file

22-10-2024T09:06:25 - [MESSAGE][INFO] - Reading excel file with source file 'C:\Users\mayuresh.sonar\KatalonStudio\DataMigration\NFE-API-automationK\Data Files\TestData.xlsx' and sheet name 'users'

22-10-2024T09:06:25 - [MESSAGE][INFO] - Checking test data id

22-10-2024T09:06:25 - [MESSAGE][INFO] - Finding test data with id 'Data Files/Common/Users'

22-10-2024T09:06:25 - [MESSAGE][INFO] - Test data is excel file, reading excel file

22-10-2024T09:06:25 - [MESSAGE][INFO] - Reading excel file with source file 'C:\Users\mayuresh.sonar\KatalonStudio\DataMigration\NFE-API-automationK\Data Files\TestData.xlsx' and sheet name 'users'

22-10-2024T09:06:25 - [MESSAGE][INFO] - Checking test data id

22-10-2024T09:06:25 - [MESSAGE][INFO] - Finding test data with id 'Data Files/Common/Users'

22-10-2024T09:06:25 - [MESSAGE][INFO] - Test data is excel file, reading excel file

22-10-2024T09:06:25 - [MESSAGE][INFO] - Reading excel file with source file 'C:\Users\mayuresh.sonar\KatalonStudio\DataMigration\NFE-API-automationK\Data Files\TestData.xlsx' and sheet name 'users'

22-10-2024T09:06:25 - [MESSAGE][INFO] - Checking test data id

22-10-2024T09:06:25 - [MESSAGE][INFO] - Finding test data with id 'Data Files/Common/Users'

22-10-2024T09:06:25 - [MESSAGE][INFO] - Test data is excel file, reading excel file

22-10-2024T09:06:25 - [MESSAGE][INFO] - Reading excel file with source file 'C:\Users\mayuresh.sonar\KatalonStudio\DataMigration\NFE-API-automationK\Data Files\TestData.xlsx' and sheet name 'users'

22-10-2024T09:06:25 - [MESSAGE][INFO] - Checking test data id

22-10-2024T09:06:25 - [MESSAGE][INFO] - Finding test data with id 'Data Files/Common/Users'

22-10-2024T09:06:25 - [MESSAGE][INFO] - Test data is excel file, reading excel file

22-10-2024T09:06:25 - [MESSAGE][INFO] - Reading excel file with source file 'C:\Users\mayuresh.sonar\KatalonStudio\DataMigration\NFE-API-automationK\Data Files\TestData.xlsx' and sheet name 'users'

22-10-2024T09:06:25 - [MESSAGE][INFO] - Checking test data id

22-10-2024T09:06:25 - [MESSAGE][INFO] - Finding test data with id 'Data Files/Common/Users'

22-10-2024T09:06:25 - [MESSAGE][INFO] - Test data is excel file, reading excel file

22-10-2024T09:06:25 - [MESSAGE][INFO] - Reading excel file with source file 'C:\Users\mayuresh.sonar\KatalonStudio\DataMigration\NFE-API-automationK\Data Files\TestData.xlsx' and sheet name 'users'

22-10-2024T09:06:25 - [MESSAGE][INFO] - Checking test data id

22-10-2024T09:06:25 - [MESSAGE][INFO] - Finding test data with id 'Data Files/Common/Users'

22-10-2024T09:06:25 - [MESSAGE][INFO] - Test data is excel file, reading excel file

22-10-2024T09:06:25 - [MESSAGE][INFO] - Reading excel file with source file 'C:\Users\mayuresh.sonar\KatalonStudio\DataMigration\NFE-API-automationK\Data Files\TestData.xlsx' and sheet name 'users'

22-10-2024T09:06:26 - [MESSAGE][INFO] - Checking test data id

22-10-2024T09:06:26 - [MESSAGE][INFO] - Finding test data with id 'Data Files/Common/Users'

22-10-2024T09:06:26 - [MESSAGE][INFO] - Test data is excel file, reading excel file

22-10-2024T09:06:26 - [MESSAGE][INFO] - Reading excel file with source file 'C:\Users\mayuresh.sonar\KatalonStudio\DataMigration\NFE-API-automationK\Data Files\TestData.xlsx' and sheet name 'users'

22-10-2024T09:06:26 - [MESSAGE][INFO] - Checking test data id

22-10-2024T09:06:26 - [MESSAGE][INFO] - Finding test data with id 'Data Files/Common/Users'

22-10-2024T09:06:26 - [MESSAGE][INFO] - Test data is excel file, reading excel file

22-10-2024T09:06:26 - [MESSAGE][INFO] - Reading excel file with source file 'C:\Users\mayuresh.sonar\KatalonStudio\DataMigration\NFE-API-automationK\Data Files\TestData.xlsx' and sheet name 'users'

22-10-2024T09:06:26 - [MESSAGE][INFO] - Checking test data id

22-10-2024T09:06:26 - [MESSAGE][INFO] - Finding test data with id 'Data Files/Common/Users'

22-10-2024T09:06:26 - [MESSAGE][INFO] - Test data is excel file, reading excel file

22-10-2024T09:06:26 - [MESSAGE][INFO] - Reading excel file with source file 'C:\Users\mayuresh.sonar\KatalonStudio\DataMigration\NFE-API-automationK\Data Files\TestData.xlsx' and sheet name 'users'

22-10-2024T09:06:26 - [MESSAGE][INFO] - Checking test data id

22-10-2024T09:06:26 - [MESSAGE][INFO] - Finding test data with id 'Data Files/Common/Users'

22-10-2024T09:06:26 - [MESSAGE][INFO] - Test data is excel file, reading excel file

22-10-2024T09:06:26 - [MESSAGE][INFO] - Reading excel file with source file 'C:\Users\mayuresh.sonar\KatalonStudio\DataMigration\NFE-API-automationK\Data Files\TestData.xlsx' and sheet name 'users'

22-10-2024T09:06:26 - [MESSAGE][INFO] - Checking test data id

22-10-2024T09:06:26 - [MESSAGE][INFO] - Finding test data with id 'Data Files/Common/Users'

22-10-2024T09:06:26 - [MESSAGE][INFO] - Test data is excel file, reading excel file

22-10-2024T09:06:26 - [MESSAGE][INFO] - Reading excel file with source file 'C:\Users\mayuresh.sonar\KatalonStudio\DataMigration\NFE-API-automationK\Data Files\TestData.xlsx' and sheet name 'users'

22-10-2024T09:06:26 - [MESSAGE][INFO] - Checking test data id

22-10-2024T09:06:26 - [MESSAGE][INFO] - Finding test data with id 'Data Files/Common/Users'

22-10-2024T09:06:26 - [MESSAGE][INFO] - Test data is excel file, reading excel file

22-10-2024T09:06:26 - [MESSAGE][INFO] - Reading excel file with source file 'C:\Users\mayuresh.sonar\KatalonStudio\DataMigration\NFE-API-automationK\Data Files\TestData.xlsx' and sheet name 'users'

22-10-2024T09:06:26 - [MESSAGE][INFO] - Checking test data id

22-10-2024T09:06:26 - [MESSAGE][INFO] - Finding test data with id 'Data Files/Common/Users'

22-10-2024T09:06:26 - [MESSAGE][INFO] - Test data is excel file, reading excel file

22-10-2024T09:06:26 - [MESSAGE][INFO] - Reading excel file with source file 'C:\Users\mayuresh.sonar\KatalonStudio\DataMigration\NFE-API-automationK\Data Files\TestData.xlsx' and sheet name 'users'

22-10-2024T09:06:26 - [MESSAGE][INFO] - Checking test data id

22-10-2024T09:06:26 - [MESSAGE][INFO] - Finding test data with id 'Data Files/Common/Users'

22-10-2024T09:06:26 - [MESSAGE][INFO] - Test data is excel file, reading excel file

22-10-2024T09:06:26 - [MESSAGE][INFO] - Reading excel file with source file 'C:\Users\mayuresh.sonar\KatalonStudio\DataMigration\NFE-API-automationK\Data Files\TestData.xlsx' and sheet name 'users'

22-10-2024T09:06:26 - [MESSAGE][INFO] - Checking test data id

22-10-2024T09:06:26 - [MESSAGE][INFO] - Finding test data with id 'Data Files/Common/Users'

22-10-2024T09:06:26 - [MESSAGE][INFO] - Test data is excel file, reading excel file

22-10-2024T09:06:26 - [MESSAGE][INFO] - Reading excel file with source file 'C:\Users\mayuresh.sonar\KatalonStudio\DataMigration\NFE-API-automationK\Data Files\TestData.xlsx' and sheet name 'users'

22-10-2024T09:06:26 - [MESSAGE][INFO] - Checking test data id

22-10-2024T09:06:26 - [MESSAGE][INFO] - Finding test data with id 'Data Files/Common/Users'

22-10-2024T09:06:26 - [MESSAGE][INFO] - Test data is excel file, reading excel file

22-10-2024T09:06:26 - [MESSAGE][INFO] - Reading excel file with source file 'C:\Users\mayuresh.sonar\KatalonStudio\DataMigration\NFE-API-automationK\Data Files\TestData.xlsx' and sheet name 'users'

22-10-2024T09:06:26 - [MESSAGE][INFO] - Checking test data id

22-10-2024T09:06:26 - [MESSAGE][INFO] - Finding test data with id 'Data Files/Common/Users'

22-10-2024T09:06:26 - [MESSAGE][INFO] - Test data is excel file, reading excel file

22-10-2024T09:06:26 - [MESSAGE][INFO] - Reading excel file with source file 'C:\Users\mayuresh.sonar\KatalonStudio\DataMigration\NFE-API-automationK\Data Files\TestData.xlsx' and sheet name 'users'

22-10-2024T09:06:28 - [MESSAGE][PASSED] - reporting.ExtentReporting.startTest is PASSED

22-10-2024T09:06:28 - [MESSAGE][INFO] - Invoke 'com.kms.katalon.core.annotation.BeforeTestCase' method: 'TestListener.Before(...)' completed.

22-10-2024T09:06:29 - [TEST_STEP][FAILED] - if (flag == "Y"): Unable to verify response status code (Root cause: com.kms.katalon.core.exception.StepFailedException: Expected status code is '200' but actual status code is '403'
	at com.kms.katalon.core.keyword.internal.KeywordMain.stepFailed(KeywordMain.groovy:51)
	at com.kms.katalon.core.webservice.keyword.builtin.VerifyResponseStatusCodeKeyword.verifyStatusCode(VerifyResponseStatusCodeKeyword.groovy:52)
	at com.kms.katalon.core.webservice.keyword.builtin.VerifyResponseStatusCodeKeyword.access$0(VerifyResponseStatusCodeKeyword.groovy)
	at com.kms.katalon.core.webservice.keyword.builtin.VerifyResponseStatusCodeKeyword$_verifyResponseStatusCode_closure1.doCall(VerifyResponseStatusCodeKeyword.groovy:42)
	at com.kms.katalon.core.webservice.keyword.builtin.VerifyResponseStatusCodeKeyword$_verifyResponseStatusCode_closure1.call(VerifyResponseStatusCodeKeyword.groovy)
	at com.kms.katalon.core.keyword.internal.KeywordMain.runKeyword(KeywordMain.groovy:75)
	at com.kms.katalon.core.webservice.keyword.builtin.VerifyResponseStatusCodeKeyword.verifyResponseStatusCode(VerifyResponseStatusCodeKeyword.groovy:37)
	at com.kms.katalon.core.webservice.keyword.builtin.VerifyResponseStatusCodeKeyword.execute(VerifyResponseStatusCodeKeyword.groovy:32)
	at com.kms.katalon.core.keyword.internal.KeywordExecutor.executeKeywordForPlatform(KeywordExecutor.groovy:74)
	at com.kms.katalon.core.webservice.keyword.WSBuiltInKeywords.verifyResponseStatusCode(WSBuiltInKeywords.groovy:345)
	at FCA-15702_TIP Management - GET TIP Providers.run(FCA-15702_TIP Management - GET TIP Providers:59)
	at com.kms.katalon.core.main.ScriptEngine.run(ScriptEngine.java:194)
	at com.kms.katalon.core.main.ScriptEngine.runScriptAsRawText(ScriptEngine.java:119)
	at com.kms.katalon.core.main.TestCaseExecutor.runScript(TestCaseExecutor.java:448)
	at com.kms.katalon.core.main.TestCaseExecutor.doExecute(TestCaseExecutor.java:439)
	at com.kms.katalon.core.main.TestCaseExecutor.processExecutionPhase(TestCaseExecutor.java:418)
	at com.kms.katalon.core.main.TestCaseExecutor.accessMainPhase(TestCaseExecutor.java:410)
	at com.kms.katalon.core.main.TestCaseExecutor.execute(TestCaseExecutor.java:285)
	at com.kms.katalon.core.common.CommonExecutor.accessTestCaseMainPhase(CommonExecutor.java:65)
	at com.kms.katalon.core.main.TestSuiteExecutor.accessTestSuiteMainPhase(TestSuiteExecutor.java:150)
	at com.kms.katalon.core.main.TestSuiteExecutor.execute(TestSuiteExecutor.java:106)
	at com.kms.katalon.core.main.TestCaseMain.startTestSuite(TestCaseMain.java:180)
	at TempTestSuite1729568174753.run(TempTestSuite1729568174753.groovy:35)
	at java.base/jdk.internal.reflect.NativeMethodAccessorImpl.invoke0(Native Method)
	at java.base/jdk.internal.reflect.NativeMethodAccessorImpl.invoke(NativeMethodAccessorImpl.java:77)
	at java.base/jdk.internal.reflect.DelegatingMethodAccessorImpl.invoke(DelegatingMethodAccessorImpl.java:43)
)

22-10-2024T09:06:29 - [TEST_STEP][PASSED] - path = endPoint: null

22-10-2024T09:06:29 - [TEST_STEP][PASSED] - URL_QA = baseURL_QA + "/" + basePathAPI + "/" + path: null

22-10-2024T09:06:29 - [TEST_STEP][PASSED] - queryResponseQA = sendRequest(findTestObject("CommonRequest/GET_Method_QA", ["token":airline952_73783_QA, "endPoint":path])): Send request successfully

22-10-2024T09:06:29 - [MESSAGE][INFO] - Finding Test Object 'Object Repository/CommonRequest/GET_Method_QA'

22-10-2024T09:06:30 - [MESSAGE][INFO] - Checking request object

22-10-2024T09:06:32 - [MESSAGE][INFO] - HAR: C:\Users\mayuresh.sonar\KatalonStudio\DataMigration\NFE-API-automationK\Reports\20241022_090614\TIP_Management\providers\20241022_090614\requests\main\0.har

22-10-2024T09:06:32 - [MESSAGE][PASSED] - Send request successfully

22-10-2024T09:06:32 - [TEST_STEP][FAILED] - verifyResponseStatusCode(queryResponseQA, 200): Unable to verify response status code (Root cause: com.kms.katalon.core.exception.StepFailedException: Expected status code is '200' but actual status code is '403'
	at com.kms.katalon.core.keyword.internal.KeywordMain.stepFailed(KeywordMain.groovy:51)
	at com.kms.katalon.core.webservice.keyword.builtin.VerifyResponseStatusCodeKeyword.verifyStatusCode(VerifyResponseStatusCodeKeyword.groovy:52)
	at com.kms.katalon.core.webservice.keyword.builtin.VerifyResponseStatusCodeKeyword.access$0(VerifyResponseStatusCodeKeyword.groovy)
	at com.kms.katalon.core.webservice.keyword.builtin.VerifyResponseStatusCodeKeyword$_verifyResponseStatusCode_closure1.doCall(VerifyResponseStatusCodeKeyword.groovy:42)
	at com.kms.katalon.core.webservice.keyword.builtin.VerifyResponseStatusCodeKeyword$_verifyResponseStatusCode_closure1.call(VerifyResponseStatusCodeKeyword.groovy)
	at com.kms.katalon.core.keyword.internal.KeywordMain.runKeyword(KeywordMain.groovy:75)
	at com.kms.katalon.core.webservice.keyword.builtin.VerifyResponseStatusCodeKeyword.verifyResponseStatusCode(VerifyResponseStatusCodeKeyword.groovy:37)
	at com.kms.katalon.core.webservice.keyword.builtin.VerifyResponseStatusCodeKeyword.execute(VerifyResponseStatusCodeKeyword.groovy:32)
	at com.kms.katalon.core.keyword.internal.KeywordExecutor.executeKeywordForPlatform(KeywordExecutor.groovy:74)
	at com.kms.katalon.core.webservice.keyword.WSBuiltInKeywords.verifyResponseStatusCode(WSBuiltInKeywords.groovy:345)
	at FCA-15702_TIP Management - GET TIP Providers.run(FCA-15702_TIP Management - GET TIP Providers:59)
	at com.kms.katalon.core.main.ScriptEngine.run(ScriptEngine.java:194)
	at com.kms.katalon.core.main.ScriptEngine.runScriptAsRawText(ScriptEngine.java:119)
	at com.kms.katalon.core.main.TestCaseExecutor.runScript(TestCaseExecutor.java:448)
	at com.kms.katalon.core.main.TestCaseExecutor.doExecute(TestCaseExecutor.java:439)
	at com.kms.katalon.core.main.TestCaseExecutor.processExecutionPhase(TestCaseExecutor.java:418)
	at com.kms.katalon.core.main.TestCaseExecutor.accessMainPhase(TestCaseExecutor.java:410)
	at com.kms.katalon.core.main.TestCaseExecutor.execute(TestCaseExecutor.java:285)
	at com.kms.katalon.core.common.CommonExecutor.accessTestCaseMainPhase(CommonExecutor.java:65)
	at com.kms.katalon.core.main.TestSuiteExecutor.accessTestSuiteMainPhase(TestSuiteExecutor.java:150)
	at com.kms.katalon.core.main.TestSuiteExecutor.execute(TestSuiteExecutor.java:106)
	at com.kms.katalon.core.main.TestCaseMain.startTestSuite(TestCaseMain.java:180)
	at TempTestSuite1729568174753.run(TempTestSuite1729568174753.groovy:35)
	at java.base/jdk.internal.reflect.NativeMethodAccessorImpl.invoke0(Native Method)
	at java.base/jdk.internal.reflect.NativeMethodAccessorImpl.invoke(NativeMethodAccessorImpl.java:77)
	at java.base/jdk.internal.reflect.DelegatingMethodAccessorImpl.invoke(DelegatingMethodAccessorImpl.java:43)
)

22-10-2024T09:06:32 - [MESSAGE][INFO] - Checking response object

22-10-2024T09:06:32 - [MESSAGE][FAILED] - Expected status code is '200' but actual status code is '403'

22-10-2024T09:06:32 - [MESSAGE][FAILED] - Unable to verify response status code (Root cause: com.kms.katalon.core.exception.StepFailedException: Expected status code is '200' but actual status code is '403'
	at com.kms.katalon.core.keyword.internal.KeywordMain.stepFailed(KeywordMain.groovy:51)
	at com.kms.katalon.core.webservice.keyword.builtin.VerifyResponseStatusCodeKeyword.verifyStatusCode(VerifyResponseStatusCodeKeyword.groovy:52)
	at com.kms.katalon.core.webservice.keyword.builtin.VerifyResponseStatusCodeKeyword.access$0(VerifyResponseStatusCodeKeyword.groovy)
	at com.kms.katalon.core.webservice.keyword.builtin.VerifyResponseStatusCodeKeyword$_verifyResponseStatusCode_closure1.doCall(VerifyResponseStatusCodeKeyword.groovy:42)
	at com.kms.katalon.core.webservice.keyword.builtin.VerifyResponseStatusCodeKeyword$_verifyResponseStatusCode_closure1.call(VerifyResponseStatusCodeKeyword.groovy)
	at com.kms.katalon.core.keyword.internal.KeywordMain.runKeyword(KeywordMain.groovy:75)
	at com.kms.katalon.core.webservice.keyword.builtin.VerifyResponseStatusCodeKeyword.verifyResponseStatusCode(VerifyResponseStatusCodeKeyword.groovy:37)
	at com.kms.katalon.core.webservice.keyword.builtin.VerifyResponseStatusCodeKeyword.execute(VerifyResponseStatusCodeKeyword.groovy:32)
	at com.kms.katalon.core.keyword.internal.KeywordExecutor.executeKeywordForPlatform(KeywordExecutor.groovy:74)
	at com.kms.katalon.core.webservice.keyword.WSBuiltInKeywords.verifyResponseStatusCode(WSBuiltInKeywords.groovy:345)
	at FCA-15702_TIP Management - GET TIP Providers.run(FCA-15702_TIP Management - GET TIP Providers:59)
	at com.kms.katalon.core.main.ScriptEngine.run(ScriptEngine.java:194)
	at com.kms.katalon.core.main.ScriptEngine.runScriptAsRawText(ScriptEngine.java:119)
	at com.kms.katalon.core.main.TestCaseExecutor.runScript(TestCaseExecutor.java:448)
	at com.kms.katalon.core.main.TestCaseExecutor.doExecute(TestCaseExecutor.java:439)
	at com.kms.katalon.core.main.TestCaseExecutor.processExecutionPhase(TestCaseExecutor.java:418)
	at com.kms.katalon.core.main.TestCaseExecutor.accessMainPhase(TestCaseExecutor.java:410)
	at com.kms.katalon.core.main.TestCaseExecutor.execute(TestCaseExecutor.java:285)
	at com.kms.katalon.core.common.CommonExecutor.accessTestCaseMainPhase(CommonExecutor.java:65)
	at com.kms.katalon.core.main.TestSuiteExecutor.accessTestSuiteMainPhase(TestSuiteExecutor.java:150)
	at com.kms.katalon.core.main.TestSuiteExecutor.execute(TestSuiteExecutor.java:106)
	at com.kms.katalon.core.main.TestCaseMain.startTestSuite(TestCaseMain.java:180)
	at TempTestSuite1729568174753.run(TempTestSuite1729568174753.groovy:35)
	at java.base/jdk.internal.reflect.NativeMethodAccessorImpl.invoke0(Native Method)
	at java.base/jdk.internal.reflect.NativeMethodAccessorImpl.invoke(NativeMethodAccessorImpl.java:77)
	at java.base/jdk.internal.reflect.DelegatingMethodAccessorImpl.invoke(DelegatingMethodAccessorImpl.java:43)
)

22-10-2024T09:06:32 - [TEST_STEP][FAILED] - Start listener action : afterTestCase: null

22-10-2024T09:06:32 - [MESSAGE][INFO] - Starting invoke 'com.kms.katalon.core.annotation.AfterTestCase' method: 'TestListener.afterTestCase(...)'

22-10-2024T09:06:32 - [TEST_STEP][PASSED] - logInfo(testCaseContext.getTestCaseId()): Test Cases/TIP_Management/provider/FCA-15702_TIP Management - GET TIP Providers

22-10-2024T09:06:32 - [MESSAGE][INFO] - Test Cases/TIP_Management/provider/FCA-15702_TIP Management - GET TIP Providers

22-10-2024T09:06:32 - [TEST_STEP][PASSED] - logInfo(testCaseContext.getTestCaseStatus()): FAILED

22-10-2024T09:06:32 - [MESSAGE][INFO] - FAILED

22-10-2024T09:06:32 - [TEST_STEP][PASSED] - responseQA = getTestCaseVariables().get("responseQA"): null

22-10-2024T09:06:32 - [TEST_STEP][PASSED] - responseQAMIG = getTestCaseVariables().get("responseQAMIG"): null

22-10-2024T09:06:32 - [TEST_STEP][PASSED] - sortedQA = getTestCaseVariables().get("sortedRecordsQA"): null

22-10-2024T09:06:32 - [TEST_STEP][PASSED] - sortedQAMIG = getTestCaseVariables().get("sortedRecordsQAMIG"): null

22-10-2024T09:06:32 - [TEST_STEP][PASSED] - reporting.ExtentReporting.logStringData("URL_QA", getTestCaseVariables().get("URL_QA")): reporting.ExtentReporting.logStringData is PASSED

22-10-2024T09:06:33 - [MESSAGE][PASSED] - reporting.ExtentReporting.logStringData is PASSED

22-10-2024T09:06:33 - [TEST_STEP][PASSED] - reporting.ExtentReporting.logStringData("URL_QAMIG", getTestCaseVariables().get("URL_QAMIG")): reporting.ExtentReporting.logStringData is PASSED

22-10-2024T09:06:33 - [MESSAGE][PASSED] - reporting.ExtentReporting.logStringData is PASSED

22-10-2024T09:06:33 - [TEST_STEP][PASSED] - reporting.ExtentReporting.logJSONData("QA Response", responseQA): reporting.ExtentReporting.logJSONData is PASSED

22-10-2024T09:06:33 - [MESSAGE][PASSED] - reporting.ExtentReporting.logJSONData is PASSED

22-10-2024T09:06:33 - [TEST_STEP][PASSED] - reporting.ExtentReporting.logJSONData("QAMIG Response", responseQAMIG): reporting.ExtentReporting.logJSONData is PASSED

22-10-2024T09:06:33 - [MESSAGE][PASSED] - reporting.ExtentReporting.logJSONData is PASSED

22-10-2024T09:06:33 - [TEST_STEP][FAILED] - if (getTestCaseStatus().equals("FAILED")): null

22-10-2024T09:06:33 - [TEST_STEP][PASSED] - responseQAValue = getTestCaseVariables().get("responseQA"): null

22-10-2024T09:06:33 - [TEST_STEP][FAILED] - markFailed(getTestCaseVariables().get("URL_QA")): https://gateway-gateway.apps.qa.okd4.nfe.projects.nonprod.itd.farelogix.com/api/tip-management/providers?bspId=7378

22-10-2024T09:06:33 - [MESSAGE][FAILED] - https://gateway-gateway.apps.qa.okd4.nfe.projects.nonprod.itd.farelogix.com/api/tip-management/providers?bspId=7378

22-10-2024T09:06:33 - [TEST_STEP][FAILED] - markFailed(responseQAValue): 

22-10-2024T09:06:33 - [MESSAGE][FAILED] - 

22-10-2024T09:06:33 - [TEST_STEP][PASSED] - responseQAMIGValue = getTestCaseVariables().get("responseQAMIG"): null

22-10-2024T09:06:33 - [TEST_STEP][FAILED] - markFailed(getTestCaseVariables().get("URL_QAMIG")): 

22-10-2024T09:06:33 - [MESSAGE][FAILED] - 

22-10-2024T09:06:33 - [TEST_STEP][FAILED] - markFailed(responseQAMIGValue): 

22-10-2024T09:06:33 - [MESSAGE][FAILED] - 

22-10-2024T09:06:33 - [TEST_STEP][PASSED] - recordsQA = getTestCaseVariables().get("sortedRecordsQA"): null

22-10-2024T09:06:33 - [TEST_STEP][FAILED] - markFailed(recordsQA): 

22-10-2024T09:06:33 - [MESSAGE][FAILED] - 

22-10-2024T09:06:33 - [TEST_STEP][PASSED] - recordsQAMIG = getTestCaseVariables().get("sortedRecordsQAMIG"): null

22-10-2024T09:06:33 - [TEST_STEP][FAILED] - markFailed(recordsQAMIG): 

22-10-2024T09:06:33 - [MESSAGE][FAILED] - 

22-10-2024T09:06:33 - [TEST_STEP][PASSED] - missingIDsList = getTestCaseVariables().get("missing_IDs"): null

22-10-2024T09:06:33 - [TEST_STEP][PASSED] - missingIDsList.each({ java.lang.Object id -> ... }): null

22-10-2024T09:06:33 - [TEST_STEP][PASSED] - fieldsToBeIgnoredList = getTestCaseVariables().get("fieldsToBeIgnoredList"): null

22-10-2024T09:06:33 - [TEST_STEP][PASSED] - fieldsToBeIgnoredList.each({ java.lang.Object fieldName -> ... }): null

22-10-2024T09:06:33 - [TEST_STEP][PASSED] - uniqueKey = getTestCaseVariables().get("keyToSort"): null

22-10-2024T09:06:33 - [TEST_STEP][PASSED] - failedList = getTestCaseVariables().get("failedList"): null

22-10-2024T09:06:33 - [TEST_STEP][FAILED] - markFailed("failedList.size() " + failedList.size()): failedList.size() 0

22-10-2024T09:06:33 - [MESSAGE][FAILED] - failedList.size() 0

22-10-2024T09:06:33 - [TEST_STEP][PASSED] - hashMapF1 = new java.util.HashMap(): null

22-10-2024T09:06:33 - [TEST_STEP][PASSED] - hashMapF2 = new java.util.HashMap(): null

22-10-2024T09:06:33 - [TEST_STEP][PASSED] - failedList.forEach({ java.lang.Object failedF -> ... }): null

22-10-2024T09:06:33 - [TEST_STEP][PASSED] - keySet().forEach({ java.lang.Object key -> ... }): null

22-10-2024T09:06:33 - [TEST_STEP][PASSED] - hashMapFEx1 = new java.util.HashMap(): null

22-10-2024T09:06:33 - [TEST_STEP][PASSED] - hashMapFEx2 = new java.util.HashMap(): null

22-10-2024T09:06:33 - [TEST_STEP][PASSED] - failedList.forEach({ java.lang.Object failedF -> ... }): null

22-10-2024T09:06:33 - [TEST_STEP][PASSED] - keySet().forEach({ java.lang.Object key -> ... }): null

22-10-2024T09:06:33 - [TEST_STEP][PASSED] - missingList = getTestCaseVariables().get("missingList"): null

22-10-2024T09:06:33 - [TEST_STEP][FAILED] - markFailed("missingList.size() " + missingList.size()): missingList.size() 0

22-10-2024T09:06:33 - [MESSAGE][FAILED] - missingList.size() 0

22-10-2024T09:06:33 - [TEST_STEP][PASSED] - hashMapM = new java.util.HashMap(): null

22-10-2024T09:06:33 - [TEST_STEP][PASSED] - missingAll = new java.util.LinkedHashMap(): null

22-10-2024T09:06:33 - [TEST_STEP][PASSED] - c = 0: null

22-10-2024T09:06:33 - [TEST_STEP][PASSED] - if (missingList.size() > 0): null

22-10-2024T09:06:33 - [TEST_STEP][FAILED] - markFailed("Missing from QAMIG size -> " + hashMapM.size()): Missing from QAMIG size -> 0

22-10-2024T09:06:33 - [MESSAGE][FAILED] - Missing from QAMIG size -> 0

22-10-2024T09:06:33 - [TEST_STEP][FAILED] - markFailed("Missing from QAMIG -> " + hashMapM): Missing from QAMIG -> [:]

22-10-2024T09:06:33 - [MESSAGE][FAILED] - Missing from QAMIG -> [:]

22-10-2024T09:06:33 - [TEST_STEP][PASSED] - if (hashMapM.size() > 0): null

22-10-2024T09:06:33 - [TEST_STEP][PASSED] - unexpectedList = getTestCaseVariables().get("unexpectedList"): null

22-10-2024T09:06:33 - [TEST_STEP][FAILED] - markFailed("unexpectedList.size() " + unexpectedList.size()): unexpectedList.size() 0

22-10-2024T09:06:33 - [MESSAGE][FAILED] - unexpectedList.size() 0

22-10-2024T09:06:33 - [TEST_STEP][PASSED] - hashMapU = new java.util.HashMap(): null

22-10-2024T09:06:33 - [TEST_STEP][PASSED] - if (unexpectedList.size() > 0): null

22-10-2024T09:06:33 - [TEST_STEP][FAILED] - markFailed("Missing from QA size -> " + hashMapU.size()): Missing from QA size -> 0

22-10-2024T09:06:33 - [MESSAGE][FAILED] - Missing from QA size -> 0

22-10-2024T09:06:33 - [TEST_STEP][FAILED] - markFailed("Missing from QA -> " + hashMapU): Missing from QA -> [:]

22-10-2024T09:06:33 - [MESSAGE][FAILED] - Missing from QA -> [:]

22-10-2024T09:06:33 - [TEST_STEP][PASSED] - missing_IDs = getTestCaseVariables().get("missing_IDs"): null

22-10-2024T09:06:33 - [TEST_STEP][PASSED] - if (missing_IDs.size() > 0): null

22-10-2024T09:06:33 - [TEST_STEP][PASSED] - reporting.ExtentReporting.testStatus("FAIL", testCaseContext.getMessage()): reporting.ExtentReporting.testStatus is PASSED

22-10-2024T09:06:33 - [MESSAGE][PASSED] - reporting.ExtentReporting.testStatus is PASSED

22-10-2024T09:06:33 - [TEST_STEP][PASSED] - if (extentFlag.equals("y")): Invoke 'com.kms.katalon.core.annotation.AfterTestCase' method: 'TestListener.afterTestCase(...)' completed.

22-10-2024T09:06:33 - [TEST_STEP][PASSED] - reporting.ExtentReporting.endTest(): Invoke 'com.kms.katalon.core.annotation.AfterTestCase' method: 'TestListener.afterTestCase(...)' completed.

22-10-2024T09:06:33 - [MESSAGE][PASSED] - reporting.ExtentReporting.endTest is PASSED

22-10-2024T09:06:33 - [MESSAGE][INFO] - Invoke 'com.kms.katalon.core.annotation.AfterTestCase' method: 'TestListener.afterTestCase(...)' completed.]]></system-out>
         <system-err><![CDATA[22-10-2024T09:06:22 - [TEST_CASE][FAILED] - Test Cases/TIP_Management/provider/FCA-15702_TIP Management - GET TIP Providers: Test Cases/TIP_Management/provider/FCA-15702_TIP Management - GET TIP Providers FAILED.
Reason:
com.kms.katalon.core.exception.StepFailedException: Expected status code is '200' but actual status code is '403'
	at com.kms.katalon.core.keyword.internal.KeywordMain.stepFailed(KeywordMain.groovy:51)
	at com.kms.katalon.core.webservice.keyword.builtin.VerifyResponseStatusCodeKeyword.verifyStatusCode(VerifyResponseStatusCodeKeyword.groovy:52)
	at com.kms.katalon.core.webservice.keyword.builtin.VerifyResponseStatusCodeKeyword.access$0(VerifyResponseStatusCodeKeyword.groovy)
	at com.kms.katalon.core.webservice.keyword.builtin.VerifyResponseStatusCodeKeyword$_verifyResponseStatusCode_closure1.doCall(VerifyResponseStatusCodeKeyword.groovy:42)
	at com.kms.katalon.core.webservice.keyword.builtin.VerifyResponseStatusCodeKeyword$_verifyResponseStatusCode_closure1.call(VerifyResponseStatusCodeKeyword.groovy)
	at com.kms.katalon.core.keyword.internal.KeywordMain.runKeyword(KeywordMain.groovy:75)
	at com.kms.katalon.core.webservice.keyword.builtin.VerifyResponseStatusCodeKeyword.verifyResponseStatusCode(VerifyResponseStatusCodeKeyword.groovy:37)
	at com.kms.katalon.core.webservice.keyword.builtin.VerifyResponseStatusCodeKeyword.execute(VerifyResponseStatusCodeKeyword.groovy:32)
	at com.kms.katalon.core.keyword.internal.KeywordExecutor.executeKeywordForPlatform(KeywordExecutor.groovy:74)
	at com.kms.katalon.core.webservice.keyword.WSBuiltInKeywords.verifyResponseStatusCode(WSBuiltInKeywords.groovy:345)
	at FCA-15702_TIP Management - GET TIP Providers.run(FCA-15702_TIP Management - GET TIP Providers:59)
	at com.kms.katalon.core.main.ScriptEngine.run(ScriptEngine.java:194)
	at com.kms.katalon.core.main.ScriptEngine.runScriptAsRawText(ScriptEngine.java:119)
	at com.kms.katalon.core.main.TestCaseExecutor.runScript(TestCaseExecutor.java:448)
	at com.kms.katalon.core.main.TestCaseExecutor.doExecute(TestCaseExecutor.java:439)
	at com.kms.katalon.core.main.TestCaseExecutor.processExecutionPhase(TestCaseExecutor.java:418)
	at com.kms.katalon.core.main.TestCaseExecutor.accessMainPhase(TestCaseExecutor.java:410)
	at com.kms.katalon.core.main.TestCaseExecutor.execute(TestCaseExecutor.java:285)
	at com.kms.katalon.core.common.CommonExecutor.accessTestCaseMainPhase(CommonExecutor.java:65)
	at com.kms.katalon.core.main.TestSuiteExecutor.accessTestSuiteMainPhase(TestSuiteExecutor.java:150)
	at com.kms.katalon.core.main.TestSuiteExecutor.execute(TestSuiteExecutor.java:106)
	at com.kms.katalon.core.main.TestCaseMain.startTestSuite(TestCaseMain.java:180)
	at TempTestSuite1729568174753.run(TempTestSuite1729568174753.groovy:35)
	at java.base/jdk.internal.reflect.NativeMethodAccessorImpl.invoke0(Native Method)
	at java.base/jdk.internal.reflect.NativeMethodAccessorImpl.invoke(NativeMethodAccessorImpl.java:77)
	at java.base/jdk.internal.reflect.DelegatingMethodAccessorImpl.invoke(DelegatingMethodAccessorImpl.java:43)]]></system-err>
      </testcase>
      <testcase name="Test Cases/TIP_Management/provider/FCA-15703_TIP Management - GET TIP Provider by Id" time="3.006" classname="Test Cases/TIP_Management/provider/FCA-15703_TIP Management - GET TIP Provider by Id" status="FAILED">
         <failure type="FAILED" message="Test Cases/TIP_Management/provider/FCA-15703_TIP Management - GET TIP Provider by Id FAILED.&#xa;Reason:&#xa;com.kms.katalon.core.exception.StepFailedException: Expected status code is '200' but actual status code is '403'&#xa;	at com.kms.katalon.core.keyword.internal.KeywordMain.stepFailed(KeywordMain.groovy:51)&#xa;	at com.kms.katalon.core.webservice.keyword.builtin.VerifyResponseStatusCodeKeyword.verifyStatusCode(VerifyResponseStatusCodeKeyword.groovy:52)&#xa;	at com.kms.katalon.core.webservice.keyword.builtin.VerifyResponseStatusCodeKeyword.access$0(VerifyResponseStatusCodeKeyword.groovy)&#xa;	at com.kms.katalon.core.webservice.keyword.builtin.VerifyResponseStatusCodeKeyword$_verifyResponseStatusCode_closure1.doCall(VerifyResponseStatusCodeKeyword.groovy:42)&#xa;	at com.kms.katalon.core.webservice.keyword.builtin.VerifyResponseStatusCodeKeyword$_verifyResponseStatusCode_closure1.call(VerifyResponseStatusCodeKeyword.groovy)&#xa;	at com.kms.katalon.core.keyword.internal.KeywordMain.runKeyword(KeywordMain.groovy:75)&#xa;	at com.kms.katalon.core.webservice.keyword.builtin.VerifyResponseStatusCodeKeyword.verifyResponseStatusCode(VerifyResponseStatusCodeKeyword.groovy:37)&#xa;	at com.kms.katalon.core.webservice.keyword.builtin.VerifyResponseStatusCodeKeyword.execute(VerifyResponseStatusCodeKeyword.groovy:32)&#xa;	at com.kms.katalon.core.keyword.internal.KeywordExecutor.executeKeywordForPlatform(KeywordExecutor.groovy:74)&#xa;	at com.kms.katalon.core.webservice.keyword.WSBuiltInKeywords.verifyResponseStatusCode(WSBuiltInKeywords.groovy:345)&#xa;	at FCA-15703_TIP Management - GET TIP Provider by Id.run(FCA-15703_TIP Management - GET TIP Provider by Id:59)&#xa;	at com.kms.katalon.core.main.ScriptEngine.run(ScriptEngine.java:194)&#xa;	at com.kms.katalon.core.main.ScriptEngine.runScriptAsRawText(ScriptEngine.java:119)&#xa;	at com.kms.katalon.core.main.TestCaseExecutor.runScript(TestCaseExecutor.java:448)&#xa;	at com.kms.katalon.core.main.TestCaseExecutor.doExecute(TestCaseExecutor.java:439)&#xa;	at com.kms.katalon.core.main.TestCaseExecutor.processExecutionPhase(TestCaseExecutor.java:418)&#xa;	at com.kms.katalon.core.main.TestCaseExecutor.accessMainPhase(TestCaseExecutor.java:410)&#xa;	at com.kms.katalon.core.main.TestCaseExecutor.execute(TestCaseExecutor.java:285)&#xa;	at com.kms.katalon.core.common.CommonExecutor.accessTestCaseMainPhase(CommonExecutor.java:65)&#xa;	at com.kms.katalon.core.main.TestSuiteExecutor.accessTestSuiteMainPhase(TestSuiteExecutor.java:150)&#xa;	at com.kms.katalon.core.main.TestSuiteExecutor.execute(TestSuiteExecutor.java:106)&#xa;	at com.kms.katalon.core.main.TestCaseMain.startTestSuite(TestCaseMain.java:180)&#xa;	at TempTestSuite1729568174753.run(TempTestSuite1729568174753.groovy:35)&#xa;	at java.base/jdk.internal.reflect.NativeMethodAccessorImpl.invoke0(Native Method)&#xa;	at java.base/jdk.internal.reflect.NativeMethodAccessorImpl.invoke(NativeMethodAccessorImpl.java:77)&#xa;	at java.base/jdk.internal.reflect.DelegatingMethodAccessorImpl.invoke(DelegatingMethodAccessorImpl.java:43)&#xa;"/>
         <system-out><![CDATA[22-10-2024T09:06:33 - [TEST_CASE][FAILED] - Test Cases/TIP_Management/provider/FCA-15703_TIP Management - GET TIP Provider by Id: Test Cases/TIP_Management/provider/FCA-15703_TIP Management - GET TIP Provider by Id FAILED.
Reason:
com.kms.katalon.core.exception.StepFailedException: Expected status code is '200' but actual status code is '403'
	at com.kms.katalon.core.keyword.internal.KeywordMain.stepFailed(KeywordMain.groovy:51)
	at com.kms.katalon.core.webservice.keyword.builtin.VerifyResponseStatusCodeKeyword.verifyStatusCode(VerifyResponseStatusCodeKeyword.groovy:52)
	at com.kms.katalon.core.webservice.keyword.builtin.VerifyResponseStatusCodeKeyword.access$0(VerifyResponseStatusCodeKeyword.groovy)
	at com.kms.katalon.core.webservice.keyword.builtin.VerifyResponseStatusCodeKeyword$_verifyResponseStatusCode_closure1.doCall(VerifyResponseStatusCodeKeyword.groovy:42)
	at com.kms.katalon.core.webservice.keyword.builtin.VerifyResponseStatusCodeKeyword$_verifyResponseStatusCode_closure1.call(VerifyResponseStatusCodeKeyword.groovy)
	at com.kms.katalon.core.keyword.internal.KeywordMain.runKeyword(KeywordMain.groovy:75)
	at com.kms.katalon.core.webservice.keyword.builtin.VerifyResponseStatusCodeKeyword.verifyResponseStatusCode(VerifyResponseStatusCodeKeyword.groovy:37)
	at com.kms.katalon.core.webservice.keyword.builtin.VerifyResponseStatusCodeKeyword.execute(VerifyResponseStatusCodeKeyword.groovy:32)
	at com.kms.katalon.core.keyword.internal.KeywordExecutor.executeKeywordForPlatform(KeywordExecutor.groovy:74)
	at com.kms.katalon.core.webservice.keyword.WSBuiltInKeywords.verifyResponseStatusCode(WSBuiltInKeywords.groovy:345)
	at FCA-15703_TIP Management - GET TIP Provider by Id.run(FCA-15703_TIP Management - GET TIP Provider by Id:59)
	at com.kms.katalon.core.main.ScriptEngine.run(ScriptEngine.java:194)
	at com.kms.katalon.core.main.ScriptEngine.runScriptAsRawText(ScriptEngine.java:119)
	at com.kms.katalon.core.main.TestCaseExecutor.runScript(TestCaseExecutor.java:448)
	at com.kms.katalon.core.main.TestCaseExecutor.doExecute(TestCaseExecutor.java:439)
	at com.kms.katalon.core.main.TestCaseExecutor.processExecutionPhase(TestCaseExecutor.java:418)
	at com.kms.katalon.core.main.TestCaseExecutor.accessMainPhase(TestCaseExecutor.java:410)
	at com.kms.katalon.core.main.TestCaseExecutor.execute(TestCaseExecutor.java:285)
	at com.kms.katalon.core.common.CommonExecutor.accessTestCaseMainPhase(CommonExecutor.java:65)
	at com.kms.katalon.core.main.TestSuiteExecutor.accessTestSuiteMainPhase(TestSuiteExecutor.java:150)
	at com.kms.katalon.core.main.TestSuiteExecutor.execute(TestSuiteExecutor.java:106)
	at com.kms.katalon.core.main.TestCaseMain.startTestSuite(TestCaseMain.java:180)
	at TempTestSuite1729568174753.run(TempTestSuite1729568174753.groovy:35)
	at java.base/jdk.internal.reflect.NativeMethodAccessorImpl.invoke0(Native Method)
	at java.base/jdk.internal.reflect.NativeMethodAccessorImpl.invoke(NativeMethodAccessorImpl.java:77)
	at java.base/jdk.internal.reflect.DelegatingMethodAccessorImpl.invoke(DelegatingMethodAccessorImpl.java:43)


22-10-2024T09:06:34 - [TEST_STEP][PASSED] - Start listener action : Before: Invoke 'com.kms.katalon.core.annotation.BeforeTestCase' method: 'TestListener.Before(...)' completed.

22-10-2024T09:06:34 - [MESSAGE][INFO] - Starting invoke 'com.kms.katalon.core.annotation.BeforeTestCase' method: 'TestListener.Before(...)'

22-10-2024T09:06:34 - [TEST_STEP][PASSED] - tc_description = testCaseContext.getMessage(): null

22-10-2024T09:06:34 - [TEST_STEP][PASSED] - tcName = testCaseId: null

22-10-2024T09:06:34 - [TEST_STEP][PASSED] - println(tcName): null

22-10-2024T09:06:34 - [TEST_STEP][PASSED] - reporting.ExtentReporting.startTest(reportPath, testSuiteName, tcName, tc_description, author, "Extent Test", reportFile): Invoke 'com.kms.katalon.core.annotation.BeforeTestCase' method: 'TestListener.Before(...)' completed.

22-10-2024T09:06:34 - [MESSAGE][PASSED] - reporting.ExtentReporting.startTest is PASSED

22-10-2024T09:06:34 - [MESSAGE][INFO] - Invoke 'com.kms.katalon.core.annotation.BeforeTestCase' method: 'TestListener.Before(...)' completed.

22-10-2024T09:06:36 - [TEST_STEP][FAILED] - if (flag == "Y"): Unable to verify response status code (Root cause: com.kms.katalon.core.exception.StepFailedException: Expected status code is '200' but actual status code is '403'
	at com.kms.katalon.core.keyword.internal.KeywordMain.stepFailed(KeywordMain.groovy:51)
	at com.kms.katalon.core.webservice.keyword.builtin.VerifyResponseStatusCodeKeyword.verifyStatusCode(VerifyResponseStatusCodeKeyword.groovy:52)
	at com.kms.katalon.core.webservice.keyword.builtin.VerifyResponseStatusCodeKeyword.access$0(VerifyResponseStatusCodeKeyword.groovy)
	at com.kms.katalon.core.webservice.keyword.builtin.VerifyResponseStatusCodeKeyword$_verifyResponseStatusCode_closure1.doCall(VerifyResponseStatusCodeKeyword.groovy:42)
	at com.kms.katalon.core.webservice.keyword.builtin.VerifyResponseStatusCodeKeyword$_verifyResponseStatusCode_closure1.call(VerifyResponseStatusCodeKeyword.groovy)
	at com.kms.katalon.core.keyword.internal.KeywordMain.runKeyword(KeywordMain.groovy:75)
	at com.kms.katalon.core.webservice.keyword.builtin.VerifyResponseStatusCodeKeyword.verifyResponseStatusCode(VerifyResponseStatusCodeKeyword.groovy:37)
	at com.kms.katalon.core.webservice.keyword.builtin.VerifyResponseStatusCodeKeyword.execute(VerifyResponseStatusCodeKeyword.groovy:32)
	at com.kms.katalon.core.keyword.internal.KeywordExecutor.executeKeywordForPlatform(KeywordExecutor.groovy:74)
	at com.kms.katalon.core.webservice.keyword.WSBuiltInKeywords.verifyResponseStatusCode(WSBuiltInKeywords.groovy:345)
	at FCA-15703_TIP Management - GET TIP Provider by Id.run(FCA-15703_TIP Management - GET TIP Provider by Id:59)
	at com.kms.katalon.core.main.ScriptEngine.run(ScriptEngine.java:194)
	at com.kms.katalon.core.main.ScriptEngine.runScriptAsRawText(ScriptEngine.java:119)
	at com.kms.katalon.core.main.TestCaseExecutor.runScript(TestCaseExecutor.java:448)
	at com.kms.katalon.core.main.TestCaseExecutor.doExecute(TestCaseExecutor.java:439)
	at com.kms.katalon.core.main.TestCaseExecutor.processExecutionPhase(TestCaseExecutor.java:418)
	at com.kms.katalon.core.main.TestCaseExecutor.accessMainPhase(TestCaseExecutor.java:410)
	at com.kms.katalon.core.main.TestCaseExecutor.execute(TestCaseExecutor.java:285)
	at com.kms.katalon.core.common.CommonExecutor.accessTestCaseMainPhase(CommonExecutor.java:65)
	at com.kms.katalon.core.main.TestSuiteExecutor.accessTestSuiteMainPhase(TestSuiteExecutor.java:150)
	at com.kms.katalon.core.main.TestSuiteExecutor.execute(TestSuiteExecutor.java:106)
	at com.kms.katalon.core.main.TestCaseMain.startTestSuite(TestCaseMain.java:180)
	at TempTestSuite1729568174753.run(TempTestSuite1729568174753.groovy:35)
	at java.base/jdk.internal.reflect.NativeMethodAccessorImpl.invoke0(Native Method)
	at java.base/jdk.internal.reflect.NativeMethodAccessorImpl.invoke(NativeMethodAccessorImpl.java:77)
	at java.base/jdk.internal.reflect.DelegatingMethodAccessorImpl.invoke(DelegatingMethodAccessorImpl.java:43)
)

22-10-2024T09:06:36 - [TEST_STEP][PASSED] - path = endPoint: null

22-10-2024T09:06:36 - [TEST_STEP][PASSED] - URL_QA = baseURL_QA + "/" + basePathAPI + "/" + path: null

22-10-2024T09:06:36 - [TEST_STEP][PASSED] - queryResponseQA = sendRequest(findTestObject("CommonRequest/GET_Method_QA", ["token":airlineQA_157_686910, "endPoint":path])): Send request successfully

22-10-2024T09:06:36 - [MESSAGE][INFO] - Finding Test Object 'Object Repository/CommonRequest/GET_Method_QA'

22-10-2024T09:06:36 - [MESSAGE][INFO] - Checking request object

22-10-2024T09:06:36 - [MESSAGE][INFO] - HAR: C:\Users\mayuresh.sonar\KatalonStudio\DataMigration\NFE-API-automationK\Reports\20241022_090614\TIP_Management\providers\20241022_090614\requests\main\1.har

22-10-2024T09:06:36 - [MESSAGE][PASSED] - Send request successfully

22-10-2024T09:06:36 - [TEST_STEP][FAILED] - verifyResponseStatusCode(queryResponseQA, 200): Unable to verify response status code (Root cause: com.kms.katalon.core.exception.StepFailedException: Expected status code is '200' but actual status code is '403'
	at com.kms.katalon.core.keyword.internal.KeywordMain.stepFailed(KeywordMain.groovy:51)
	at com.kms.katalon.core.webservice.keyword.builtin.VerifyResponseStatusCodeKeyword.verifyStatusCode(VerifyResponseStatusCodeKeyword.groovy:52)
	at com.kms.katalon.core.webservice.keyword.builtin.VerifyResponseStatusCodeKeyword.access$0(VerifyResponseStatusCodeKeyword.groovy)
	at com.kms.katalon.core.webservice.keyword.builtin.VerifyResponseStatusCodeKeyword$_verifyResponseStatusCode_closure1.doCall(VerifyResponseStatusCodeKeyword.groovy:42)
	at com.kms.katalon.core.webservice.keyword.builtin.VerifyResponseStatusCodeKeyword$_verifyResponseStatusCode_closure1.call(VerifyResponseStatusCodeKeyword.groovy)
	at com.kms.katalon.core.keyword.internal.KeywordMain.runKeyword(KeywordMain.groovy:75)
	at com.kms.katalon.core.webservice.keyword.builtin.VerifyResponseStatusCodeKeyword.verifyResponseStatusCode(VerifyResponseStatusCodeKeyword.groovy:37)
	at com.kms.katalon.core.webservice.keyword.builtin.VerifyResponseStatusCodeKeyword.execute(VerifyResponseStatusCodeKeyword.groovy:32)
	at com.kms.katalon.core.keyword.internal.KeywordExecutor.executeKeywordForPlatform(KeywordExecutor.groovy:74)
	at com.kms.katalon.core.webservice.keyword.WSBuiltInKeywords.verifyResponseStatusCode(WSBuiltInKeywords.groovy:345)
	at FCA-15703_TIP Management - GET TIP Provider by Id.run(FCA-15703_TIP Management - GET TIP Provider by Id:59)
	at com.kms.katalon.core.main.ScriptEngine.run(ScriptEngine.java:194)
	at com.kms.katalon.core.main.ScriptEngine.runScriptAsRawText(ScriptEngine.java:119)
	at com.kms.katalon.core.main.TestCaseExecutor.runScript(TestCaseExecutor.java:448)
	at com.kms.katalon.core.main.TestCaseExecutor.doExecute(TestCaseExecutor.java:439)
	at com.kms.katalon.core.main.TestCaseExecutor.processExecutionPhase(TestCaseExecutor.java:418)
	at com.kms.katalon.core.main.TestCaseExecutor.accessMainPhase(TestCaseExecutor.java:410)
	at com.kms.katalon.core.main.TestCaseExecutor.execute(TestCaseExecutor.java:285)
	at com.kms.katalon.core.common.CommonExecutor.accessTestCaseMainPhase(CommonExecutor.java:65)
	at com.kms.katalon.core.main.TestSuiteExecutor.accessTestSuiteMainPhase(TestSuiteExecutor.java:150)
	at com.kms.katalon.core.main.TestSuiteExecutor.execute(TestSuiteExecutor.java:106)
	at com.kms.katalon.core.main.TestCaseMain.startTestSuite(TestCaseMain.java:180)
	at TempTestSuite1729568174753.run(TempTestSuite1729568174753.groovy:35)
	at java.base/jdk.internal.reflect.NativeMethodAccessorImpl.invoke0(Native Method)
	at java.base/jdk.internal.reflect.NativeMethodAccessorImpl.invoke(NativeMethodAccessorImpl.java:77)
	at java.base/jdk.internal.reflect.DelegatingMethodAccessorImpl.invoke(DelegatingMethodAccessorImpl.java:43)
)

22-10-2024T09:06:36 - [MESSAGE][INFO] - Checking response object

22-10-2024T09:06:36 - [MESSAGE][FAILED] - Expected status code is '200' but actual status code is '403'

22-10-2024T09:06:36 - [MESSAGE][FAILED] - Unable to verify response status code (Root cause: com.kms.katalon.core.exception.StepFailedException: Expected status code is '200' but actual status code is '403'
	at com.kms.katalon.core.keyword.internal.KeywordMain.stepFailed(KeywordMain.groovy:51)
	at com.kms.katalon.core.webservice.keyword.builtin.VerifyResponseStatusCodeKeyword.verifyStatusCode(VerifyResponseStatusCodeKeyword.groovy:52)
	at com.kms.katalon.core.webservice.keyword.builtin.VerifyResponseStatusCodeKeyword.access$0(VerifyResponseStatusCodeKeyword.groovy)
	at com.kms.katalon.core.webservice.keyword.builtin.VerifyResponseStatusCodeKeyword$_verifyResponseStatusCode_closure1.doCall(VerifyResponseStatusCodeKeyword.groovy:42)
	at com.kms.katalon.core.webservice.keyword.builtin.VerifyResponseStatusCodeKeyword$_verifyResponseStatusCode_closure1.call(VerifyResponseStatusCodeKeyword.groovy)
	at com.kms.katalon.core.keyword.internal.KeywordMain.runKeyword(KeywordMain.groovy:75)
	at com.kms.katalon.core.webservice.keyword.builtin.VerifyResponseStatusCodeKeyword.verifyResponseStatusCode(VerifyResponseStatusCodeKeyword.groovy:37)
	at com.kms.katalon.core.webservice.keyword.builtin.VerifyResponseStatusCodeKeyword.execute(VerifyResponseStatusCodeKeyword.groovy:32)
	at com.kms.katalon.core.keyword.internal.KeywordExecutor.executeKeywordForPlatform(KeywordExecutor.groovy:74)
	at com.kms.katalon.core.webservice.keyword.WSBuiltInKeywords.verifyResponseStatusCode(WSBuiltInKeywords.groovy:345)
	at FCA-15703_TIP Management - GET TIP Provider by Id.run(FCA-15703_TIP Management - GET TIP Provider by Id:59)
	at com.kms.katalon.core.main.ScriptEngine.run(ScriptEngine.java:194)
	at com.kms.katalon.core.main.ScriptEngine.runScriptAsRawText(ScriptEngine.java:119)
	at com.kms.katalon.core.main.TestCaseExecutor.runScript(TestCaseExecutor.java:448)
	at com.kms.katalon.core.main.TestCaseExecutor.doExecute(TestCaseExecutor.java:439)
	at com.kms.katalon.core.main.TestCaseExecutor.processExecutionPhase(TestCaseExecutor.java:418)
	at com.kms.katalon.core.main.TestCaseExecutor.accessMainPhase(TestCaseExecutor.java:410)
	at com.kms.katalon.core.main.TestCaseExecutor.execute(TestCaseExecutor.java:285)
	at com.kms.katalon.core.common.CommonExecutor.accessTestCaseMainPhase(CommonExecutor.java:65)
	at com.kms.katalon.core.main.TestSuiteExecutor.accessTestSuiteMainPhase(TestSuiteExecutor.java:150)
	at com.kms.katalon.core.main.TestSuiteExecutor.execute(TestSuiteExecutor.java:106)
	at com.kms.katalon.core.main.TestCaseMain.startTestSuite(TestCaseMain.java:180)
	at TempTestSuite1729568174753.run(TempTestSuite1729568174753.groovy:35)
	at java.base/jdk.internal.reflect.NativeMethodAccessorImpl.invoke0(Native Method)
	at java.base/jdk.internal.reflect.NativeMethodAccessorImpl.invoke(NativeMethodAccessorImpl.java:77)
	at java.base/jdk.internal.reflect.DelegatingMethodAccessorImpl.invoke(DelegatingMethodAccessorImpl.java:43)
)

22-10-2024T09:06:36 - [TEST_STEP][FAILED] - Start listener action : afterTestCase: null

22-10-2024T09:06:36 - [MESSAGE][INFO] - Starting invoke 'com.kms.katalon.core.annotation.AfterTestCase' method: 'TestListener.afterTestCase(...)'

22-10-2024T09:06:36 - [TEST_STEP][PASSED] - logInfo(testCaseContext.getTestCaseId()): Test Cases/TIP_Management/provider/FCA-15703_TIP Management - GET TIP Provider by Id

22-10-2024T09:06:36 - [MESSAGE][INFO] - Test Cases/TIP_Management/provider/FCA-15703_TIP Management - GET TIP Provider by Id

22-10-2024T09:06:36 - [TEST_STEP][PASSED] - logInfo(testCaseContext.getTestCaseStatus()): FAILED

22-10-2024T09:06:36 - [MESSAGE][INFO] - FAILED

22-10-2024T09:06:36 - [TEST_STEP][PASSED] - responseQA = getTestCaseVariables().get("responseQA"): null

22-10-2024T09:06:36 - [TEST_STEP][PASSED] - responseQAMIG = getTestCaseVariables().get("responseQAMIG"): null

22-10-2024T09:06:36 - [TEST_STEP][PASSED] - sortedQA = getTestCaseVariables().get("sortedRecordsQA"): null

22-10-2024T09:06:36 - [TEST_STEP][PASSED] - sortedQAMIG = getTestCaseVariables().get("sortedRecordsQAMIG"): null

22-10-2024T09:06:36 - [TEST_STEP][PASSED] - reporting.ExtentReporting.logStringData("URL_QA", getTestCaseVariables().get("URL_QA")): reporting.ExtentReporting.logStringData is PASSED

22-10-2024T09:06:36 - [MESSAGE][PASSED] - reporting.ExtentReporting.logStringData is PASSED

22-10-2024T09:06:36 - [TEST_STEP][PASSED] - reporting.ExtentReporting.logStringData("URL_QAMIG", getTestCaseVariables().get("URL_QAMIG")): reporting.ExtentReporting.logStringData is PASSED

22-10-2024T09:06:36 - [MESSAGE][PASSED] - reporting.ExtentReporting.logStringData is PASSED

22-10-2024T09:06:36 - [TEST_STEP][PASSED] - reporting.ExtentReporting.logJSONData("QA Response", responseQA): reporting.ExtentReporting.logJSONData is PASSED

22-10-2024T09:06:36 - [MESSAGE][PASSED] - reporting.ExtentReporting.logJSONData is PASSED

22-10-2024T09:06:36 - [TEST_STEP][PASSED] - reporting.ExtentReporting.logJSONData("QAMIG Response", responseQAMIG): reporting.ExtentReporting.logJSONData is PASSED

22-10-2024T09:06:36 - [MESSAGE][PASSED] - reporting.ExtentReporting.logJSONData is PASSED

22-10-2024T09:06:36 - [TEST_STEP][FAILED] - if (getTestCaseStatus().equals("FAILED")): null

22-10-2024T09:06:36 - [TEST_STEP][PASSED] - responseQAValue = getTestCaseVariables().get("responseQA"): null

22-10-2024T09:06:36 - [TEST_STEP][FAILED] - markFailed(getTestCaseVariables().get("URL_QA")): https://gateway-gateway.apps.qa.okd4.nfe.projects.nonprod.itd.farelogix.com/api/tip-management/providers/686965676867

22-10-2024T09:06:36 - [MESSAGE][FAILED] - https://gateway-gateway.apps.qa.okd4.nfe.projects.nonprod.itd.farelogix.com/api/tip-management/providers/686965676867

22-10-2024T09:06:36 - [TEST_STEP][FAILED] - markFailed(responseQAValue): 

22-10-2024T09:06:36 - [MESSAGE][FAILED] - 

22-10-2024T09:06:36 - [TEST_STEP][PASSED] - responseQAMIGValue = getTestCaseVariables().get("responseQAMIG"): null

22-10-2024T09:06:36 - [TEST_STEP][FAILED] - markFailed(getTestCaseVariables().get("URL_QAMIG")): 

22-10-2024T09:06:36 - [MESSAGE][FAILED] - 

22-10-2024T09:06:36 - [TEST_STEP][FAILED] - markFailed(responseQAMIGValue): 

22-10-2024T09:06:36 - [MESSAGE][FAILED] - 

22-10-2024T09:06:36 - [TEST_STEP][PASSED] - recordsQA = getTestCaseVariables().get("sortedRecordsQA"): null

22-10-2024T09:06:36 - [TEST_STEP][FAILED] - markFailed(recordsQA): 

22-10-2024T09:06:36 - [MESSAGE][FAILED] - 

22-10-2024T09:06:36 - [TEST_STEP][PASSED] - recordsQAMIG = getTestCaseVariables().get("sortedRecordsQAMIG"): null

22-10-2024T09:06:36 - [TEST_STEP][FAILED] - markFailed(recordsQAMIG): 

22-10-2024T09:06:36 - [MESSAGE][FAILED] - 

22-10-2024T09:06:36 - [TEST_STEP][PASSED] - missingIDsList = getTestCaseVariables().get("missing_IDs"): null

22-10-2024T09:06:36 - [TEST_STEP][PASSED] - missingIDsList.each({ java.lang.Object id -> ... }): null

22-10-2024T09:06:36 - [TEST_STEP][PASSED] - fieldsToBeIgnoredList = getTestCaseVariables().get("fieldsToBeIgnoredList"): null

22-10-2024T09:06:36 - [TEST_STEP][PASSED] - fieldsToBeIgnoredList.each({ java.lang.Object fieldName -> ... }): null

22-10-2024T09:06:36 - [TEST_STEP][PASSED] - uniqueKey = getTestCaseVariables().get("keyToSort"): null

22-10-2024T09:06:36 - [TEST_STEP][PASSED] - failedList = getTestCaseVariables().get("failedList"): null

22-10-2024T09:06:36 - [TEST_STEP][FAILED] - markFailed("failedList.size() " + failedList.size()): failedList.size() 0

22-10-2024T09:06:36 - [MESSAGE][FAILED] - failedList.size() 0

22-10-2024T09:06:36 - [TEST_STEP][PASSED] - hashMapF1 = new java.util.HashMap(): null

22-10-2024T09:06:36 - [TEST_STEP][PASSED] - hashMapF2 = new java.util.HashMap(): null

22-10-2024T09:06:36 - [TEST_STEP][PASSED] - failedList.forEach({ java.lang.Object failedF -> ... }): null

22-10-2024T09:06:36 - [TEST_STEP][PASSED] - keySet().forEach({ java.lang.Object key -> ... }): null

22-10-2024T09:06:36 - [TEST_STEP][PASSED] - hashMapFEx1 = new java.util.HashMap(): null

22-10-2024T09:06:36 - [TEST_STEP][PASSED] - hashMapFEx2 = new java.util.HashMap(): null

22-10-2024T09:06:36 - [TEST_STEP][PASSED] - failedList.forEach({ java.lang.Object failedF -> ... }): null

22-10-2024T09:06:36 - [TEST_STEP][PASSED] - keySet().forEach({ java.lang.Object key -> ... }): null

22-10-2024T09:06:36 - [TEST_STEP][PASSED] - missingList = getTestCaseVariables().get("missingList"): null

22-10-2024T09:06:36 - [TEST_STEP][FAILED] - markFailed("missingList.size() " + missingList.size()): missingList.size() 0

22-10-2024T09:06:36 - [MESSAGE][FAILED] - missingList.size() 0

22-10-2024T09:06:36 - [TEST_STEP][PASSED] - hashMapM = new java.util.HashMap(): null

22-10-2024T09:06:36 - [TEST_STEP][PASSED] - missingAll = new java.util.LinkedHashMap(): null

22-10-2024T09:06:36 - [TEST_STEP][PASSED] - c = 0: null

22-10-2024T09:06:36 - [TEST_STEP][PASSED] - if (missingList.size() > 0): null

22-10-2024T09:06:36 - [TEST_STEP][FAILED] - markFailed("Missing from QAMIG size -> " + hashMapM.size()): Missing from QAMIG size -> 0

22-10-2024T09:06:36 - [MESSAGE][FAILED] - Missing from QAMIG size -> 0

22-10-2024T09:06:36 - [TEST_STEP][FAILED] - markFailed("Missing from QAMIG -> " + hashMapM): Missing from QAMIG -> [:]

22-10-2024T09:06:36 - [MESSAGE][FAILED] - Missing from QAMIG -> [:]

22-10-2024T09:06:36 - [TEST_STEP][PASSED] - if (hashMapM.size() > 0): null

22-10-2024T09:06:36 - [TEST_STEP][PASSED] - unexpectedList = getTestCaseVariables().get("unexpectedList"): null

22-10-2024T09:06:36 - [TEST_STEP][FAILED] - markFailed("unexpectedList.size() " + unexpectedList.size()): unexpectedList.size() 0

22-10-2024T09:06:36 - [MESSAGE][FAILED] - unexpectedList.size() 0

22-10-2024T09:06:36 - [TEST_STEP][PASSED] - hashMapU = new java.util.HashMap(): null

22-10-2024T09:06:36 - [TEST_STEP][PASSED] - if (unexpectedList.size() > 0): null

22-10-2024T09:06:36 - [TEST_STEP][FAILED] - markFailed("Missing from QA size -> " + hashMapU.size()): Missing from QA size -> 0

22-10-2024T09:06:36 - [MESSAGE][FAILED] - Missing from QA size -> 0

22-10-2024T09:06:36 - [TEST_STEP][FAILED] - markFailed("Missing from QA -> " + hashMapU): Missing from QA -> [:]

22-10-2024T09:06:36 - [MESSAGE][FAILED] - Missing from QA -> [:]

22-10-2024T09:06:36 - [TEST_STEP][PASSED] - missing_IDs = getTestCaseVariables().get("missing_IDs"): null

22-10-2024T09:06:36 - [TEST_STEP][PASSED] - if (missing_IDs.size() > 0): null

22-10-2024T09:06:36 - [TEST_STEP][PASSED] - reporting.ExtentReporting.testStatus("FAIL", testCaseContext.getMessage()): reporting.ExtentReporting.testStatus is PASSED

22-10-2024T09:06:36 - [MESSAGE][PASSED] - reporting.ExtentReporting.testStatus is PASSED

22-10-2024T09:06:36 - [TEST_STEP][PASSED] - if (extentFlag.equals("y")): Invoke 'com.kms.katalon.core.annotation.AfterTestCase' method: 'TestListener.afterTestCase(...)' completed.

22-10-2024T09:06:36 - [TEST_STEP][PASSED] - reporting.ExtentReporting.endTest(): Invoke 'com.kms.katalon.core.annotation.AfterTestCase' method: 'TestListener.afterTestCase(...)' completed.

22-10-2024T09:06:36 - [MESSAGE][PASSED] - reporting.ExtentReporting.endTest is PASSED

22-10-2024T09:06:36 - [MESSAGE][INFO] - Invoke 'com.kms.katalon.core.annotation.AfterTestCase' method: 'TestListener.afterTestCase(...)' completed.]]></system-out>
         <system-err><![CDATA[22-10-2024T09:06:33 - [TEST_CASE][FAILED] - Test Cases/TIP_Management/provider/FCA-15703_TIP Management - GET TIP Provider by Id: Test Cases/TIP_Management/provider/FCA-15703_TIP Management - GET TIP Provider by Id FAILED.
Reason:
com.kms.katalon.core.exception.StepFailedException: Expected status code is '200' but actual status code is '403'
	at com.kms.katalon.core.keyword.internal.KeywordMain.stepFailed(KeywordMain.groovy:51)
	at com.kms.katalon.core.webservice.keyword.builtin.VerifyResponseStatusCodeKeyword.verifyStatusCode(VerifyResponseStatusCodeKeyword.groovy:52)
	at com.kms.katalon.core.webservice.keyword.builtin.VerifyResponseStatusCodeKeyword.access$0(VerifyResponseStatusCodeKeyword.groovy)
	at com.kms.katalon.core.webservice.keyword.builtin.VerifyResponseStatusCodeKeyword$_verifyResponseStatusCode_closure1.doCall(VerifyResponseStatusCodeKeyword.groovy:42)
	at com.kms.katalon.core.webservice.keyword.builtin.VerifyResponseStatusCodeKeyword$_verifyResponseStatusCode_closure1.call(VerifyResponseStatusCodeKeyword.groovy)
	at com.kms.katalon.core.keyword.internal.KeywordMain.runKeyword(KeywordMain.groovy:75)
	at com.kms.katalon.core.webservice.keyword.builtin.VerifyResponseStatusCodeKeyword.verifyResponseStatusCode(VerifyResponseStatusCodeKeyword.groovy:37)
	at com.kms.katalon.core.webservice.keyword.builtin.VerifyResponseStatusCodeKeyword.execute(VerifyResponseStatusCodeKeyword.groovy:32)
	at com.kms.katalon.core.keyword.internal.KeywordExecutor.executeKeywordForPlatform(KeywordExecutor.groovy:74)
	at com.kms.katalon.core.webservice.keyword.WSBuiltInKeywords.verifyResponseStatusCode(WSBuiltInKeywords.groovy:345)
	at FCA-15703_TIP Management - GET TIP Provider by Id.run(FCA-15703_TIP Management - GET TIP Provider by Id:59)
	at com.kms.katalon.core.main.ScriptEngine.run(ScriptEngine.java:194)
	at com.kms.katalon.core.main.ScriptEngine.runScriptAsRawText(ScriptEngine.java:119)
	at com.kms.katalon.core.main.TestCaseExecutor.runScript(TestCaseExecutor.java:448)
	at com.kms.katalon.core.main.TestCaseExecutor.doExecute(TestCaseExecutor.java:439)
	at com.kms.katalon.core.main.TestCaseExecutor.processExecutionPhase(TestCaseExecutor.java:418)
	at com.kms.katalon.core.main.TestCaseExecutor.accessMainPhase(TestCaseExecutor.java:410)
	at com.kms.katalon.core.main.TestCaseExecutor.execute(TestCaseExecutor.java:285)
	at com.kms.katalon.core.common.CommonExecutor.accessTestCaseMainPhase(CommonExecutor.java:65)
	at com.kms.katalon.core.main.TestSuiteExecutor.accessTestSuiteMainPhase(TestSuiteExecutor.java:150)
	at com.kms.katalon.core.main.TestSuiteExecutor.execute(TestSuiteExecutor.java:106)
	at com.kms.katalon.core.main.TestCaseMain.startTestSuite(TestCaseMain.java:180)
	at TempTestSuite1729568174753.run(TempTestSuite1729568174753.groovy:35)
	at java.base/jdk.internal.reflect.NativeMethodAccessorImpl.invoke0(Native Method)
	at java.base/jdk.internal.reflect.NativeMethodAccessorImpl.invoke(NativeMethodAccessorImpl.java:77)
	at java.base/jdk.internal.reflect.DelegatingMethodAccessorImpl.invoke(DelegatingMethodAccessorImpl.java:43)]]></system-err>
      </testcase>
      <system-out><![CDATA[22-10-2024T09:06:21 - [TEST_SUITE][FAILED] - providers: Test Cases/TIP_Management/provider/FCA-15702_TIP Management - GET TIP Providers FAILED.
Reason:
com.kms.katalon.core.exception.StepFailedException: Expected status code is '200' but actual status code is '403'
	at com.kms.katalon.core.keyword.internal.KeywordMain.stepFailed(KeywordMain.groovy:51)
	at com.kms.katalon.core.webservice.keyword.builtin.VerifyResponseStatusCodeKeyword.verifyStatusCode(VerifyResponseStatusCodeKeyword.groovy:52)
	at com.kms.katalon.core.webservice.keyword.builtin.VerifyResponseStatusCodeKeyword.access$0(VerifyResponseStatusCodeKeyword.groovy)
	at com.kms.katalon.core.webservice.keyword.builtin.VerifyResponseStatusCodeKeyword$_verifyResponseStatusCode_closure1.doCall(VerifyResponseStatusCodeKeyword.groovy:42)
	at com.kms.katalon.core.webservice.keyword.builtin.VerifyResponseStatusCodeKeyword$_verifyResponseStatusCode_closure1.call(VerifyResponseStatusCodeKeyword.groovy)
	at com.kms.katalon.core.keyword.internal.KeywordMain.runKeyword(KeywordMain.groovy:75)
	at com.kms.katalon.core.webservice.keyword.builtin.VerifyResponseStatusCodeKeyword.verifyResponseStatusCode(VerifyResponseStatusCodeKeyword.groovy:37)
	at com.kms.katalon.core.webservice.keyword.builtin.VerifyResponseStatusCodeKeyword.execute(VerifyResponseStatusCodeKeyword.groovy:32)
	at com.kms.katalon.core.keyword.internal.KeywordExecutor.executeKeywordForPlatform(KeywordExecutor.groovy:74)
	at com.kms.katalon.core.webservice.keyword.WSBuiltInKeywords.verifyResponseStatusCode(WSBuiltInKeywords.groovy:345)
	at FCA-15702_TIP Management - GET TIP Providers.run(FCA-15702_TIP Management - GET TIP Providers:59)
	at com.kms.katalon.core.main.ScriptEngine.run(ScriptEngine.java:194)
	at com.kms.katalon.core.main.ScriptEngine.runScriptAsRawText(ScriptEngine.java:119)
	at com.kms.katalon.core.main.TestCaseExecutor.runScript(TestCaseExecutor.java:448)
	at com.kms.katalon.core.main.TestCaseExecutor.doExecute(TestCaseExecutor.java:439)
	at com.kms.katalon.core.main.TestCaseExecutor.processExecutionPhase(TestCaseExecutor.java:418)
	at com.kms.katalon.core.main.TestCaseExecutor.accessMainPhase(TestCaseExecutor.java:410)
	at com.kms.katalon.core.main.TestCaseExecutor.execute(TestCaseExecutor.java:285)
	at com.kms.katalon.core.common.CommonExecutor.accessTestCaseMainPhase(CommonExecutor.java:65)
	at com.kms.katalon.core.main.TestSuiteExecutor.accessTestSuiteMainPhase(TestSuiteExecutor.java:150)
	at com.kms.katalon.core.main.TestSuiteExecutor.execute(TestSuiteExecutor.java:106)
	at com.kms.katalon.core.main.TestCaseMain.startTestSuite(TestCaseMain.java:180)
	at TempTestSuite1729568174753.run(TempTestSuite1729568174753.groovy:35)
	at java.base/jdk.internal.reflect.NativeMethodAccessorImpl.invoke0(Native Method)
	at java.base/jdk.internal.reflect.NativeMethodAccessorImpl.invoke(NativeMethodAccessorImpl.java:77)
	at java.base/jdk.internal.reflect.DelegatingMethodAccessorImpl.invoke(DelegatingMethodAccessorImpl.java:43)]]></system-out>
      <system-err><![CDATA[22-10-2024T09:06:21 - [TEST_SUITE][FAILED] - providers: Test Cases/TIP_Management/provider/FCA-15702_TIP Management - GET TIP Providers FAILED.
Reason:
com.kms.katalon.core.exception.StepFailedException: Expected status code is '200' but actual status code is '403'
	at com.kms.katalon.core.keyword.internal.KeywordMain.stepFailed(KeywordMain.groovy:51)
	at com.kms.katalon.core.webservice.keyword.builtin.VerifyResponseStatusCodeKeyword.verifyStatusCode(VerifyResponseStatusCodeKeyword.groovy:52)
	at com.kms.katalon.core.webservice.keyword.builtin.VerifyResponseStatusCodeKeyword.access$0(VerifyResponseStatusCodeKeyword.groovy)
	at com.kms.katalon.core.webservice.keyword.builtin.VerifyResponseStatusCodeKeyword$_verifyResponseStatusCode_closure1.doCall(VerifyResponseStatusCodeKeyword.groovy:42)
	at com.kms.katalon.core.webservice.keyword.builtin.VerifyResponseStatusCodeKeyword$_verifyResponseStatusCode_closure1.call(VerifyResponseStatusCodeKeyword.groovy)
	at com.kms.katalon.core.keyword.internal.KeywordMain.runKeyword(KeywordMain.groovy:75)
	at com.kms.katalon.core.webservice.keyword.builtin.VerifyResponseStatusCodeKeyword.verifyResponseStatusCode(VerifyResponseStatusCodeKeyword.groovy:37)
	at com.kms.katalon.core.webservice.keyword.builtin.VerifyResponseStatusCodeKeyword.execute(VerifyResponseStatusCodeKeyword.groovy:32)
	at com.kms.katalon.core.keyword.internal.KeywordExecutor.executeKeywordForPlatform(KeywordExecutor.groovy:74)
	at com.kms.katalon.core.webservice.keyword.WSBuiltInKeywords.verifyResponseStatusCode(WSBuiltInKeywords.groovy:345)
	at FCA-15702_TIP Management - GET TIP Providers.run(FCA-15702_TIP Management - GET TIP Providers:59)
	at com.kms.katalon.core.main.ScriptEngine.run(ScriptEngine.java:194)
	at com.kms.katalon.core.main.ScriptEngine.runScriptAsRawText(ScriptEngine.java:119)
	at com.kms.katalon.core.main.TestCaseExecutor.runScript(TestCaseExecutor.java:448)
	at com.kms.katalon.core.main.TestCaseExecutor.doExecute(TestCaseExecutor.java:439)
	at com.kms.katalon.core.main.TestCaseExecutor.processExecutionPhase(TestCaseExecutor.java:418)
	at com.kms.katalon.core.main.TestCaseExecutor.accessMainPhase(TestCaseExecutor.java:410)
	at com.kms.katalon.core.main.TestCaseExecutor.execute(TestCaseExecutor.java:285)
	at com.kms.katalon.core.common.CommonExecutor.accessTestCaseMainPhase(CommonExecutor.java:65)
	at com.kms.katalon.core.main.TestSuiteExecutor.accessTestSuiteMainPhase(TestSuiteExecutor.java:150)
	at com.kms.katalon.core.main.TestSuiteExecutor.execute(TestSuiteExecutor.java:106)
	at com.kms.katalon.core.main.TestCaseMain.startTestSuite(TestCaseMain.java:180)
	at TempTestSuite1729568174753.run(TempTestSuite1729568174753.groovy:35)
	at java.base/jdk.internal.reflect.NativeMethodAccessorImpl.invoke0(Native Method)
	at java.base/jdk.internal.reflect.NativeMethodAccessorImpl.invoke(NativeMethodAccessorImpl.java:77)
	at java.base/jdk.internal.reflect.DelegatingMethodAccessorImpl.invoke(DelegatingMethodAccessorImpl.java:43)]]></system-err>
   </testsuite>
</testsuites>
